[0mLibrary Linking..........[0m
In file included from [01m[K/opt/Inuitive/InuDev/include/BaseStream.h:13[m[K,
                 from [01m[K/opt/Inuitive/InuDev/include/BaseOutputStream.h:13[m[K,
                 from [01m[K/opt/Inuitive/InuDev/include/InuSensor.h:15[m[K,
                 from [01m[K/home/everybot/bt_ws/homecare_robot_core_2026/src/hw/src/inusensor_ros2_driver/include/inusensor_ros2_driver/inusensor_manager.hpp:4[m[K,
                 from [01m[K/home/everybot/bt_ws/homecare_robot_core_2026/src/hw/src/inusensor_ros2_driver/src/inusensor_manager.cpp:1[m[K:
[01m[K/opt/Inuitive/InuDev/include/BaseFrame.h:[m[K In constructor ‘[01m[KInuDev::CBaseFrame::CBaseFrame(uint64_t, unsigned int, unsigned int, bool, std::string)[m[K’:
[01m[K/opt/Inuitive/InuDev/include/BaseFrame.h:145:25:[m[K [01;35m[Kwarning: [m[Kunused parameter ‘[01m[KiUserID[m[K’ [[01;35m[K-Wunused-parameter[m[K]
  145 |             [01;35m[Kstd::string iUserID = std::string()[m[K) :
      |             [01;35m[K~~~~~~~~~~~~^~~~~~~~~~~~~~~~~~~~~~~[m[K
In file included from [01m[K/opt/Inuitive/InuDev/include/HwInformation.h:13[m[K,
                 from [01m[K/opt/Inuitive/InuDev/include/InuSensor.h:18[m[K,
                 from [01m[K/home/everybot/bt_ws/homecare_robot_core_2026/src/hw/src/inusensor_ros2_driver/include/inusensor_ros2_driver/inusensor_manager.hpp:4[m[K,
                 from [01m[K/home/everybot/bt_ws/homecare_robot_core_2026/src/hw/src/inusensor_ros2_driver/src/inusensor_manager.cpp:1[m[K:
[01m[K/opt/Inuitive/InuDev/include/GeneralFrame.h:[m[K At global scope:
[01m[K/opt/Inuitive/InuDev/include/GeneralFrame.h:56:24:[m[K [01;35m[Kwarning: [m[Ktype qualifiers ignored on function return type [[01;35m[K-Wignored-qualifiers[m[K]
   56 |         INUSTREAMS_API [01;35m[KInuDev[m[K::byte* const GetData() const { return mData; }
      |                        [01;35m[K^~~~~~[m[K
In file included from [01m[K/opt/Inuitive/InuDev/include/DepthStream.h:14[m[K,
                 from [01m[K/home/everybot/bt_ws/homecare_robot_core_2026/src/hw/src/inusensor_ros2_driver/include/inusensor_ros2_driver/inusensor_manager.hpp:6[m[K,
                 from [01m[K/home/everybot/bt_ws/homecare_robot_core_2026/src/hw/src/inusensor_ros2_driver/src/inusensor_manager.cpp:1[m[K:
[01m[K/opt/Inuitive/InuDev/include/ImageFrame.h:159:9:[m[K [01;35m[Kwarning: [m[Ktype qualifiers ignored on function return type [[01;35m[K-Wignored-qualifiers[m[K]
  159 |         [01;35m[Kconst[m[K uint64_t GetReadoutTime() const { return mReadoutTime; }
      |         [01;35m[K^~~~~[m[K
In file included from [01m[K/opt/Inuitive/InuDev/include/BaseStream.h:13[m[K,
                 from [01m[K/opt/Inuitive/InuDev/include/BaseOutputStream.h:13[m[K,
                 from [01m[K/opt/Inuitive/InuDev/include/InuSensor.h:15[m[K,
                 from [01m[K/home/everybot/bt_ws/homecare_robot_core_2026/src/hw/src/inusensor_ros2_driver/include/inusensor_ros2_driver/inusensor_manager.hpp:4[m[K,
                 from [01m[K/home/everybot/bt_ws/homecare_robot_core_2026/src/hw/src/inusensor_ros2_driver/include/inusensor_ros2_driver/inusensor_node.hpp:18[m[K,
                 from [01m[K/home/everybot/bt_ws/homecare_robot_core_2026/src/hw/src/inusensor_ros2_driver/src/inusensor_node.cpp:1[m[K:
[01m[K/opt/Inuitive/InuDev/include/BaseFrame.h:[m[K In constructor ‘[01m[KInuDev::CBaseFrame::CBaseFrame(uint64_t, unsigned int, unsigned int, bool, std::string)[m[K’:
[01m[K/opt/Inuitive/InuDev/include/BaseFrame.h:145:25:[m[K [01;35m[Kwarning: [m[Kunused parameter ‘[01m[KiUserID[m[K’ [[01;35m[K-Wunused-parameter[m[K]
  145 |             [01;35m[Kstd::string iUserID = std::string()[m[K) :
      |             [01;35m[K~~~~~~~~~~~~^~~~~~~~~~~~~~~~~~~~~~~[m[K
In file included from [01m[K/opt/Inuitive/InuDev/include/BaseStream.h:13[m[K,
                 from [01m[K/opt/Inuitive/InuDev/include/BaseOutputStream.h:13[m[K,
                 from [01m[K/opt/Inuitive/InuDev/include/InuSensor.h:15[m[K,
                 from [01m[K/home/everybot/bt_ws/homecare_robot_core_2026/src/hw/src/inusensor_ros2_driver/include/inusensor_ros2_driver/inusensor_manager.hpp:4[m[K,
                 from [01m[K/home/everybot/bt_ws/homecare_robot_core_2026/src/hw/src/inusensor_ros2_driver/include/inusensor_ros2_driver/inusensor_node.hpp:18[m[K,
                 from [01m[K/home/everybot/bt_ws/homecare_robot_core_2026/src/hw/src/inusensor_ros2_driver/src/main.cpp:2[m[K:
[01m[K/opt/Inuitive/InuDev/include/BaseFrame.h:[m[K In constructor ‘[01m[KInuDev::CBaseFrame::CBaseFrame(uint64_t, unsigned int, unsigned int, bool, std::string)[m[K’:
[01m[K/opt/Inuitive/InuDev/include/BaseFrame.h:145:25:[m[K [01;35m[Kwarning: [m[Kunused parameter ‘[01m[KiUserID[m[K’ [[01;35m[K-Wunused-parameter[m[K]
  145 |             [01;35m[Kstd::string iUserID = std::string()[m[K) :
      |             [01;35m[K~~~~~~~~~~~~^~~~~~~~~~~~~~~~~~~~~~~[m[K
In file included from [01m[K/opt/Inuitive/InuDev/include/HwInformation.h:13[m[K,
                 from [01m[K/opt/Inuitive/InuDev/include/InuSensor.h:18[m[K,
                 from [01m[K/home/everybot/bt_ws/homecare_robot_core_2026/src/hw/src/inusensor_ros2_driver/include/inusensor_ros2_driver/inusensor_manager.hpp:4[m[K,
                 from [01m[K/home/everybot/bt_ws/homecare_robot_core_2026/src/hw/src/inusensor_ros2_driver/include/inusensor_ros2_driver/inusensor_node.hpp:18[m[K,
                 from [01m[K/home/everybot/bt_ws/homecare_robot_core_2026/src/hw/src/inusensor_ros2_driver/src/inusensor_node.cpp:1[m[K:
[01m[K/opt/Inuitive/InuDev/include/GeneralFrame.h:[m[K At global scope:
[01m[K/opt/Inuitive/InuDev/include/GeneralFrame.h:56:24:[m[K [01;35m[Kwarning: [m[Ktype qualifiers ignored on function return type [[01;35m[K-Wignored-qualifiers[m[K]
   56 |         INUSTREAMS_API [01;35m[KInuDev[m[K::byte* const GetData() const { return mData; }
      |                        [01;35m[K^~~~~~[m[K
In file included from [01m[K/opt/Inuitive/InuDev/include/HwInformation.h:13[m[K,
                 from [01m[K/opt/Inuitive/InuDev/include/InuSensor.h:18[m[K,
                 from [01m[K/home/everybot/bt_ws/homecare_robot_core_2026/src/hw/src/inusensor_ros2_driver/include/inusensor_ros2_driver/inusensor_manager.hpp:4[m[K,
                 from [01m[K/home/everybot/bt_ws/homecare_robot_core_2026/src/hw/src/inusensor_ros2_driver/include/inusensor_ros2_driver/inusensor_node.hpp:18[m[K,
                 from [01m[K/home/everybot/bt_ws/homecare_robot_core_2026/src/hw/src/inusensor_ros2_driver/src/main.cpp:2[m[K:
[01m[K/opt/Inuitive/InuDev/include/GeneralFrame.h:[m[K At global scope:
[01m[K/opt/Inuitive/InuDev/include/GeneralFrame.h:56:24:[m[K [01;35m[Kwarning: [m[Ktype qualifiers ignored on function return type [[01;35m[K-Wignored-qualifiers[m[K]
   56 |         INUSTREAMS_API [01;35m[KInuDev[m[K::byte* const GetData() const { return mData; }
      |                        [01;35m[K^~~~~~[m[K
In file included from [01m[K/opt/Inuitive/InuDev/include/DepthStream.h:14[m[K,
                 from [01m[K/home/everybot/bt_ws/homecare_robot_core_2026/src/hw/src/inusensor_ros2_driver/include/inusensor_ros2_driver/inusensor_manager.hpp:6[m[K,
                 from [01m[K/home/everybot/bt_ws/homecare_robot_core_2026/src/hw/src/inusensor_ros2_driver/include/inusensor_ros2_driver/inusensor_node.hpp:18[m[K,
                 from [01m[K/home/everybot/bt_ws/homecare_robot_core_2026/src/hw/src/inusensor_ros2_driver/src/inusensor_node.cpp:1[m[K:
[01m[K/opt/Inuitive/InuDev/include/ImageFrame.h:159:9:[m[K [01;35m[Kwarning: [m[Ktype qualifiers ignored on function return type [[01;35m[K-Wignored-qualifiers[m[K]
  159 |         [01;35m[Kconst[m[K uint64_t GetReadoutTime() const { return mReadoutTime; }
      |         [01;35m[K^~~~~[m[K
In file included from [01m[K/opt/Inuitive/InuDev/include/DepthStream.h:14[m[K,
                 from [01m[K/home/everybot/bt_ws/homecare_robot_core_2026/src/hw/src/inusensor_ros2_driver/include/inusensor_ros2_driver/inusensor_manager.hpp:6[m[K,
                 from [01m[K/home/everybot/bt_ws/homecare_robot_core_2026/src/hw/src/inusensor_ros2_driver/include/inusensor_ros2_driver/inusensor_node.hpp:18[m[K,
                 from [01m[K/home/everybot/bt_ws/homecare_robot_core_2026/src/hw/src/inusensor_ros2_driver/src/main.cpp:2[m[K:
[01m[K/opt/Inuitive/InuDev/include/ImageFrame.h:159:9:[m[K [01;35m[Kwarning: [m[Ktype qualifiers ignored on function return type [[01;35m[K-Wignored-qualifiers[m[K]
  159 |         [01;35m[Kconst[m[K uint64_t GetReadoutTime() const { return mReadoutTime; }
      |         [01;35m[K^~~~~[m[K
In file included from [01m[K/opt/ros/humble/include/rclcpp/rclcpp/logging.hpp:24[m[K,
                 from [01m[K/opt/ros/humble/include/rclcpp/rclcpp/client.hpp:40[m[K,
                 from [01m[K/opt/ros/humble/include/rclcpp/rclcpp/callback_group.hpp:24[m[K,
                 from [01m[K/opt/ros/humble/include/rclcpp/rclcpp/any_executable.hpp:20[m[K,
                 from [01m[K/opt/ros/humble/include/rclcpp/rclcpp/memory_strategy.hpp:25[m[K,
                 from [01m[K/opt/ros/humble/include/rclcpp/rclcpp/memory_strategies.hpp:18[m[K,
                 from [01m[K/opt/ros/humble/include/rclcpp/rclcpp/executor_options.hpp:20[m[K,
                 from [01m[K/opt/ros/humble/include/rclcpp/rclcpp/executor.hpp:37[m[K,
                 from [01m[K/opt/ros/humble/include/rclcpp/rclcpp/executors/multi_threaded_executor.hpp:25[m[K,
                 from [01m[K/opt/ros/humble/include/rclcpp/rclcpp/executors.hpp:21[m[K,
                 from [01m[K/opt/ros/humble/include/rclcpp/rclcpp/rclcpp.hpp:155[m[K,
                 from [01m[K/home/everybot/bt_ws/homecare_robot_core_2026/src/hw/src/inusensor_ros2_driver/include/inusensor_ros2_driver/inusensor_node.hpp:4[m[K,
                 from [01m[K/home/everybot/bt_ws/homecare_robot_core_2026/src/hw/src/inusensor_ros2_driver/src/inusensor_node.cpp:1[m[K:
[01m[K/home/everybot/bt_ws/homecare_robot_core_2026/src/hw/src/inusensor_ros2_driver/src/inusensor_node.cpp:[m[K In member function ‘[01m[Kvoid inusensor_ros2_driver::InuSensorNode::onDepthFrameReceived(std::shared_ptr<InuDev::CDepthStream>, std::shared_ptr<const InuDev::CImageFrame>, InuDev::CInuError)[m[K’:
[01m[K/home/everybot/bt_ws/homecare_robot_core_2026/src/hw/src/inusensor_ros2_driver/src/inusensor_node.cpp:838:30:[m[K [01;35m[Kwarning: [m[Kformat ‘[01m[K%lu[m[K’ expects argument of type ‘[01m[Klong unsigned int[m[K’, but argument 5 has type ‘[01m[Kunsigned int[m[K’ [[01;35m[K-Wformat=[m[K]
  838 |                              [01;35m[K"Invalid depth frame %lu received from SDK"[m[K, [32m[Kframe->FrameIndex[m[K);
      |                              [01;35m[K^~~~~~~~~~~~~~~~~~~~~~~~~~~~~~~~~~~~~~~~~~~[m[K  [32m[K~~~~~~~~~~~~~~~~~[m[K
      |                                                                                  [32m[K|[m[K
      |                                                                                  [32m[Kunsigned int[m[K
[01m[K/home/everybot/bt_ws/homecare_robot_core_2026/src/hw/src/inusensor_ros2_driver/src/inusensor_node.cpp:838:53:[m[K [01;36m[Knote: [m[Kformat string is defined here
  838 |                              "Invalid depth frame [01;36m[K%lu[m[K received from SDK", frame->FrameIndex);
      |                                                   [01;36m[K~~^[m[K
      |                                                     [01;36m[K|[m[K
      |                                                     [01;36m[Klong unsigned int[m[K
      |                                                   [32m[K%u[m[K
[01m[K/home/everybot/bt_ws/homecare_robot_core_2026/src/hw/src/inusensor_ros2_driver/src/inusensor_node.cpp:819:80:[m[K [01;35m[Kwarning: [m[Kunused parameter ‘[01m[Kstream[m[K’ [[01;35m[K-Wunused-parameter[m[K]
  819 | void InuSensorNode::onDepthFrameReceived([01;35m[Kstd::shared_ptr<InuDev::CDepthStream> stream[m[K,
      |                                          [01;35m[K~~~~~~~~~~~~~~~~~~~~~~~~~~~~~~~~~~~~~~^~~~~~[m[K
In file included from [01m[K/opt/ros/humble/include/rclcpp/rclcpp/logging.hpp:24[m[K,
                 from [01m[K/opt/ros/humble/include/rclcpp/rclcpp/client.hpp:40[m[K,
                 from [01m[K/opt/ros/humble/include/rclcpp/rclcpp/callback_group.hpp:24[m[K,
                 from [01m[K/opt/ros/humble/include/rclcpp/rclcpp/any_executable.hpp:20[m[K,
                 from [01m[K/opt/ros/humble/include/rclcpp/rclcpp/memory_strategy.hpp:25[m[K,
                 from [01m[K/opt/ros/humble/include/rclcpp/rclcpp/memory_strategies.hpp:18[m[K,
                 from [01m[K/opt/ros/humble/include/rclcpp/rclcpp/executor_options.hpp:20[m[K,
                 from [01m[K/opt/ros/humble/include/rclcpp/rclcpp/executor.hpp:37[m[K,
                 from [01m[K/opt/ros/humble/include/rclcpp/rclcpp/executors/multi_threaded_executor.hpp:25[m[K,
                 from [01m[K/opt/ros/humble/include/rclcpp/rclcpp/executors.hpp:21[m[K,
                 from [01m[K/opt/ros/humble/include/rclcpp/rclcpp/rclcpp.hpp:155[m[K,
                 from [01m[K/home/everybot/bt_ws/homecare_robot_core_2026/src/hw/src/inusensor_ros2_driver/include/inusensor_ros2_driver/inusensor_node.hpp:4[m[K,
                 from [01m[K/home/everybot/bt_ws/homecare_robot_core_2026/src/hw/src/inusensor_ros2_driver/src/inusensor_node.cpp:1[m[K:
[01m[K/home/everybot/bt_ws/homecare_robot_core_2026/src/hw/src/inusensor_ros2_driver/src/inusensor_node.cpp:[m[K In member function ‘[01m[Kvoid inusensor_ros2_driver::InuSensorNode::onRGBFrameReceived(std::shared_ptr<InuDev::CImageStream>, std::shared_ptr<const InuDev::CImageFrame>, InuDev::CInuError)[m[K’:
[01m[K/home/everybot/bt_ws/homecare_robot_core_2026/src/hw/src/inusensor_ros2_driver/src/inusensor_node.cpp:893:30:[m[K [01;35m[Kwarning: [m[Kformat ‘[01m[K%lu[m[K’ expects argument of type ‘[01m[Klong unsigned int[m[K’, but argument 5 has type ‘[01m[Kunsigned int[m[K’ [[01;35m[K-Wformat=[m[K]
  893 |                              [01;35m[K"Invalid RGB frame %lu received from SDK"[m[K, [32m[Kframe->FrameIndex[m[K);
      |                              [01;35m[K^~~~~~~~~~~~~~~~~~~~~~~~~~~~~~~~~~~~~~~~~[m[K  [32m[K~~~~~~~~~~~~~~~~~[m[K
      |                                                                                [32m[K|[m[K
      |                                                                                [32m[Kunsigned int[m[K
[01m[K/home/everybot/bt_ws/homecare_robot_core_2026/src/hw/src/inusensor_ros2_driver/src/inusensor_node.cpp:893:51:[m[K [01;36m[Knote: [m[Kformat string is defined here
  893 |                              "Invalid RGB frame [01;36m[K%lu[m[K received from SDK", frame->FrameIndex);
      |                                                 [01;36m[K~~^[m[K
      |                                                   [01;36m[K|[m[K
      |                                                   [01;36m[Klong unsigned int[m[K
      |                                                 [32m[K%u[m[K
[01m[K/home/everybot/bt_ws/homecare_robot_core_2026/src/hw/src/inusensor_ros2_driver/src/inusensor_node.cpp:874:78:[m[K [01;35m[Kwarning: [m[Kunused parameter ‘[01m[Kstream[m[K’ [[01;35m[K-Wunused-parameter[m[K]
  874 | void InuSensorNode::onRGBFrameReceived([01;35m[Kstd::shared_ptr<InuDev::CImageStream> stream[m[K,
      |                                        [01;35m[K~~~~~~~~~~~~~~~~~~~~~~~~~~~~~~~~~~~~~~^~~~~~[m[K
In file included from [01m[K/opt/ros/humble/include/rclcpp/rclcpp/logging.hpp:24[m[K,
                 from [01m[K/opt/ros/humble/include/rclcpp/rclcpp/client.hpp:40[m[K,
                 from [01m[K/opt/ros/humble/include/rclcpp/rclcpp/callback_group.hpp:24[m[K,
                 from [01m[K/opt/ros/humble/include/rclcpp/rclcpp/any_executable.hpp:20[m[K,
                 from [01m[K/opt/ros/humble/include/rclcpp/rclcpp/memory_strategy.hpp:25[m[K,
                 from [01m[K/opt/ros/humble/include/rclcpp/rclcpp/memory_strategies.hpp:18[m[K,
                 from [01m[K/opt/ros/humble/include/rclcpp/rclcpp/executor_options.hpp:20[m[K,
                 from [01m[K/opt/ros/humble/include/rclcpp/rclcpp/executor.hpp:37[m[K,
                 from [01m[K/opt/ros/humble/include/rclcpp/rclcpp/executors/multi_threaded_executor.hpp:25[m[K,
                 from [01m[K/opt/ros/humble/include/rclcpp/rclcpp/executors.hpp:21[m[K,
                 from [01m[K/opt/ros/humble/include/rclcpp/rclcpp/rclcpp.hpp:155[m[K,
                 from [01m[K/home/everybot/bt_ws/homecare_robot_core_2026/src/hw/src/inusensor_ros2_driver/include/inusensor_ros2_driver/inusensor_node.hpp:4[m[K,
                 from [01m[K/home/everybot/bt_ws/homecare_robot_core_2026/src/hw/src/inusensor_ros2_driver/src/inusensor_node.cpp:1[m[K:
[01m[K/home/everybot/bt_ws/homecare_robot_core_2026/src/hw/src/inusensor_ros2_driver/src/inusensor_node.cpp:[m[K In member function ‘[01m[Kvoid inusensor_ros2_driver::InuSensorNode::onIMUAccFrame(std::shared_ptr<InuDev::CImuStream>, std::shared_ptr<const InuDev::CImuFrame>, InuDev::CInuError)[m[K’:
[01m[K/home/everybot/bt_ws/homecare_robot_core_2026/src/hw/src/inusensor_ros2_driver/src/inusensor_node.cpp:1260:30:[m[K [01;35m[Kwarning: [m[Kformat ‘[01m[K%lu[m[K’ expects argument of type ‘[01m[Klong unsigned int[m[K’, but argument 5 has type ‘[01m[Kunsigned int[m[K’ [[01;35m[K-Wformat=[m[K]
 1260 |                              [01;35m[K"Invalid IMU ACC frame %lu"[m[K, [32m[Kframe->FrameIndex[m[K);
      |                              [01;35m[K^~~~~~~~~~~~~~~~~~~~~~~~~~~[m[K  [32m[K~~~~~~~~~~~~~~~~~[m[K
      |                                                                  [32m[K|[m[K
      |                                                                  [32m[Kunsigned int[m[K
[01m[K/home/everybot/bt_ws/homecare_robot_core_2026/src/hw/src/inusensor_ros2_driver/src/inusensor_node.cpp:1260:55:[m[K [01;36m[Knote: [m[Kformat string is defined here
 1260 |                              "Invalid IMU ACC frame [01;36m[K%lu[m[K", frame->FrameIndex);
      |                                                     [01;36m[K~~^[m[K
      |                                                       [01;36m[K|[m[K
      |                                                       [01;36m[Klong unsigned int[m[K
      |                                                     [32m[K%u[m[K
[01m[K/home/everybot/bt_ws/homecare_robot_core_2026/src/hw/src/inusensor_ros2_driver/src/inusensor_node.cpp:1247:71:[m[K [01;35m[Kwarning: [m[Kunused parameter ‘[01m[Kstream[m[K’ [[01;35m[K-Wunused-parameter[m[K]
 1247 | void InuSensorNode::onIMUAccFrame([01;35m[Kstd::shared_ptr<InuDev::CImuStream> stream[m[K,
      |                                   [01;35m[K~~~~~~~~~~~~~~~~~~~~~~~~~~~~~~~~~~~~^~~~~~[m[K
In file included from [01m[K/opt/ros/humble/include/rclcpp/rclcpp/logging.hpp:24[m[K,
                 from [01m[K/opt/ros/humble/include/rclcpp/rclcpp/client.hpp:40[m[K,
                 from [01m[K/opt/ros/humble/include/rclcpp/rclcpp/callback_group.hpp:24[m[K,
                 from [01m[K/opt/ros/humble/include/rclcpp/rclcpp/any_executable.hpp:20[m[K,
                 from [01m[K/opt/ros/humble/include/rclcpp/rclcpp/memory_strategy.hpp:25[m[K,
                 from [01m[K/opt/ros/humble/include/rclcpp/rclcpp/memory_strategies.hpp:18[m[K,
                 from [01m[K/opt/ros/humble/include/rclcpp/rclcpp/executor_options.hpp:20[m[K,
                 from [01m[K/opt/ros/humble/include/rclcpp/rclcpp/executor.hpp:37[m[K,
                 from [01m[K/opt/ros/humble/include/rclcpp/rclcpp/executors/multi_threaded_executor.hpp:25[m[K,
                 from [01m[K/opt/ros/humble/include/rclcpp/rclcpp/executors.hpp:21[m[K,
                 from [01m[K/opt/ros/humble/include/rclcpp/rclcpp/rclcpp.hpp:155[m[K,
                 from [01m[K/home/everybot/bt_ws/homecare_robot_core_2026/src/hw/src/inusensor_ros2_driver/include/inusensor_ros2_driver/inusensor_node.hpp:4[m[K,
                 from [01m[K/home/everybot/bt_ws/homecare_robot_core_2026/src/hw/src/inusensor_ros2_driver/src/inusensor_node.cpp:1[m[K:
[01m[K/home/everybot/bt_ws/homecare_robot_core_2026/src/hw/src/inusensor_ros2_driver/src/inusensor_node.cpp:[m[K In member function ‘[01m[Kvoid inusensor_ros2_driver::InuSensorNode::onIMUGyroFrame(std::shared_ptr<InuDev::CImuStream>, std::shared_ptr<const InuDev::CImuFrame>, InuDev::CInuError)[m[K’:
[01m[K/home/everybot/bt_ws/homecare_robot_core_2026/src/hw/src/inusensor_ros2_driver/src/inusensor_node.cpp:1315:30:[m[K [01;35m[Kwarning: [m[Kformat ‘[01m[K%lu[m[K’ expects argument of type ‘[01m[Klong unsigned int[m[K’, but argument 5 has type ‘[01m[Kunsigned int[m[K’ [[01;35m[K-Wformat=[m[K]
 1315 |                              [01;35m[K"Invalid IMU GYRO frame %lu"[m[K, [32m[Kframe->FrameIndex[m[K);
      |                              [01;35m[K^~~~~~~~~~~~~~~~~~~~~~~~~~~~[m[K  [32m[K~~~~~~~~~~~~~~~~~[m[K
      |                                                                   [32m[K|[m[K
      |                                                                   [32m[Kunsigned int[m[K
[01m[K/home/everybot/bt_ws/homecare_robot_core_2026/src/hw/src/inusensor_ros2_driver/src/inusensor_node.cpp:1315:56:[m[K [01;36m[Knote: [m[Kformat string is defined here
 1315 |                              "Invalid IMU GYRO frame [01;36m[K%lu[m[K", frame->FrameIndex);
      |                                                      [01;36m[K~~^[m[K
      |                                                        [01;36m[K|[m[K
      |                                                        [01;36m[Klong unsigned int[m[K
      |                                                      [32m[K%u[m[K
[01m[K/home/everybot/bt_ws/homecare_robot_core_2026/src/hw/src/inusensor_ros2_driver/src/inusensor_node.cpp:1302:72:[m[K [01;35m[Kwarning: [m[Kunused parameter ‘[01m[Kstream[m[K’ [[01;35m[K-Wunused-parameter[m[K]
 1302 | void InuSensorNode::onIMUGyroFrame([01;35m[Kstd::shared_ptr<InuDev::CImuStream> stream[m[K,
      |                                    [01;35m[K~~~~~~~~~~~~~~~~~~~~~~~~~~~~~~~~~~~~^~~~~~[m[K
