[35m[1mConsolidate compiler generated dependencies of target inusensor_ros2_driver_node[0m
[ 25%] [32mBuilding CXX object CMakeFiles/inusensor_ros2_driver_node.dir/src/inusensor_node.cpp.o[0m
[ 50%] [32m[1mLinking CXX executable inusensor_ros2_driver_node[0m
[100%] Built target inusensor_ros2_driver_node
-- Install configuration: ""
-- Execute custom install script
-- Up-to-date symlink: /home/everybot/bt_ws/homecare_robot_core_2026/src/hw/install/inusensor_ros2_driver/lib/inusensor_ros2_driver/inusensor_ros2_driver_node
-- Up-to-date symlink: /home/everybot/bt_ws/homecare_robot_core_2026/src/hw/install/inusensor_ros2_driver/share/inusensor_ros2_driver/launch/inusensor.launch.py
-- Up-to-date symlink: /home/everybot/bt_ws/homecare_robot_core_2026/src/hw/install/inusensor_ros2_driver/share/inusensor_ros2_driver/config/camera_params.yaml
-- Up-to-date symlink: /home/everybot/bt_ws/homecare_robot_core_2026/src/hw/install/inusensor_ros2_driver/share/inusensor_ros2_driver/config/sensor_config.yaml
-- Symlinking: /home/everybot/bt_ws/homecare_robot_core_2026/src/hw/install/inusensor_ros2_driver/share/inusensor_ros2_driver/urdf/m4_51s.urdf.xacro
-- Up-to-date symlink: /home/everybot/bt_ws/homecare_robot_core_2026/src/hw/install/inusensor_ros2_driver/share/ament_index/resource_index/package_run_dependencies/inusensor_ros2_driver
-- Up-to-date symlink: /home/everybot/bt_ws/homecare_robot_core_2026/src/hw/install/inusensor_ros2_driver/share/ament_index/resource_index/parent_prefix_path/inusensor_ros2_driver
-- Up-to-date symlink: /home/everybot/bt_ws/homecare_robot_core_2026/src/hw/install/inusensor_ros2_driver/share/inusensor_ros2_driver/environment/ament_prefix_path.sh
-- Up-to-date symlink: /home/everybot/bt_ws/homecare_robot_core_2026/src/hw/install/inusensor_ros2_driver/share/inusensor_ros2_driver/environment/ament_prefix_path.dsv
-- Up-to-date symlink: /home/everybot/bt_ws/homecare_robot_core_2026/src/hw/install/inusensor_ros2_driver/share/inusensor_ros2_driver/environment/path.sh
-- Up-to-date symlink: /home/everybot/bt_ws/homecare_robot_core_2026/src/hw/install/inusensor_ros2_driver/share/inusensor_ros2_driver/environment/path.dsv
-- Up-to-date symlink: /home/everybot/bt_ws/homecare_robot_core_2026/src/hw/install/inusensor_ros2_driver/share/inusensor_ros2_driver/local_setup.bash
-- Up-to-date symlink: /home/everybot/bt_ws/homecare_robot_core_2026/src/hw/install/inusensor_ros2_driver/share/inusensor_ros2_driver/local_setup.sh
-- Up-to-date symlink: /home/everybot/bt_ws/homecare_robot_core_2026/src/hw/install/inusensor_ros2_driver/share/inusensor_ros2_driver/local_setup.zsh
-- Up-to-date symlink: /home/everybot/bt_ws/homecare_robot_core_2026/src/hw/install/inusensor_ros2_driver/share/inusensor_ros2_driver/local_setup.dsv
-- Symlinking: /home/everybot/bt_ws/homecare_robot_core_2026/src/hw/install/inusensor_ros2_driver/share/inusensor_ros2_driver/package.dsv
-- Up-to-date symlink: /home/everybot/bt_ws/homecare_robot_core_2026/src/hw/install/inusensor_ros2_driver/share/ament_index/resource_index/packages/inusensor_ros2_driver
-- Up-to-date symlink: /home/everybot/bt_ws/homecare_robot_core_2026/src/hw/install/inusensor_ros2_driver/share/inusensor_ros2_driver/cmake/inusensor_ros2_driverConfig.cmake
-- Up-to-date symlink: /home/everybot/bt_ws/homecare_robot_core_2026/src/hw/install/inusensor_ros2_driver/share/inusensor_ros2_driver/cmake/inusensor_ros2_driverConfig-version.cmake
-- Up-to-date symlink: /home/everybot/bt_ws/homecare_robot_core_2026/src/hw/install/inusensor_ros2_driver/share/inusensor_ros2_driver/package.xml
