[0.023s] Invoking command in '/home/everybot/bt_ws/homecare_robot_core_2026/src/hw/build/inusensor_ros2_driver': CMAKE_PREFIX_PATH=${CMAKE_PREFIX_PATH}:/opt/ros/humble /usr/bin/cmake --build /home/everybot/bt_ws/homecare_robot_core_2026/src/hw/build/inusensor_ros2_driver -- -j6 -l6
[0.136s] [35m[1mConsolidate compiler generated dependencies of target inusensor_ros2_driver_node[0m
[0.194s] [ 25%] [32mBuilding CXX object CMakeFiles/inusensor_ros2_driver_node.dir/src/inusensor_node.cpp.o[0m
[7.710s] In file included from [01m[K/opt/Inuitive/InuDev/include/BaseStream.h:13[m[K,
[7.710s]                  from [01m[K/opt/Inuitive/InuDev/include/BaseOutputStream.h:13[m[K,
[7.711s]                  from [01m[K/opt/Inuitive/InuDev/include/InuSensor.h:15[m[K,
[7.711s]                  from [01m[K/home/everybot/bt_ws/homecare_robot_core_2026/src/hw/src/inusensor_ros2_driver/include/inusensor_ros2_driver/inusensor_manager.hpp:4[m[K,
[7.711s]                  from [01m[K/home/everybot/bt_ws/homecare_robot_core_2026/src/hw/src/inusensor_ros2_driver/include/inusensor_ros2_driver/inusensor_node.hpp:18[m[K,
[7.711s]                  from [01m[K/home/everybot/bt_ws/homecare_robot_core_2026/src/hw/src/inusensor_ros2_driver/src/inusensor_node.cpp:1[m[K:
[7.711s] [01m[K/opt/Inuitive/InuDev/include/BaseFrame.h:[m[K In constructor ‘[01m[KInuDev::CBaseFrame::CBaseFrame(uint64_t, unsigned int, unsigned int, bool, std::string)[m[K’:
[7.711s] [01m[K/opt/Inuitive/InuDev/include/BaseFrame.h:145:25:[m[K [01;35m[Kwarning: [m[Kunused parameter ‘[01m[KiUserID[m[K’ [[01;35m[K-Wunused-parameter[m[K]
[7.711s]   145 |             [01;35m[Kstd::string iUserID = std::string()[m[K) :
[7.712s]       |             [01;35m[K~~~~~~~~~~~~^~~~~~~~~~~~~~~~~~~~~~~[m[K
[7.758s] In file included from [01m[K/opt/Inuitive/InuDev/include/HwInformation.h:13[m[K,
[7.758s]                  from [01m[K/opt/Inuitive/InuDev/include/InuSensor.h:18[m[K,
[7.758s]                  from [01m[K/home/everybot/bt_ws/homecare_robot_core_2026/src/hw/src/inusensor_ros2_driver/include/inusensor_ros2_driver/inusensor_manager.hpp:4[m[K,
[7.758s]                  from [01m[K/home/everybot/bt_ws/homecare_robot_core_2026/src/hw/src/inusensor_ros2_driver/include/inusensor_ros2_driver/inusensor_node.hpp:18[m[K,
[7.758s]                  from [01m[K/home/everybot/bt_ws/homecare_robot_core_2026/src/hw/src/inusensor_ros2_driver/src/inusensor_node.cpp:1[m[K:
[7.758s] [01m[K/opt/Inuitive/InuDev/include/GeneralFrame.h:[m[K At global scope:
[7.759s] [01m[K/opt/Inuitive/InuDev/include/GeneralFrame.h:56:24:[m[K [01;35m[Kwarning: [m[Ktype qualifiers ignored on function return type [[01;35m[K-Wignored-qualifiers[m[K]
[7.759s]    56 |         INUSTREAMS_API [01;35m[KInuDev[m[K::byte* const GetData() const { return mData; }
[7.759s]       |                        [01;35m[K^~~~~~[m[K
[7.839s] In file included from [01m[K/opt/Inuitive/InuDev/include/DepthStream.h:14[m[K,
[7.839s]                  from [01m[K/home/everybot/bt_ws/homecare_robot_core_2026/src/hw/src/inusensor_ros2_driver/include/inusensor_ros2_driver/inusensor_manager.hpp:6[m[K,
[7.840s]                  from [01m[K/home/everybot/bt_ws/homecare_robot_core_2026/src/hw/src/inusensor_ros2_driver/include/inusensor_ros2_driver/inusensor_node.hpp:18[m[K,
[7.840s]                  from [01m[K/home/everybot/bt_ws/homecare_robot_core_2026/src/hw/src/inusensor_ros2_driver/src/inusensor_node.cpp:1[m[K:
[7.840s] [01m[K/opt/Inuitive/InuDev/include/ImageFrame.h:159:9:[m[K [01;35m[Kwarning: [m[Ktype qualifiers ignored on function return type [[01;35m[K-Wignored-qualifiers[m[K]
[7.840s]   159 |         [01;35m[Kconst[m[K uint64_t GetReadoutTime() const { return mReadoutTime; }
[7.840s]       |         [01;35m[K^~~~~[m[K
[11.997s] In file included from [01m[K/opt/ros/humble/include/rclcpp/rclcpp/logging.hpp:24[m[K,
[11.997s]                  from [01m[K/opt/ros/humble/include/rclcpp/rclcpp/client.hpp:40[m[K,
[11.997s]                  from [01m[K/opt/ros/humble/include/rclcpp/rclcpp/callback_group.hpp:24[m[K,
[11.998s]                  from [01m[K/opt/ros/humble/include/rclcpp/rclcpp/any_executable.hpp:20[m[K,
[11.998s]                  from [01m[K/opt/ros/humble/include/rclcpp/rclcpp/memory_strategy.hpp:25[m[K,
[11.998s]                  from [01m[K/opt/ros/humble/include/rclcpp/rclcpp/memory_strategies.hpp:18[m[K,
[11.998s]                  from [01m[K/opt/ros/humble/include/rclcpp/rclcpp/executor_options.hpp:20[m[K,
[11.998s]                  from [01m[K/opt/ros/humble/include/rclcpp/rclcpp/executor.hpp:37[m[K,
[11.998s]                  from [01m[K/opt/ros/humble/include/rclcpp/rclcpp/executors/multi_threaded_executor.hpp:25[m[K,
[11.999s]                  from [01m[K/opt/ros/humble/include/rclcpp/rclcpp/executors.hpp:21[m[K,
[11.999s]                  from [01m[K/opt/ros/humble/include/rclcpp/rclcpp/rclcpp.hpp:155[m[K,
[11.999s]                  from [01m[K/home/everybot/bt_ws/homecare_robot_core_2026/src/hw/src/inusensor_ros2_driver/include/inusensor_ros2_driver/inusensor_node.hpp:4[m[K,
[11.999s]                  from [01m[K/home/everybot/bt_ws/homecare_robot_core_2026/src/hw/src/inusensor_ros2_driver/src/inusensor_node.cpp:1[m[K:
[11.999s] [01m[K/home/everybot/bt_ws/homecare_robot_core_2026/src/hw/src/inusensor_ros2_driver/src/inusensor_node.cpp:[m[K In member function ‘[01m[Kvoid inusensor_ros2_driver::InuSensorNode::onDepthFrameReceived(std::shared_ptr<InuDev::CDepthStream>, std::shared_ptr<const InuDev::CImageFrame>, InuDev::CInuError)[m[K’:
[11.999s] [01m[K/home/everybot/bt_ws/homecare_robot_core_2026/src/hw/src/inusensor_ros2_driver/src/inusensor_node.cpp:811:30:[m[K [01;35m[Kwarning: [m[Kformat ‘[01m[K%lu[m[K’ expects argument of type ‘[01m[Klong unsigned int[m[K’, but argument 5 has type ‘[01m[Kunsigned int[m[K’ [[01;35m[K-Wformat=[m[K]
[11.999s]   811 |                              [01;35m[K"Invalid depth frame %lu received from SDK"[m[K, [32m[Kframe->FrameIndex[m[K);
[12.000s]       |                              [01;35m[K^~~~~~~~~~~~~~~~~~~~~~~~~~~~~~~~~~~~~~~~~~~[m[K  [32m[K~~~~~~~~~~~~~~~~~[m[K
[12.000s]       |                                                                                  [32m[K|[m[K
[12.000s]       |                                                                                  [32m[Kunsigned int[m[K
[12.000s] [01m[K/home/everybot/bt_ws/homecare_robot_core_2026/src/hw/src/inusensor_ros2_driver/src/inusensor_node.cpp:811:53:[m[K [01;36m[Knote: [m[Kformat string is defined here
[12.000s]   811 |                              "Invalid depth frame [01;36m[K%lu[m[K received from SDK", frame->FrameIndex);
[12.000s]       |                                                   [01;36m[K~~^[m[K
[12.000s]       |                                                     [01;36m[K|[m[K
[12.000s]       |                                                     [01;36m[Klong unsigned int[m[K
[12.001s]       |                                                   [32m[K%u[m[K
[12.001s] [01m[K/home/everybot/bt_ws/homecare_robot_core_2026/src/hw/src/inusensor_ros2_driver/src/inusensor_node.cpp:792:80:[m[K [01;35m[Kwarning: [m[Kunused parameter ‘[01m[Kstream[m[K’ [[01;35m[K-Wunused-parameter[m[K]
[12.001s]   792 | void InuSensorNode::onDepthFrameReceived([01;35m[Kstd::shared_ptr<InuDev::CDepthStream> stream[m[K,
[12.001s]       |                                          [01;35m[K~~~~~~~~~~~~~~~~~~~~~~~~~~~~~~~~~~~~~~^~~~~~[m[K
[12.004s] In file included from [01m[K/opt/ros/humble/include/rclcpp/rclcpp/logging.hpp:24[m[K,
[12.004s]                  from [01m[K/opt/ros/humble/include/rclcpp/rclcpp/client.hpp:40[m[K,
[12.004s]                  from [01m[K/opt/ros/humble/include/rclcpp/rclcpp/callback_group.hpp:24[m[K,
[12.004s]                  from [01m[K/opt/ros/humble/include/rclcpp/rclcpp/any_executable.hpp:20[m[K,
[12.004s]                  from [01m[K/opt/ros/humble/include/rclcpp/rclcpp/memory_strategy.hpp:25[m[K,
[12.005s]                  from [01m[K/opt/ros/humble/include/rclcpp/rclcpp/memory_strategies.hpp:18[m[K,
[12.005s]                  from [01m[K/opt/ros/humble/include/rclcpp/rclcpp/executor_options.hpp:20[m[K,
[12.005s]                  from [01m[K/opt/ros/humble/include/rclcpp/rclcpp/executor.hpp:37[m[K,
[12.005s]                  from [01m[K/opt/ros/humble/include/rclcpp/rclcpp/executors/multi_threaded_executor.hpp:25[m[K,
[12.005s]                  from [01m[K/opt/ros/humble/include/rclcpp/rclcpp/executors.hpp:21[m[K,
[12.005s]                  from [01m[K/opt/ros/humble/include/rclcpp/rclcpp/rclcpp.hpp:155[m[K,
[12.005s]                  from [01m[K/home/everybot/bt_ws/homecare_robot_core_2026/src/hw/src/inusensor_ros2_driver/include/inusensor_ros2_driver/inusensor_node.hpp:4[m[K,
[12.005s]                  from [01m[K/home/everybot/bt_ws/homecare_robot_core_2026/src/hw/src/inusensor_ros2_driver/src/inusensor_node.cpp:1[m[K:
[12.006s] [01m[K/home/everybot/bt_ws/homecare_robot_core_2026/src/hw/src/inusensor_ros2_driver/src/inusensor_node.cpp:[m[K In member function ‘[01m[Kvoid inusensor_ros2_driver::InuSensorNode::onRGBFrameReceived(std::shared_ptr<InuDev::CImageStream>, std::shared_ptr<const InuDev::CImageFrame>, InuDev::CInuError)[m[K’:
[12.006s] [01m[K/home/everybot/bt_ws/homecare_robot_core_2026/src/hw/src/inusensor_ros2_driver/src/inusensor_node.cpp:860:30:[m[K [01;35m[Kwarning: [m[Kformat ‘[01m[K%lu[m[K’ expects argument of type ‘[01m[Klong unsigned int[m[K’, but argument 5 has type ‘[01m[Kunsigned int[m[K’ [[01;35m[K-Wformat=[m[K]
[12.006s]   860 |                              [01;35m[K"Invalid RGB frame %lu received from SDK"[m[K, [32m[Kframe->FrameIndex[m[K);
[12.006s]       |                              [01;35m[K^~~~~~~~~~~~~~~~~~~~~~~~~~~~~~~~~~~~~~~~~[m[K  [32m[K~~~~~~~~~~~~~~~~~[m[K
[12.006s]       |                                                                                [32m[K|[m[K
[12.006s]       |                                                                                [32m[Kunsigned int[m[K
[12.006s] [01m[K/home/everybot/bt_ws/homecare_robot_core_2026/src/hw/src/inusensor_ros2_driver/src/inusensor_node.cpp:860:51:[m[K [01;36m[Knote: [m[Kformat string is defined here
[12.007s]   860 |                              "Invalid RGB frame [01;36m[K%lu[m[K received from SDK", frame->FrameIndex);
[12.007s]       |                                                 [01;36m[K~~^[m[K
[12.007s]       |                                                   [01;36m[K|[m[K
[12.007s]       |                                                   [01;36m[Klong unsigned int[m[K
[12.007s]       |                                                 [32m[K%u[m[K
[12.007s] [01m[K/home/everybot/bt_ws/homecare_robot_core_2026/src/hw/src/inusensor_ros2_driver/src/inusensor_node.cpp:841:78:[m[K [01;35m[Kwarning: [m[Kunused parameter ‘[01m[Kstream[m[K’ [[01;35m[K-Wunused-parameter[m[K]
[12.007s]   841 | void InuSensorNode::onRGBFrameReceived([01;35m[Kstd::shared_ptr<InuDev::CImageStream> stream[m[K,
[12.008s]       |                                        [01;35m[K~~~~~~~~~~~~~~~~~~~~~~~~~~~~~~~~~~~~~~^~~~~~[m[K
[12.026s] In file included from [01m[K/opt/ros/humble/include/rclcpp/rclcpp/logging.hpp:24[m[K,
[12.027s]                  from [01m[K/opt/ros/humble/include/rclcpp/rclcpp/client.hpp:40[m[K,
[12.027s]                  from [01m[K/opt/ros/humble/include/rclcpp/rclcpp/callback_group.hpp:24[m[K,
[12.027s]                  from [01m[K/opt/ros/humble/include/rclcpp/rclcpp/any_executable.hpp:20[m[K,
[12.027s]                  from [01m[K/opt/ros/humble/include/rclcpp/rclcpp/memory_strategy.hpp:25[m[K,
[12.027s]                  from [01m[K/opt/ros/humble/include/rclcpp/rclcpp/memory_strategies.hpp:18[m[K,
[12.027s]                  from [01m[K/opt/ros/humble/include/rclcpp/rclcpp/executor_options.hpp:20[m[K,
[12.028s]                  from [01m[K/opt/ros/humble/include/rclcpp/rclcpp/executor.hpp:37[m[K,
[12.028s]                  from [01m[K/opt/ros/humble/include/rclcpp/rclcpp/executors/multi_threaded_executor.hpp:25[m[K,
[12.028s]                  from [01m[K/opt/ros/humble/include/rclcpp/rclcpp/executors.hpp:21[m[K,
[12.028s]                  from [01m[K/opt/ros/humble/include/rclcpp/rclcpp/rclcpp.hpp:155[m[K,
[12.028s]                  from [01m[K/home/everybot/bt_ws/homecare_robot_core_2026/src/hw/src/inusensor_ros2_driver/include/inusensor_ros2_driver/inusensor_node.hpp:4[m[K,
[12.028s]                  from [01m[K/home/everybot/bt_ws/homecare_robot_core_2026/src/hw/src/inusensor_ros2_driver/src/inusensor_node.cpp:1[m[K:
[12.028s] [01m[K/home/everybot/bt_ws/homecare_robot_core_2026/src/hw/src/inusensor_ros2_driver/src/inusensor_node.cpp:[m[K In member function ‘[01m[Kvoid inusensor_ros2_driver::InuSensorNode::onIMUAccFrame(std::shared_ptr<InuDev::CImuStream>, std::shared_ptr<const InuDev::CImuFrame>, InuDev::CInuError)[m[K’:
[12.029s] [01m[K/home/everybot/bt_ws/homecare_robot_core_2026/src/hw/src/inusensor_ros2_driver/src/inusensor_node.cpp:1221:30:[m[K [01;35m[Kwarning: [m[Kformat ‘[01m[K%lu[m[K’ expects argument of type ‘[01m[Klong unsigned int[m[K’, but argument 5 has type ‘[01m[Kunsigned int[m[K’ [[01;35m[K-Wformat=[m[K]
[12.029s]  1221 |                              [01;35m[K"Invalid IMU ACC frame %lu"[m[K, [32m[Kframe->FrameIndex[m[K);
[12.029s]       |                              [01;35m[K^~~~~~~~~~~~~~~~~~~~~~~~~~~[m[K  [32m[K~~~~~~~~~~~~~~~~~[m[K
[12.029s]       |                                                                  [32m[K|[m[K
[12.029s]       |                                                                  [32m[Kunsigned int[m[K
[12.029s] [01m[K/home/everybot/bt_ws/homecare_robot_core_2026/src/hw/src/inusensor_ros2_driver/src/inusensor_node.cpp:1221:55:[m[K [01;36m[Knote: [m[Kformat string is defined here
[12.029s]  1221 |                              "Invalid IMU ACC frame [01;36m[K%lu[m[K", frame->FrameIndex);
[12.029s]       |                                                     [01;36m[K~~^[m[K
[12.030s]       |                                                       [01;36m[K|[m[K
[12.030s]       |                                                       [01;36m[Klong unsigned int[m[K
[12.030s]       |                                                     [32m[K%u[m[K
[12.030s] [01m[K/home/everybot/bt_ws/homecare_robot_core_2026/src/hw/src/inusensor_ros2_driver/src/inusensor_node.cpp:1208:71:[m[K [01;35m[Kwarning: [m[Kunused parameter ‘[01m[Kstream[m[K’ [[01;35m[K-Wunused-parameter[m[K]
[12.030s]  1208 | void InuSensorNode::onIMUAccFrame([01;35m[Kstd::shared_ptr<InuDev::CImuStream> stream[m[K,
[12.030s]       |                                   [01;35m[K~~~~~~~~~~~~~~~~~~~~~~~~~~~~~~~~~~~~^~~~~~[m[K
[12.032s] In file included from [01m[K/opt/ros/humble/include/rclcpp/rclcpp/logging.hpp:24[m[K,
[12.032s]                  from [01m[K/opt/ros/humble/include/rclcpp/rclcpp/client.hpp:40[m[K,
[12.032s]                  from [01m[K/opt/ros/humble/include/rclcpp/rclcpp/callback_group.hpp:24[m[K,
[12.033s]                  from [01m[K/opt/ros/humble/include/rclcpp/rclcpp/any_executable.hpp:20[m[K,
[12.033s]                  from [01m[K/opt/ros/humble/include/rclcpp/rclcpp/memory_strategy.hpp:25[m[K,
[12.033s]                  from [01m[K/opt/ros/humble/include/rclcpp/rclcpp/memory_strategies.hpp:18[m[K,
[12.033s]                  from [01m[K/opt/ros/humble/include/rclcpp/rclcpp/executor_options.hpp:20[m[K,
[12.033s]                  from [01m[K/opt/ros/humble/include/rclcpp/rclcpp/executor.hpp:37[m[K,
[12.033s]                  from [01m[K/opt/ros/humble/include/rclcpp/rclcpp/executors/multi_threaded_executor.hpp:25[m[K,
[12.033s]                  from [01m[K/opt/ros/humble/include/rclcpp/rclcpp/executors.hpp:21[m[K,
[12.034s]                  from [01m[K/opt/ros/humble/include/rclcpp/rclcpp/rclcpp.hpp:155[m[K,
[12.034s]                  from [01m[K/home/everybot/bt_ws/homecare_robot_core_2026/src/hw/src/inusensor_ros2_driver/include/inusensor_ros2_driver/inusensor_node.hpp:4[m[K,
[12.034s]                  from [01m[K/home/everybot/bt_ws/homecare_robot_core_2026/src/hw/src/inusensor_ros2_driver/src/inusensor_node.cpp:1[m[K:
[12.034s] [01m[K/home/everybot/bt_ws/homecare_robot_core_2026/src/hw/src/inusensor_ros2_driver/src/inusensor_node.cpp:[m[K In member function ‘[01m[Kvoid inusensor_ros2_driver::InuSensorNode::onIMUGyroFrame(std::shared_ptr<InuDev::CImuStream>, std::shared_ptr<const InuDev::CImuFrame>, InuDev::CInuError)[m[K’:
[12.034s] [01m[K/home/everybot/bt_ws/homecare_robot_core_2026/src/hw/src/inusensor_ros2_driver/src/inusensor_node.cpp:1276:30:[m[K [01;35m[Kwarning: [m[Kformat ‘[01m[K%lu[m[K’ expects argument of type ‘[01m[Klong unsigned int[m[K’, but argument 5 has type ‘[01m[Kunsigned int[m[K’ [[01;35m[K-Wformat=[m[K]
[12.034s]  1276 |                              [01;35m[K"Invalid IMU GYRO frame %lu"[m[K, [32m[Kframe->FrameIndex[m[K);
[12.034s]       |                              [01;35m[K^~~~~~~~~~~~~~~~~~~~~~~~~~~~[m[K  [32m[K~~~~~~~~~~~~~~~~~[m[K
[12.035s]       |                                                                   [32m[K|[m[K
[12.035s]       |                                                                   [32m[Kunsigned int[m[K
[12.035s] [01m[K/home/everybot/bt_ws/homecare_robot_core_2026/src/hw/src/inusensor_ros2_driver/src/inusensor_node.cpp:1276:56:[m[K [01;36m[Knote: [m[Kformat string is defined here
[12.035s]  1276 |                              "Invalid IMU GYRO frame [01;36m[K%lu[m[K", frame->FrameIndex);
[12.035s]       |                                                      [01;36m[K~~^[m[K
[12.035s]       |                                                        [01;36m[K|[m[K
[12.035s]       |                                                        [01;36m[Klong unsigned int[m[K
[12.036s]       |                                                      [32m[K%u[m[K
[12.036s] [01m[K/home/everybot/bt_ws/homecare_robot_core_2026/src/hw/src/inusensor_ros2_driver/src/inusensor_node.cpp:1263:72:[m[K [01;35m[Kwarning: [m[Kunused parameter ‘[01m[Kstream[m[K’ [[01;35m[K-Wunused-parameter[m[K]
[12.036s]  1263 | void InuSensorNode::onIMUGyroFrame([01;35m[Kstd::shared_ptr<InuDev::CImuStream> stream[m[K,
[12.036s]       |                                    [01;35m[K~~~~~~~~~~~~~~~~~~~~~~~~~~~~~~~~~~~~^~~~~~[m[K
[25.208s] [ 50%] [32m[1mLinking CXX executable inusensor_ros2_driver_node[0m
[26.614s] [100%] Built target inusensor_ros2_driver_node
[26.644s] Invoked command in '/home/everybot/bt_ws/homecare_robot_core_2026/src/hw/build/inusensor_ros2_driver' returned '0': CMAKE_PREFIX_PATH=${CMAKE_PREFIX_PATH}:/opt/ros/humble /usr/bin/cmake --build /home/everybot/bt_ws/homecare_robot_core_2026/src/hw/build/inusensor_ros2_driver -- -j6 -l6
[26.680s] Invoking command in '/home/everybot/bt_ws/homecare_robot_core_2026/src/hw/build/inusensor_ros2_driver': CMAKE_PREFIX_PATH=${CMAKE_PREFIX_PATH}:/opt/ros/humble /usr/bin/cmake --install /home/everybot/bt_ws/homecare_robot_core_2026/src/hw/build/inusensor_ros2_driver
[26.699s] -- Install configuration: ""
[26.700s] -- Execute custom install script
[26.701s] -- Up-to-date symlink: /home/everybot/bt_ws/homecare_robot_core_2026/src/hw/install/inusensor_ros2_driver/lib/inusensor_ros2_driver/inusensor_ros2_driver_node
[26.702s] -- Up-to-date symlink: /home/everybot/bt_ws/homecare_robot_core_2026/src/hw/install/inusensor_ros2_driver/share/inusensor_ros2_driver/launch/inusensor.launch.py
[26.702s] -- Up-to-date symlink: /home/everybot/bt_ws/homecare_robot_core_2026/src/hw/install/inusensor_ros2_driver/share/inusensor_ros2_driver/config/camera_params.yaml
[26.702s] -- Up-to-date symlink: /home/everybot/bt_ws/homecare_robot_core_2026/src/hw/install/inusensor_ros2_driver/share/inusensor_ros2_driver/config/sensor_config.yaml
[26.703s] -- Symlinking: /home/everybot/bt_ws/homecare_robot_core_2026/src/hw/install/inusensor_ros2_driver/share/inusensor_ros2_driver/urdf/m4_51s.urdf.xacro
[26.725s] -- Up-to-date symlink: /home/everybot/bt_ws/homecare_robot_core_2026/src/hw/install/inusensor_ros2_driver/share/ament_index/resource_index/package_run_dependencies/inusensor_ros2_driver
[26.725s] -- Up-to-date symlink: /home/everybot/bt_ws/homecare_robot_core_2026/src/hw/install/inusensor_ros2_driver/share/ament_index/resource_index/parent_prefix_path/inusensor_ros2_driver
[26.725s] -- Up-to-date symlink: /home/everybot/bt_ws/homecare_robot_core_2026/src/hw/install/inusensor_ros2_driver/share/inusensor_ros2_driver/environment/ament_prefix_path.sh
[26.726s] -- Up-to-date symlink: /home/everybot/bt_ws/homecare_robot_core_2026/src/hw/install/inusensor_ros2_driver/share/inusensor_ros2_driver/environment/ament_prefix_path.dsv
[26.726s] -- Up-to-date symlink: /home/everybot/bt_ws/homecare_robot_core_2026/src/hw/install/inusensor_ros2_driver/share/inusensor_ros2_driver/environment/path.sh
[26.727s] -- Up-to-date symlink: /home/everybot/bt_ws/homecare_robot_core_2026/src/hw/install/inusensor_ros2_driver/share/inusensor_ros2_driver/environment/path.dsv
[26.727s] -- Up-to-date symlink: /home/everybot/bt_ws/homecare_robot_core_2026/src/hw/install/inusensor_ros2_driver/share/inusensor_ros2_driver/local_setup.bash
[26.727s] -- Up-to-date symlink: /home/everybot/bt_ws/homecare_robot_core_2026/src/hw/install/inusensor_ros2_driver/share/inusensor_ros2_driver/local_setup.sh
[26.728s] -- Up-to-date symlink: /home/everybot/bt_ws/homecare_robot_core_2026/src/hw/install/inusensor_ros2_driver/share/inusensor_ros2_driver/local_setup.zsh
[26.728s] -- Up-to-date symlink: /home/everybot/bt_ws/homecare_robot_core_2026/src/hw/install/inusensor_ros2_driver/share/inusensor_ros2_driver/local_setup.dsv
[26.728s] -- Symlinking: /home/everybot/bt_ws/homecare_robot_core_2026/src/hw/install/inusensor_ros2_driver/share/inusensor_ros2_driver/package.dsv
[26.750s] -- Up-to-date symlink: /home/everybot/bt_ws/homecare_robot_core_2026/src/hw/install/inusensor_ros2_driver/share/ament_index/resource_index/packages/inusensor_ros2_driver
[26.751s] -- Up-to-date symlink: /home/everybot/bt_ws/homecare_robot_core_2026/src/hw/install/inusensor_ros2_driver/share/inusensor_ros2_driver/cmake/inusensor_ros2_driverConfig.cmake
[26.751s] -- Up-to-date symlink: /home/everybot/bt_ws/homecare_robot_core_2026/src/hw/install/inusensor_ros2_driver/share/inusensor_ros2_driver/cmake/inusensor_ros2_driverConfig-version.cmake
[26.751s] -- Up-to-date symlink: /home/everybot/bt_ws/homecare_robot_core_2026/src/hw/install/inusensor_ros2_driver/share/inusensor_ros2_driver/package.xml
[26.757s] Invoked command in '/home/everybot/bt_ws/homecare_robot_core_2026/src/hw/build/inusensor_ros2_driver' returned '0': CMAKE_PREFIX_PATH=${CMAKE_PREFIX_PATH}:/opt/ros/humble /usr/bin/cmake --install /home/everybot/bt_ws/homecare_robot_core_2026/src/hw/build/inusensor_ros2_driver
