-- The C compiler identification is GNU 11.4.0
-- The CXX compiler identification is GNU 11.4.0
-- Detecting C compiler ABI info
-- Detecting C compiler ABI info - done
-- Check for working C compiler: /usr/bin/cc - skipped
-- Detecting C compile features
-- Detecting C compile features - done
-- Detecting CXX compiler ABI info
-- Detecting CXX compiler ABI info - done
-- Check for working CXX compiler: /usr/bin/c++ - skipped
-- Detecting CXX compile features
-- Detecting CXX compile features - done
-- Found OpenCV: /usr (found version "4.8.0") 
-- Found ament_cmake: 1.3.12 (/opt/ros/humble/share/ament_cmake/cmake)
-- Found Python3: /usr/bin/python3 (found version "3.10.12") found components: Interpreter 
-- Found rclcpp: 16.0.16 (/opt/ros/humble/share/rclcpp/cmake)
-- Found rosidl_generator_c: 3.1.7 (/opt/ros/humble/share/rosidl_generator_c/cmake)
-- Found rosidl_adapter: 3.1.7 (/opt/ros/humble/share/rosidl_adapter/cmake)
-- Found rosidl_generator_cpp: 3.1.7 (/opt/ros/humble/share/rosidl_generator_cpp/cmake)
-- Using all available rosidl_typesupport_c: rosidl_typesupport_fastrtps_c;rosidl_typesupport_introspection_c
-- Using all available rosidl_typesupport_cpp: rosidl_typesupport_fastrtps_cpp;rosidl_typesupport_introspection_cpp
-- Found rmw_implementation_cmake: 6.1.2 (/opt/ros/humble/share/rmw_implementation_cmake/cmake)
-- Found rmw_fastrtps_cpp: 6.2.9 (/opt/ros/humble/share/rmw_fastrtps_cpp/cmake)
-- Found OpenSSL: /usr/lib/aarch64-linux-gnu/libcrypto.so (found version "3.0.2")  
-- Found FastRTPS: /opt/ros/humble/include  
-- Using RMW implementation 'rmw_fastrtps_cpp' as default
-- Looking for pthread.h
-- Looking for pthread.h - found
-- Performing Test CMAKE_HAVE_LIBC_PTHREAD
-- Performing Test CMAKE_HAVE_LIBC_PTHREAD - Success
-- Found Threads: TRUE  
-- Found sensor_msgs: 4.9.0 (/opt/ros/humble/share/sensor_msgs/cmake)
-- Found camera_info_manager: 3.1.12 (/opt/ros/humble/share/camera_info_manager/cmake)
-- Found tf2: 0.25.17 (/opt/ros/humble/share/tf2/cmake)
-- Found tf2_ros: 0.25.17 (/opt/ros/humble/share/tf2_ros/cmake)
-- Found tf2_geometry_msgs: 0.25.17 (/opt/ros/humble/share/tf2_geometry_msgs/cmake)
-- Found eigen3_cmake_module: 0.1.1 (/opt/ros/humble/share/eigen3_cmake_module/cmake)
-- Found Eigen3: TRUE (found version "3.4.0") 
-- Ensuring Eigen3 include directory is part of orocos-kdl CMake target
-- Found image_transport: 3.1.12 (/opt/ros/humble/share/image_transport/cmake)
-- InuDev SDK found at /opt/Inuitive/InuDev
-- Found InuDev libraries: /opt/Inuitive/InuDev/lib/libInuStreams.so;/opt/Inuitive/InuDev/lib/libInuCommonUtilities.so
-- Target Install..........
-- Found ament_lint_auto: 0.12.14 (/opt/ros/humble/share/ament_lint_auto/cmake)
-- Added test 'copyright' to check source files copyright and LICENSE
-- Added test 'cppcheck' to perform static code analysis on C / C++ code
-- Configured cppcheck include dirs: /home/everybot/bt_ws/homecare_robot_core_2026/src/hw/src/inusensor_ros2_driver/include
-- Configured cppcheck exclude dirs and/or files: 
-- Added test 'cpplint' to check C / C++ code against the Google style
-- Configured cpplint exclude dirs and/or files: 
-- Added test 'flake8' to check Python code syntax and style conventions
-- Added test 'lint_cmake' to check CMake code style
-- Added test 'pep257' to check Python code against some of the docstring style conventions in PEP 257
-- Added test 'uncrustify' to check C / C++ code style
-- Configured uncrustify additional arguments: 
-- Added test 'xmllint' to check XML markup files
-- Configuring done
-- Generating done
-- Build files have been written to: /home/everybot/bt_ws/homecare_robot_core_2026/src/hw/build/inusensor_ros2_driver
[ 75%] [32mBuilding CXX object CMakeFiles/inusensor_ros2_driver_node.dir/src/main.cpp.o[0m
[ 75%] [32mBuilding CXX object CMakeFiles/inusensor_ros2_driver_node.dir/src/inusensor_manager.cpp.o[0m
[ 75%] [32mBuilding CXX object CMakeFiles/inusensor_ros2_driver_node.dir/src/inusensor_node.cpp.o[0m
[100%] [32m[1mLinking CXX executable inusensor_ros2_driver_node[0m
[100%] Built target inusensor_ros2_driver_node
-- Install configuration: ""
-- Installing: /home/everybot/bt_ws/homecare_robot_core_2026/src/hw/install/inusensor_ros2_driver/lib/inusensor_ros2_driver/inusensor_ros2_driver_node
-- Set runtime path of "/home/everybot/bt_ws/homecare_robot_core_2026/src/hw/install/inusensor_ros2_driver/lib/inusensor_ros2_driver/inusensor_ros2_driver_node" to ""
-- Installing: /home/everybot/bt_ws/homecare_robot_core_2026/src/hw/install/inusensor_ros2_driver/share/inusensor_ros2_driver/launch
-- Installing: /home/everybot/bt_ws/homecare_robot_core_2026/src/hw/install/inusensor_ros2_driver/share/inusensor_ros2_driver/launch/inusensor.launch.py
-- Installing: /home/everybot/bt_ws/homecare_robot_core_2026/src/hw/install/inusensor_ros2_driver/share/inusensor_ros2_driver/config
-- Installing: /home/everybot/bt_ws/homecare_robot_core_2026/src/hw/install/inusensor_ros2_driver/share/inusensor_ros2_driver/config/sensor_config.yaml
-- Installing: /home/everybot/bt_ws/homecare_robot_core_2026/src/hw/install/inusensor_ros2_driver/share/inusensor_ros2_driver/config/camera_params.yaml
-- Installing: /home/everybot/bt_ws/homecare_robot_core_2026/src/hw/install/inusensor_ros2_driver/share/ament_index/resource_index/package_run_dependencies/inusensor_ros2_driver
-- Installing: /home/everybot/bt_ws/homecare_robot_core_2026/src/hw/install/inusensor_ros2_driver/share/ament_index/resource_index/parent_prefix_path/inusensor_ros2_driver
-- Installing: /home/everybot/bt_ws/homecare_robot_core_2026/src/hw/install/inusensor_ros2_driver/share/inusensor_ros2_driver/environment/ament_prefix_path.sh
-- Installing: /home/everybot/bt_ws/homecare_robot_core_2026/src/hw/install/inusensor_ros2_driver/share/inusensor_ros2_driver/environment/ament_prefix_path.dsv
-- Installing: /home/everybot/bt_ws/homecare_robot_core_2026/src/hw/install/inusensor_ros2_driver/share/inusensor_ros2_driver/environment/path.sh
-- Installing: /home/everybot/bt_ws/homecare_robot_core_2026/src/hw/install/inusensor_ros2_driver/share/inusensor_ros2_driver/environment/path.dsv
-- Installing: /home/everybot/bt_ws/homecare_robot_core_2026/src/hw/install/inusensor_ros2_driver/share/inusensor_ros2_driver/local_setup.bash
-- Installing: /home/everybot/bt_ws/homecare_robot_core_2026/src/hw/install/inusensor_ros2_driver/share/inusensor_ros2_driver/local_setup.sh
-- Installing: /home/everybot/bt_ws/homecare_robot_core_2026/src/hw/install/inusensor_ros2_driver/share/inusensor_ros2_driver/local_setup.zsh
-- Installing: /home/everybot/bt_ws/homecare_robot_core_2026/src/hw/install/inusensor_ros2_driver/share/inusensor_ros2_driver/local_setup.dsv
-- Installing: /home/everybot/bt_ws/homecare_robot_core_2026/src/hw/install/inusensor_ros2_driver/share/inusensor_ros2_driver/package.dsv
-- Installing: /home/everybot/bt_ws/homecare_robot_core_2026/src/hw/install/inusensor_ros2_driver/share/ament_index/resource_index/packages/inusensor_ros2_driver
-- Installing: /home/everybot/bt_ws/homecare_robot_core_2026/src/hw/install/inusensor_ros2_driver/share/inusensor_ros2_driver/cmake/inusensor_ros2_driverConfig.cmake
-- Installing: /home/everybot/bt_ws/homecare_robot_core_2026/src/hw/install/inusensor_ros2_driver/share/inusensor_ros2_driver/cmake/inusensor_ros2_driverConfig-version.cmake
-- Installing: /home/everybot/bt_ws/homecare_robot_core_2026/src/hw/install/inusensor_ros2_driver/share/inusensor_ros2_driver/package.xml
