[0.030s] Invoking command in '/home/everybot/bt_ws/homecare_robot_core_2026/src/hw/build/inusensor_ros2_driver': CMAKE_PREFIX_PATH=${CMAKE_PREFIX_PATH}:/opt/ros/humble /usr/bin/cmake /home/everybot/bt_ws/homecare_robot_core_2026/src/hw/src/inusensor_ros2_driver -DCMAKE_INSTALL_PREFIX=/home/everybot/bt_ws/homecare_robot_core_2026/src/hw/install/inusensor_ros2_driver
[0.748s] -- The C compiler identification is GNU 11.4.0
[1.218s] -- The CXX compiler identification is GNU 11.4.0
[1.256s] -- Detecting C compiler ABI info
[1.437s] -- Detecting C compiler ABI info - done
[1.464s] -- Check for working C compiler: /usr/bin/cc - skipped
[1.467s] -- Detecting C compile features
[1.470s] -- Detecting C compile features - done
[1.485s] -- Detecting CXX compiler ABI info
[1.678s] -- Detecting CXX compiler ABI info - done
[1.705s] -- Check for working CXX compiler: /usr/bin/c++ - skipped
[1.706s] -- Detecting CXX compile features
[1.708s] -- Detecting CXX compile features - done
[1.742s] -- Found OpenCV: /usr (found version "4.8.0") 
[1.750s] -- Found ament_cmake: 1.3.12 (/opt/ros/humble/share/ament_cmake/cmake)
[2.697s] -- Found Python3: /usr/bin/python3 (found version "3.10.12") found components: Interpreter 
[3.007s] -- Found rclcpp: 16.0.16 (/opt/ros/humble/share/rclcpp/cmake)
[3.149s] -- Found rosidl_generator_c: 3.1.7 (/opt/ros/humble/share/rosidl_generator_c/cmake)
[3.164s] -- Found rosidl_adapter: 3.1.7 (/opt/ros/humble/share/rosidl_adapter/cmake)
[3.192s] -- Found rosidl_generator_cpp: 3.1.7 (/opt/ros/humble/share/rosidl_generator_cpp/cmake)
[3.232s] -- Using all available rosidl_typesupport_c: rosidl_typesupport_fastrtps_c;rosidl_typesupport_introspection_c
[3.282s] -- Using all available rosidl_typesupport_cpp: rosidl_typesupport_fastrtps_cpp;rosidl_typesupport_introspection_cpp
[3.411s] -- Found rmw_implementation_cmake: 6.1.2 (/opt/ros/humble/share/rmw_implementation_cmake/cmake)
[3.420s] -- Found rmw_fastrtps_cpp: 6.2.9 (/opt/ros/humble/share/rmw_fastrtps_cpp/cmake)
[3.645s] -- Found OpenSSL: /usr/lib/aarch64-linux-gnu/libcrypto.so (found version "3.0.2")  
[3.729s] -- Found FastRTPS: /opt/ros/humble/include  
[3.816s] -- Using RMW implementation 'rmw_fastrtps_cpp' as default
[3.847s] -- Looking for pthread.h
[4.052s] -- Looking for pthread.h - found
[4.052s] -- Performing Test CMAKE_HAVE_LIBC_PTHREAD
[4.242s] -- Performing Test CMAKE_HAVE_LIBC_PTHREAD - Success
[4.247s] -- Found Threads: TRUE  
[4.441s] -- Found sensor_msgs: 4.9.0 (/opt/ros/humble/share/sensor_msgs/cmake)
[4.535s] -- Found camera_info_manager: 3.1.12 (/opt/ros/humble/share/camera_info_manager/cmake)
[4.577s] -- Found tf2: 0.25.17 (/opt/ros/humble/share/tf2/cmake)
[4.605s] -- Found tf2_ros: 0.25.17 (/opt/ros/humble/share/tf2_ros/cmake)
[4.867s] -- Found tf2_geometry_msgs: 0.25.17 (/opt/ros/humble/share/tf2_geometry_msgs/cmake)
[4.958s] -- Found eigen3_cmake_module: 0.1.1 (/opt/ros/humble/share/eigen3_cmake_module/cmake)
[4.965s] -- Found Eigen3: TRUE (found version "3.4.0") 
[4.965s] -- Ensuring Eigen3 include directory is part of orocos-kdl CMake target
[4.977s] -- Found image_transport: 3.1.12 (/opt/ros/humble/share/image_transport/cmake)
[5.036s] -- InuDev SDK found at /opt/Inuitive/InuDev
[5.037s] -- Found InuDev libraries: /opt/Inuitive/InuDev/lib/libInuStreams.so;/opt/Inuitive/InuDev/lib/libInuCommonUtilities.so
[5.043s] [0mLibrary Linking..........[0m
[5.043s] -- Target Install..........
[5.048s] -- Found ament_lint_auto: 0.12.14 (/opt/ros/humble/share/ament_lint_auto/cmake)
[5.304s] -- Added test 'copyright' to check source files copyright and LICENSE
[5.310s] -- Added test 'cppcheck' to perform static code analysis on C / C++ code
[5.311s] -- Configured cppcheck include dirs: /home/everybot/bt_ws/homecare_robot_core_2026/src/hw/src/inusensor_ros2_driver/include
[5.311s] -- Configured cppcheck exclude dirs and/or files: 
[5.316s] -- Added test 'cpplint' to check C / C++ code against the Google style
[5.317s] -- Configured cpplint exclude dirs and/or files: 
[5.320s] -- Added test 'flake8' to check Python code syntax and style conventions
[5.323s] -- Added test 'lint_cmake' to check CMake code style
[5.325s] -- Added test 'pep257' to check Python code against some of the docstring style conventions in PEP 257
[5.330s] -- Added test 'uncrustify' to check C / C++ code style
[5.331s] -- Configured uncrustify additional arguments: 
[5.333s] -- Added test 'xmllint' to check XML markup files
[5.340s] -- Configuring done
[5.403s] -- Generating done
[5.417s] -- Build files have been written to: /home/everybot/bt_ws/homecare_robot_core_2026/src/hw/build/inusensor_ros2_driver
[5.458s] Invoked command in '/home/everybot/bt_ws/homecare_robot_core_2026/src/hw/build/inusensor_ros2_driver' returned '0': CMAKE_PREFIX_PATH=${CMAKE_PREFIX_PATH}:/opt/ros/humble /usr/bin/cmake /home/everybot/bt_ws/homecare_robot_core_2026/src/hw/src/inusensor_ros2_driver -DCMAKE_INSTALL_PREFIX=/home/everybot/bt_ws/homecare_robot_core_2026/src/hw/install/inusensor_ros2_driver
[5.464s] Invoking command in '/home/everybot/bt_ws/homecare_robot_core_2026/src/hw/build/inusensor_ros2_driver': CMAKE_PREFIX_PATH=${CMAKE_PREFIX_PATH}:/opt/ros/humble /usr/bin/cmake --build /home/everybot/bt_ws/homecare_robot_core_2026/src/hw/build/inusensor_ros2_driver -- -j6 -l6
[5.591s] [ 75%] [32mBuilding CXX object CMakeFiles/inusensor_ros2_driver_node.dir/src/main.cpp.o[0m
[5.591s] [ 75%] [32mBuilding CXX object CMakeFiles/inusensor_ros2_driver_node.dir/src/inusensor_manager.cpp.o[0m
[5.591s] [ 75%] [32mBuilding CXX object CMakeFiles/inusensor_ros2_driver_node.dir/src/inusensor_node.cpp.o[0m
[7.188s] In file included from [01m[K/opt/Inuitive/InuDev/include/BaseStream.h:13[m[K,
[7.188s]                  from [01m[K/opt/Inuitive/InuDev/include/BaseOutputStream.h:13[m[K,
[7.188s]                  from [01m[K/opt/Inuitive/InuDev/include/InuSensor.h:15[m[K,
[7.189s]                  from [01m[K/home/everybot/bt_ws/homecare_robot_core_2026/src/hw/src/inusensor_ros2_driver/include/inusensor_ros2_driver/inusensor_manager.hpp:4[m[K,
[7.189s]                  from [01m[K/home/everybot/bt_ws/homecare_robot_core_2026/src/hw/src/inusensor_ros2_driver/src/inusensor_manager.cpp:1[m[K:
[7.189s] [01m[K/opt/Inuitive/InuDev/include/BaseFrame.h:[m[K In constructor ‘[01m[KInuDev::CBaseFrame::CBaseFrame(uint64_t, unsigned int, unsigned int, bool, std::string)[m[K’:
[7.189s] [01m[K/opt/Inuitive/InuDev/include/BaseFrame.h:145:25:[m[K [01;35m[Kwarning: [m[Kunused parameter ‘[01m[KiUserID[m[K’ [[01;35m[K-Wunused-parameter[m[K]
[7.189s]   145 |             [01;35m[Kstd::string iUserID = std::string()[m[K) :
[7.189s]       |             [01;35m[K~~~~~~~~~~~~^~~~~~~~~~~~~~~~~~~~~~~[m[K
[7.516s] In file included from [01m[K/opt/Inuitive/InuDev/include/HwInformation.h:13[m[K,
[7.517s]                  from [01m[K/opt/Inuitive/InuDev/include/InuSensor.h:18[m[K,
[7.517s]                  from [01m[K/home/everybot/bt_ws/homecare_robot_core_2026/src/hw/src/inusensor_ros2_driver/include/inusensor_ros2_driver/inusensor_manager.hpp:4[m[K,
[7.517s]                  from [01m[K/home/everybot/bt_ws/homecare_robot_core_2026/src/hw/src/inusensor_ros2_driver/src/inusensor_manager.cpp:1[m[K:
[7.517s] [01m[K/opt/Inuitive/InuDev/include/GeneralFrame.h:[m[K At global scope:
[7.517s] [01m[K/opt/Inuitive/InuDev/include/GeneralFrame.h:56:24:[m[K [01;35m[Kwarning: [m[Ktype qualifiers ignored on function return type [[01;35m[K-Wignored-qualifiers[m[K]
[7.518s]    56 |         INUSTREAMS_API [01;35m[KInuDev[m[K::byte* const GetData() const { return mData; }
[7.518s]       |                        [01;35m[K^~~~~~[m[K
[7.596s] In file included from [01m[K/opt/Inuitive/InuDev/include/DepthStream.h:14[m[K,
[7.596s]                  from [01m[K/home/everybot/bt_ws/homecare_robot_core_2026/src/hw/src/inusensor_ros2_driver/include/inusensor_ros2_driver/inusensor_manager.hpp:5[m[K,
[7.596s]                  from [01m[K/home/everybot/bt_ws/homecare_robot_core_2026/src/hw/src/inusensor_ros2_driver/src/inusensor_manager.cpp:1[m[K:
[7.596s] [01m[K/opt/Inuitive/InuDev/include/ImageFrame.h:159:9:[m[K [01;35m[Kwarning: [m[Ktype qualifiers ignored on function return type [[01;35m[K-Wignored-qualifiers[m[K]
[7.597s]   159 |         [01;35m[Kconst[m[K uint64_t GetReadoutTime() const { return mReadoutTime; }
[7.597s]       |         [01;35m[K^~~~~[m[K
[13.616s] In file included from [01m[K/opt/Inuitive/InuDev/include/BaseStream.h:13[m[K,
[13.617s]                  from [01m[K/opt/Inuitive/InuDev/include/BaseOutputStream.h:13[m[K,
[13.617s]                  from [01m[K/opt/Inuitive/InuDev/include/InuSensor.h:15[m[K,
[13.617s]                  from [01m[K/home/everybot/bt_ws/homecare_robot_core_2026/src/hw/src/inusensor_ros2_driver/include/inusensor_ros2_driver/inusensor_manager.hpp:4[m[K,
[13.617s]                  from [01m[K/home/everybot/bt_ws/homecare_robot_core_2026/src/hw/src/inusensor_ros2_driver/include/inusensor_ros2_driver/inusensor_node.hpp:18[m[K,
[13.617s]                  from [01m[K/home/everybot/bt_ws/homecare_robot_core_2026/src/hw/src/inusensor_ros2_driver/src/main.cpp:2[m[K:
[13.617s] [01m[K/opt/Inuitive/InuDev/include/BaseFrame.h:[m[K In constructor ‘[01m[KInuDev::CBaseFrame::CBaseFrame(uint64_t, unsigned int, unsigned int, bool, std::string)[m[K’:
[13.618s] [01m[K/opt/Inuitive/InuDev/include/BaseFrame.h:145:25:[m[K [01;35m[Kwarning: [m[Kunused parameter ‘[01m[KiUserID[m[K’ [[01;35m[K-Wunused-parameter[m[K]
[13.618s]   145 |             [01;35m[Kstd::string iUserID = std::string()[m[K) :
[13.618s]       |             [01;35m[K~~~~~~~~~~~~^~~~~~~~~~~~~~~~~~~~~~~[m[K
[13.664s] In file included from [01m[K/opt/Inuitive/InuDev/include/HwInformation.h:13[m[K,
[13.664s]                  from [01m[K/opt/Inuitive/InuDev/include/InuSensor.h:18[m[K,
[13.664s]                  from [01m[K/home/everybot/bt_ws/homecare_robot_core_2026/src/hw/src/inusensor_ros2_driver/include/inusensor_ros2_driver/inusensor_manager.hpp:4[m[K,
[13.664s]                  from [01m[K/home/everybot/bt_ws/homecare_robot_core_2026/src/hw/src/inusensor_ros2_driver/include/inusensor_ros2_driver/inusensor_node.hpp:18[m[K,
[13.664s]                  from [01m[K/home/everybot/bt_ws/homecare_robot_core_2026/src/hw/src/inusensor_ros2_driver/src/main.cpp:2[m[K:
[13.665s] [01m[K/opt/Inuitive/InuDev/include/GeneralFrame.h:[m[K At global scope:
[13.665s] [01m[K/opt/Inuitive/InuDev/include/GeneralFrame.h:56:24:[m[K [01;35m[Kwarning: [m[Ktype qualifiers ignored on function return type [[01;35m[K-Wignored-qualifiers[m[K]
[13.665s]    56 |         INUSTREAMS_API [01;35m[KInuDev[m[K::byte* const GetData() const { return mData; }
[13.665s]       |                        [01;35m[K^~~~~~[m[K
[13.747s] In file included from [01m[K/opt/Inuitive/InuDev/include/DepthStream.h:14[m[K,
[13.748s]                  from [01m[K/home/everybot/bt_ws/homecare_robot_core_2026/src/hw/src/inusensor_ros2_driver/include/inusensor_ros2_driver/inusensor_manager.hpp:5[m[K,
[13.748s]                  from [01m[K/home/everybot/bt_ws/homecare_robot_core_2026/src/hw/src/inusensor_ros2_driver/include/inusensor_ros2_driver/inusensor_node.hpp:18[m[K,
[13.748s]                  from [01m[K/home/everybot/bt_ws/homecare_robot_core_2026/src/hw/src/inusensor_ros2_driver/src/main.cpp:2[m[K:
[13.748s] [01m[K/opt/Inuitive/InuDev/include/ImageFrame.h:159:9:[m[K [01;35m[Kwarning: [m[Ktype qualifiers ignored on function return type [[01;35m[K-Wignored-qualifiers[m[K]
[13.748s]   159 |         [01;35m[Kconst[m[K uint64_t GetReadoutTime() const { return mReadoutTime; }
[13.749s]       |         [01;35m[K^~~~~[m[K
[13.846s] In file included from [01m[K/opt/Inuitive/InuDev/include/BaseStream.h:13[m[K,
[13.847s]                  from [01m[K/opt/Inuitive/InuDev/include/BaseOutputStream.h:13[m[K,
[13.847s]                  from [01m[K/opt/Inuitive/InuDev/include/InuSensor.h:15[m[K,
[13.847s]                  from [01m[K/home/everybot/bt_ws/homecare_robot_core_2026/src/hw/src/inusensor_ros2_driver/include/inusensor_ros2_driver/inusensor_manager.hpp:4[m[K,
[13.847s]                  from [01m[K/home/everybot/bt_ws/homecare_robot_core_2026/src/hw/src/inusensor_ros2_driver/include/inusensor_ros2_driver/inusensor_node.hpp:18[m[K,
[13.847s]                  from [01m[K/home/everybot/bt_ws/homecare_robot_core_2026/src/hw/src/inusensor_ros2_driver/src/inusensor_node.cpp:1[m[K:
[13.848s] [01m[K/opt/Inuitive/InuDev/include/BaseFrame.h:[m[K In constructor ‘[01m[KInuDev::CBaseFrame::CBaseFrame(uint64_t, unsigned int, unsigned int, bool, std::string)[m[K’:
[13.848s] [01m[K/opt/Inuitive/InuDev/include/BaseFrame.h:145:25:[m[K [01;35m[Kwarning: [m[Kunused parameter ‘[01m[KiUserID[m[K’ [[01;35m[K-Wunused-parameter[m[K]
[13.848s]   145 |             [01;35m[Kstd::string iUserID = std::string()[m[K) :
[13.848s]       |             [01;35m[K~~~~~~~~~~~~^~~~~~~~~~~~~~~~~~~~~~~[m[K
[13.893s] In file included from [01m[K/opt/Inuitive/InuDev/include/HwInformation.h:13[m[K,
[13.893s]                  from [01m[K/opt/Inuitive/InuDev/include/InuSensor.h:18[m[K,
[13.894s]                  from [01m[K/home/everybot/bt_ws/homecare_robot_core_2026/src/hw/src/inusensor_ros2_driver/include/inusensor_ros2_driver/inusensor_manager.hpp:4[m[K,
[13.894s]                  from [01m[K/home/everybot/bt_ws/homecare_robot_core_2026/src/hw/src/inusensor_ros2_driver/include/inusensor_ros2_driver/inusensor_node.hpp:18[m[K,
[13.894s]                  from [01m[K/home/everybot/bt_ws/homecare_robot_core_2026/src/hw/src/inusensor_ros2_driver/src/inusensor_node.cpp:1[m[K:
[13.894s] [01m[K/opt/Inuitive/InuDev/include/GeneralFrame.h:[m[K At global scope:
[13.894s] [01m[K/opt/Inuitive/InuDev/include/GeneralFrame.h:56:24:[m[K [01;35m[Kwarning: [m[Ktype qualifiers ignored on function return type [[01;35m[K-Wignored-qualifiers[m[K]
[13.894s]    56 |         INUSTREAMS_API [01;35m[KInuDev[m[K::byte* const GetData() const { return mData; }
[13.895s]       |                        [01;35m[K^~~~~~[m[K
[13.976s] In file included from [01m[K/opt/Inuitive/InuDev/include/DepthStream.h:14[m[K,
[13.976s]                  from [01m[K/home/everybot/bt_ws/homecare_robot_core_2026/src/hw/src/inusensor_ros2_driver/include/inusensor_ros2_driver/inusensor_manager.hpp:5[m[K,
[13.976s]                  from [01m[K/home/everybot/bt_ws/homecare_robot_core_2026/src/hw/src/inusensor_ros2_driver/include/inusensor_ros2_driver/inusensor_node.hpp:18[m[K,
[13.976s]                  from [01m[K/home/everybot/bt_ws/homecare_robot_core_2026/src/hw/src/inusensor_ros2_driver/src/inusensor_node.cpp:1[m[K:
[13.976s] [01m[K/opt/Inuitive/InuDev/include/ImageFrame.h:159:9:[m[K [01;35m[Kwarning: [m[Ktype qualifiers ignored on function return type [[01;35m[K-Wignored-qualifiers[m[K]
[13.977s]   159 |         [01;35m[Kconst[m[K uint64_t GetReadoutTime() const { return mReadoutTime; }
[13.977s]       |         [01;35m[K^~~~~[m[K
[18.074s] In file included from [01m[K/opt/ros/humble/include/rclcpp/rclcpp/logging.hpp:24[m[K,
[18.074s]                  from [01m[K/opt/ros/humble/include/rclcpp/rclcpp/client.hpp:40[m[K,
[18.074s]                  from [01m[K/opt/ros/humble/include/rclcpp/rclcpp/callback_group.hpp:24[m[K,
[18.074s]                  from [01m[K/opt/ros/humble/include/rclcpp/rclcpp/any_executable.hpp:20[m[K,
[18.075s]                  from [01m[K/opt/ros/humble/include/rclcpp/rclcpp/memory_strategy.hpp:25[m[K,
[18.075s]                  from [01m[K/opt/ros/humble/include/rclcpp/rclcpp/memory_strategies.hpp:18[m[K,
[18.075s]                  from [01m[K/opt/ros/humble/include/rclcpp/rclcpp/executor_options.hpp:20[m[K,
[18.075s]                  from [01m[K/opt/ros/humble/include/rclcpp/rclcpp/executor.hpp:37[m[K,
[18.075s]                  from [01m[K/opt/ros/humble/include/rclcpp/rclcpp/executors/multi_threaded_executor.hpp:25[m[K,
[18.075s]                  from [01m[K/opt/ros/humble/include/rclcpp/rclcpp/executors.hpp:21[m[K,
[18.075s]                  from [01m[K/opt/ros/humble/include/rclcpp/rclcpp/rclcpp.hpp:155[m[K,
[18.076s]                  from [01m[K/home/everybot/bt_ws/homecare_robot_core_2026/src/hw/src/inusensor_ros2_driver/include/inusensor_ros2_driver/inusensor_node.hpp:4[m[K,
[18.076s]                  from [01m[K/home/everybot/bt_ws/homecare_robot_core_2026/src/hw/src/inusensor_ros2_driver/src/inusensor_node.cpp:1[m[K:
[18.076s] [01m[K/home/everybot/bt_ws/homecare_robot_core_2026/src/hw/src/inusensor_ros2_driver/src/inusensor_node.cpp:[m[K In member function ‘[01m[Kvoid inusensor_ros2_driver::InuSensorNode::onDepthFrameReceived(std::shared_ptr<InuDev::CDepthStream>, std::shared_ptr<const InuDev::CImageFrame>, InuDev::CInuError)[m[K’:
[18.076s] [01m[K/home/everybot/bt_ws/homecare_robot_core_2026/src/hw/src/inusensor_ros2_driver/src/inusensor_node.cpp:775:30:[m[K [01;35m[Kwarning: [m[Kformat ‘[01m[K%lu[m[K’ expects argument of type ‘[01m[Klong unsigned int[m[K’, but argument 5 has type ‘[01m[Kunsigned int[m[K’ [[01;35m[K-Wformat=[m[K]
[18.076s]   775 |                              [01;35m[K"Invalid depth frame %lu received from SDK"[m[K, [32m[Kframe->FrameIndex[m[K);
[18.076s]       |                              [01;35m[K^~~~~~~~~~~~~~~~~~~~~~~~~~~~~~~~~~~~~~~~~~~[m[K  [32m[K~~~~~~~~~~~~~~~~~[m[K
[18.076s]       |                                                                                  [32m[K|[m[K
[18.076s]       |                                                                                  [32m[Kunsigned int[m[K
[18.077s] [01m[K/home/everybot/bt_ws/homecare_robot_core_2026/src/hw/src/inusensor_ros2_driver/src/inusensor_node.cpp:775:53:[m[K [01;36m[Knote: [m[Kformat string is defined here
[18.077s]   775 |                              "Invalid depth frame [01;36m[K%lu[m[K received from SDK", frame->FrameIndex);
[18.077s]       |                                                   [01;36m[K~~^[m[K
[18.077s]       |                                                     [01;36m[K|[m[K
[18.077s]       |                                                     [01;36m[Klong unsigned int[m[K
[18.077s]       |                                                   [32m[K%u[m[K
[18.077s] [01m[K/home/everybot/bt_ws/homecare_robot_core_2026/src/hw/src/inusensor_ros2_driver/src/inusensor_node.cpp:760:80:[m[K [01;35m[Kwarning: [m[Kunused parameter ‘[01m[Kstream[m[K’ [[01;35m[K-Wunused-parameter[m[K]
[18.078s]   760 | void InuSensorNode::onDepthFrameReceived([01;35m[Kstd::shared_ptr<InuDev::CDepthStream> stream[m[K,
[18.078s]       |                                          [01;35m[K~~~~~~~~~~~~~~~~~~~~~~~~~~~~~~~~~~~~~~^~~~~~[m[K
[18.080s] In file included from [01m[K/opt/ros/humble/include/rclcpp/rclcpp/logging.hpp:24[m[K,
[18.080s]                  from [01m[K/opt/ros/humble/include/rclcpp/rclcpp/client.hpp:40[m[K,
[18.080s]                  from [01m[K/opt/ros/humble/include/rclcpp/rclcpp/callback_group.hpp:24[m[K,
[18.080s]                  from [01m[K/opt/ros/humble/include/rclcpp/rclcpp/any_executable.hpp:20[m[K,
[18.081s]                  from [01m[K/opt/ros/humble/include/rclcpp/rclcpp/memory_strategy.hpp:25[m[K,
[18.081s]                  from [01m[K/opt/ros/humble/include/rclcpp/rclcpp/memory_strategies.hpp:18[m[K,
[18.081s]                  from [01m[K/opt/ros/humble/include/rclcpp/rclcpp/executor_options.hpp:20[m[K,
[18.081s]                  from [01m[K/opt/ros/humble/include/rclcpp/rclcpp/executor.hpp:37[m[K,
[18.081s]                  from [01m[K/opt/ros/humble/include/rclcpp/rclcpp/executors/multi_threaded_executor.hpp:25[m[K,
[18.081s]                  from [01m[K/opt/ros/humble/include/rclcpp/rclcpp/executors.hpp:21[m[K,
[18.081s]                  from [01m[K/opt/ros/humble/include/rclcpp/rclcpp/rclcpp.hpp:155[m[K,
[18.081s]                  from [01m[K/home/everybot/bt_ws/homecare_robot_core_2026/src/hw/src/inusensor_ros2_driver/include/inusensor_ros2_driver/inusensor_node.hpp:4[m[K,
[18.082s]                  from [01m[K/home/everybot/bt_ws/homecare_robot_core_2026/src/hw/src/inusensor_ros2_driver/src/inusensor_node.cpp:1[m[K:
[18.082s] [01m[K/home/everybot/bt_ws/homecare_robot_core_2026/src/hw/src/inusensor_ros2_driver/src/inusensor_node.cpp:[m[K In member function ‘[01m[Kvoid inusensor_ros2_driver::InuSensorNode::onRGBFrameReceived(std::shared_ptr<InuDev::CImageStream>, std::shared_ptr<const InuDev::CImageFrame>, InuDev::CInuError)[m[K’:
[18.082s] [01m[K/home/everybot/bt_ws/homecare_robot_core_2026/src/hw/src/inusensor_ros2_driver/src/inusensor_node.cpp:820:30:[m[K [01;35m[Kwarning: [m[Kformat ‘[01m[K%lu[m[K’ expects argument of type ‘[01m[Klong unsigned int[m[K’, but argument 5 has type ‘[01m[Kunsigned int[m[K’ [[01;35m[K-Wformat=[m[K]
[18.082s]   820 |                              [01;35m[K"Invalid RGB frame %lu received from SDK"[m[K, [32m[Kframe->FrameIndex[m[K);
[18.082s]       |                              [01;35m[K^~~~~~~~~~~~~~~~~~~~~~~~~~~~~~~~~~~~~~~~~[m[K  [32m[K~~~~~~~~~~~~~~~~~[m[K
[18.082s]       |                                                                                [32m[K|[m[K
[18.083s]       |                                                                                [32m[Kunsigned int[m[K
[18.083s] [01m[K/home/everybot/bt_ws/homecare_robot_core_2026/src/hw/src/inusensor_ros2_driver/src/inusensor_node.cpp:820:51:[m[K [01;36m[Knote: [m[Kformat string is defined here
[18.083s]   820 |                              "Invalid RGB frame [01;36m[K%lu[m[K received from SDK", frame->FrameIndex);
[18.083s]       |                                                 [01;36m[K~~^[m[K
[18.083s]       |                                                   [01;36m[K|[m[K
[18.083s]       |                                                   [01;36m[Klong unsigned int[m[K
[18.083s]       |                                                 [32m[K%u[m[K
[18.083s] [01m[K/home/everybot/bt_ws/homecare_robot_core_2026/src/hw/src/inusensor_ros2_driver/src/inusensor_node.cpp:805:78:[m[K [01;35m[Kwarning: [m[Kunused parameter ‘[01m[Kstream[m[K’ [[01;35m[K-Wunused-parameter[m[K]
[18.084s]   805 | void InuSensorNode::onRGBFrameReceived([01;35m[Kstd::shared_ptr<InuDev::CImageStream> stream[m[K,
[18.084s]       |                                        [01;35m[K~~~~~~~~~~~~~~~~~~~~~~~~~~~~~~~~~~~~~~^~~~~~[m[K
[18.102s] In file included from [01m[K/opt/ros/humble/include/rclcpp/rclcpp/logging.hpp:24[m[K,
[18.102s]                  from [01m[K/opt/ros/humble/include/rclcpp/rclcpp/client.hpp:40[m[K,
[18.102s]                  from [01m[K/opt/ros/humble/include/rclcpp/rclcpp/callback_group.hpp:24[m[K,
[18.103s]                  from [01m[K/opt/ros/humble/include/rclcpp/rclcpp/any_executable.hpp:20[m[K,
[18.103s]                  from [01m[K/opt/ros/humble/include/rclcpp/rclcpp/memory_strategy.hpp:25[m[K,
[18.103s]                  from [01m[K/opt/ros/humble/include/rclcpp/rclcpp/memory_strategies.hpp:18[m[K,
[18.103s]                  from [01m[K/opt/ros/humble/include/rclcpp/rclcpp/executor_options.hpp:20[m[K,
[18.103s]                  from [01m[K/opt/ros/humble/include/rclcpp/rclcpp/executor.hpp:37[m[K,
[18.103s]                  from [01m[K/opt/ros/humble/include/rclcpp/rclcpp/executors/multi_threaded_executor.hpp:25[m[K,
[18.104s]                  from [01m[K/opt/ros/humble/include/rclcpp/rclcpp/executors.hpp:21[m[K,
[18.104s]                  from [01m[K/opt/ros/humble/include/rclcpp/rclcpp/rclcpp.hpp:155[m[K,
[18.104s]                  from [01m[K/home/everybot/bt_ws/homecare_robot_core_2026/src/hw/src/inusensor_ros2_driver/include/inusensor_ros2_driver/inusensor_node.hpp:4[m[K,
[18.104s]                  from [01m[K/home/everybot/bt_ws/homecare_robot_core_2026/src/hw/src/inusensor_ros2_driver/src/inusensor_node.cpp:1[m[K:
[18.104s] [01m[K/home/everybot/bt_ws/homecare_robot_core_2026/src/hw/src/inusensor_ros2_driver/src/inusensor_node.cpp:[m[K In member function ‘[01m[Kvoid inusensor_ros2_driver::InuSensorNode::onIMUAccFrame(std::shared_ptr<InuDev::CImuStream>, std::shared_ptr<const InuDev::CImuFrame>, InuDev::CInuError)[m[K’:
[18.104s] [01m[K/home/everybot/bt_ws/homecare_robot_core_2026/src/hw/src/inusensor_ros2_driver/src/inusensor_node.cpp:1180:30:[m[K [01;35m[Kwarning: [m[Kformat ‘[01m[K%lu[m[K’ expects argument of type ‘[01m[Klong unsigned int[m[K’, but argument 5 has type ‘[01m[Kunsigned int[m[K’ [[01;35m[K-Wformat=[m[K]
[18.104s]  1180 |                              [01;35m[K"Invalid IMU ACC frame %lu"[m[K, [32m[Kframe->FrameIndex[m[K);
[18.104s]       |                              [01;35m[K^~~~~~~~~~~~~~~~~~~~~~~~~~~[m[K  [32m[K~~~~~~~~~~~~~~~~~[m[K
[18.105s]       |                                                                  [32m[K|[m[K
[18.105s]       |                                                                  [32m[Kunsigned int[m[K
[18.105s] [01m[K/home/everybot/bt_ws/homecare_robot_core_2026/src/hw/src/inusensor_ros2_driver/src/inusensor_node.cpp:1180:55:[m[K [01;36m[Knote: [m[Kformat string is defined here
[18.105s]  1180 |                              "Invalid IMU ACC frame [01;36m[K%lu[m[K", frame->FrameIndex);
[18.105s]       |                                                     [01;36m[K~~^[m[K
[18.105s]       |                                                       [01;36m[K|[m[K
[18.105s]       |                                                       [01;36m[Klong unsigned int[m[K
[18.105s]       |                                                     [32m[K%u[m[K
[18.106s] [01m[K/home/everybot/bt_ws/homecare_robot_core_2026/src/hw/src/inusensor_ros2_driver/src/inusensor_node.cpp:1168:71:[m[K [01;35m[Kwarning: [m[Kunused parameter ‘[01m[Kstream[m[K’ [[01;35m[K-Wunused-parameter[m[K]
[18.106s]  1168 | void InuSensorNode::onIMUAccFrame([01;35m[Kstd::shared_ptr<InuDev::CImuStream> stream[m[K,
[18.106s]       |                                   [01;35m[K~~~~~~~~~~~~~~~~~~~~~~~~~~~~~~~~~~~~^~~~~~[m[K
[18.108s] In file included from [01m[K/opt/ros/humble/include/rclcpp/rclcpp/logging.hpp:24[m[K,
[18.108s]                  from [01m[K/opt/ros/humble/include/rclcpp/rclcpp/client.hpp:40[m[K,
[18.108s]                  from [01m[K/opt/ros/humble/include/rclcpp/rclcpp/callback_group.hpp:24[m[K,
[18.108s]                  from [01m[K/opt/ros/humble/include/rclcpp/rclcpp/any_executable.hpp:20[m[K,
[18.109s]                  from [01m[K/opt/ros/humble/include/rclcpp/rclcpp/memory_strategy.hpp:25[m[K,
[18.109s]                  from [01m[K/opt/ros/humble/include/rclcpp/rclcpp/memory_strategies.hpp:18[m[K,
[18.109s]                  from [01m[K/opt/ros/humble/include/rclcpp/rclcpp/executor_options.hpp:20[m[K,
[18.109s]                  from [01m[K/opt/ros/humble/include/rclcpp/rclcpp/executor.hpp:37[m[K,
[18.109s]                  from [01m[K/opt/ros/humble/include/rclcpp/rclcpp/executors/multi_threaded_executor.hpp:25[m[K,
[18.109s]                  from [01m[K/opt/ros/humble/include/rclcpp/rclcpp/executors.hpp:21[m[K,
[18.109s]                  from [01m[K/opt/ros/humble/include/rclcpp/rclcpp/rclcpp.hpp:155[m[K,
[18.110s]                  from [01m[K/home/everybot/bt_ws/homecare_robot_core_2026/src/hw/src/inusensor_ros2_driver/include/inusensor_ros2_driver/inusensor_node.hpp:4[m[K,
[18.110s]                  from [01m[K/home/everybot/bt_ws/homecare_robot_core_2026/src/hw/src/inusensor_ros2_driver/src/inusensor_node.cpp:1[m[K:
[18.110s] [01m[K/home/everybot/bt_ws/homecare_robot_core_2026/src/hw/src/inusensor_ros2_driver/src/inusensor_node.cpp:[m[K In member function ‘[01m[Kvoid inusensor_ros2_driver::InuSensorNode::onIMUGyroFrame(std::shared_ptr<InuDev::CImuStream>, std::shared_ptr<const InuDev::CImuFrame>, InuDev::CInuError)[m[K’:
[18.110s] [01m[K/home/everybot/bt_ws/homecare_robot_core_2026/src/hw/src/inusensor_ros2_driver/src/inusensor_node.cpp:1234:30:[m[K [01;35m[Kwarning: [m[Kformat ‘[01m[K%lu[m[K’ expects argument of type ‘[01m[Klong unsigned int[m[K’, but argument 5 has type ‘[01m[Kunsigned int[m[K’ [[01;35m[K-Wformat=[m[K]
[18.110s]  1234 |                              [01;35m[K"Invalid IMU GYRO frame %lu"[m[K, [32m[Kframe->FrameIndex[m[K);
[18.110s]       |                              [01;35m[K^~~~~~~~~~~~~~~~~~~~~~~~~~~~[m[K  [32m[K~~~~~~~~~~~~~~~~~[m[K
[18.110s]       |                                                                   [32m[K|[m[K
[18.110s]       |                                                                   [32m[Kunsigned int[m[K
[18.111s] [01m[K/home/everybot/bt_ws/homecare_robot_core_2026/src/hw/src/inusensor_ros2_driver/src/inusensor_node.cpp:1234:56:[m[K [01;36m[Knote: [m[Kformat string is defined here
[18.111s]  1234 |                              "Invalid IMU GYRO frame [01;36m[K%lu[m[K", frame->FrameIndex);
[18.111s]       |                                                      [01;36m[K~~^[m[K
[18.111s]       |                                                        [01;36m[K|[m[K
[18.111s]       |                                                        [01;36m[Klong unsigned int[m[K
[18.111s]       |                                                      [32m[K%u[m[K
[18.111s] [01m[K/home/everybot/bt_ws/homecare_robot_core_2026/src/hw/src/inusensor_ros2_driver/src/inusensor_node.cpp:1222:72:[m[K [01;35m[Kwarning: [m[Kunused parameter ‘[01m[Kstream[m[K’ [[01;35m[K-Wunused-parameter[m[K]
[18.111s]  1222 | void InuSensorNode::onIMUGyroFrame([01;35m[Kstd::shared_ptr<InuDev::CImuStream> stream[m[K,
[18.112s]       |                                    [01;35m[K~~~~~~~~~~~~~~~~~~~~~~~~~~~~~~~~~~~~^~~~~~[m[K
[29.675s] [100%] [32m[1mLinking CXX executable inusensor_ros2_driver_node[0m
[31.152s] [100%] Built target inusensor_ros2_driver_node
[31.181s] Invoked command in '/home/everybot/bt_ws/homecare_robot_core_2026/src/hw/build/inusensor_ros2_driver' returned '0': CMAKE_PREFIX_PATH=${CMAKE_PREFIX_PATH}:/opt/ros/humble /usr/bin/cmake --build /home/everybot/bt_ws/homecare_robot_core_2026/src/hw/build/inusensor_ros2_driver -- -j6 -l6
[31.212s] Invoking command in '/home/everybot/bt_ws/homecare_robot_core_2026/src/hw/build/inusensor_ros2_driver': CMAKE_PREFIX_PATH=${CMAKE_PREFIX_PATH}:/opt/ros/humble /usr/bin/cmake --install /home/everybot/bt_ws/homecare_robot_core_2026/src/hw/build/inusensor_ros2_driver
[31.230s] -- Install configuration: ""
[31.231s] -- Installing: /home/everybot/bt_ws/homecare_robot_core_2026/src/hw/install/inusensor_ros2_driver/lib/inusensor_ros2_driver/inusensor_ros2_driver_node
[31.236s] -- Set runtime path of "/home/everybot/bt_ws/homecare_robot_core_2026/src/hw/install/inusensor_ros2_driver/lib/inusensor_ros2_driver/inusensor_ros2_driver_node" to ""
[31.237s] -- Installing: /home/everybot/bt_ws/homecare_robot_core_2026/src/hw/install/inusensor_ros2_driver/share/inusensor_ros2_driver/launch
[31.237s] -- Installing: /home/everybot/bt_ws/homecare_robot_core_2026/src/hw/install/inusensor_ros2_driver/share/inusensor_ros2_driver/launch/inusensor.launch.py
[31.237s] -- Installing: /home/everybot/bt_ws/homecare_robot_core_2026/src/hw/install/inusensor_ros2_driver/share/inusensor_ros2_driver/config
[31.237s] -- Installing: /home/everybot/bt_ws/homecare_robot_core_2026/src/hw/install/inusensor_ros2_driver/share/inusensor_ros2_driver/config/sensor_config.yaml
[31.238s] -- Installing: /home/everybot/bt_ws/homecare_robot_core_2026/src/hw/install/inusensor_ros2_driver/share/inusensor_ros2_driver/config/camera_params.yaml
[31.238s] -- Installing: /home/everybot/bt_ws/homecare_robot_core_2026/src/hw/install/inusensor_ros2_driver/share/ament_index/resource_index/package_run_dependencies/inusensor_ros2_driver
[31.239s] -- Installing: /home/everybot/bt_ws/homecare_robot_core_2026/src/hw/install/inusensor_ros2_driver/share/ament_index/resource_index/parent_prefix_path/inusensor_ros2_driver
[31.239s] -- Installing: /home/everybot/bt_ws/homecare_robot_core_2026/src/hw/install/inusensor_ros2_driver/share/inusensor_ros2_driver/environment/ament_prefix_path.sh
[31.239s] -- Installing: /home/everybot/bt_ws/homecare_robot_core_2026/src/hw/install/inusensor_ros2_driver/share/inusensor_ros2_driver/environment/ament_prefix_path.dsv
[31.240s] -- Installing: /home/everybot/bt_ws/homecare_robot_core_2026/src/hw/install/inusensor_ros2_driver/share/inusensor_ros2_driver/environment/path.sh
[31.240s] -- Installing: /home/everybot/bt_ws/homecare_robot_core_2026/src/hw/install/inusensor_ros2_driver/share/inusensor_ros2_driver/environment/path.dsv
[31.240s] -- Installing: /home/everybot/bt_ws/homecare_robot_core_2026/src/hw/install/inusensor_ros2_driver/share/inusensor_ros2_driver/local_setup.bash
[31.241s] -- Installing: /home/everybot/bt_ws/homecare_robot_core_2026/src/hw/install/inusensor_ros2_driver/share/inusensor_ros2_driver/local_setup.sh
[31.241s] -- Installing: /home/everybot/bt_ws/homecare_robot_core_2026/src/hw/install/inusensor_ros2_driver/share/inusensor_ros2_driver/local_setup.zsh
[31.241s] -- Installing: /home/everybot/bt_ws/homecare_robot_core_2026/src/hw/install/inusensor_ros2_driver/share/inusensor_ros2_driver/local_setup.dsv
[31.241s] -- Installing: /home/everybot/bt_ws/homecare_robot_core_2026/src/hw/install/inusensor_ros2_driver/share/inusensor_ros2_driver/package.dsv
[31.242s] -- Installing: /home/everybot/bt_ws/homecare_robot_core_2026/src/hw/install/inusensor_ros2_driver/share/ament_index/resource_index/packages/inusensor_ros2_driver
[31.242s] -- Installing: /home/everybot/bt_ws/homecare_robot_core_2026/src/hw/install/inusensor_ros2_driver/share/inusensor_ros2_driver/cmake/inusensor_ros2_driverConfig.cmake
[31.243s] -- Installing: /home/everybot/bt_ws/homecare_robot_core_2026/src/hw/install/inusensor_ros2_driver/share/inusensor_ros2_driver/cmake/inusensor_ros2_driverConfig-version.cmake
[31.243s] -- Installing: /home/everybot/bt_ws/homecare_robot_core_2026/src/hw/install/inusensor_ros2_driver/share/inusensor_ros2_driver/package.xml
[31.249s] Invoked command in '/home/everybot/bt_ws/homecare_robot_core_2026/src/hw/build/inusensor_ros2_driver' returned '0': CMAKE_PREFIX_PATH=${CMAKE_PREFIX_PATH}:/opt/ros/humble /usr/bin/cmake --install /home/everybot/bt_ws/homecare_robot_core_2026/src/hw/build/inusensor_ros2_driver
