[0.025s] Invoking command in '/home/everybot/bt_ws/homecare_robot_core_2026/src/hw/build/inusensor_ros2_driver': CMAKE_PREFIX_PATH=${CMAKE_PREFIX_PATH}:/opt/ros/humble /usr/bin/cmake /home/everybot/bt_ws/homecare_robot_core_2026/src/hw/src/inusensor_ros2_driver -DAMENT_CMAKE_SYMLINK_INSTALL=1 -DCMAKE_INSTALL_PREFIX=/home/everybot/bt_ws/homecare_robot_core_2026/src/hw/install/inusensor_ros2_driver
[0.063s] -- Found ament_cmake: 1.3.12 (/opt/ros/humble/share/ament_cmake/cmake)
[0.363s] -- Override CMake install command with custom implementation using symlinks instead of copying resources
[0.401s] -- Found rclcpp: 16.0.16 (/opt/ros/humble/share/rclcpp/cmake)
[0.473s] -- Found rosidl_generator_c: 3.1.7 (/opt/ros/humble/share/rosidl_generator_c/cmake)
[0.478s] -- Found rosidl_adapter: 3.1.7 (/opt/ros/humble/share/rosidl_adapter/cmake)
[0.491s] -- Found rosidl_generator_cpp: 3.1.7 (/opt/ros/humble/share/rosidl_generator_cpp/cmake)
[0.511s] -- Using all available rosidl_typesupport_c: rosidl_typesupport_fastrtps_c;rosidl_typesupport_introspection_c
[0.536s] -- Using all available rosidl_typesupport_cpp: rosidl_typesupport_fastrtps_cpp;rosidl_typesupport_introspection_cpp
[0.603s] -- Found rmw_implementation_cmake: 6.1.2 (/opt/ros/humble/share/rmw_implementation_cmake/cmake)
[0.605s] -- Found rmw_fastrtps_cpp: 6.2.9 (/opt/ros/humble/share/rmw_fastrtps_cpp/cmake)
[0.810s] -- Using RMW implementation 'rmw_fastrtps_cpp' as default
[0.913s] -- Found sensor_msgs: 4.9.0 (/opt/ros/humble/share/sensor_msgs/cmake)
[0.973s] -- Found camera_info_manager: 3.1.12 (/opt/ros/humble/share/camera_info_manager/cmake)
[0.987s] -- Found tf2: 0.25.17 (/opt/ros/humble/share/tf2/cmake)
[0.995s] -- Found tf2_ros: 0.25.17 (/opt/ros/humble/share/tf2_ros/cmake)
[1.154s] -- Found tf2_geometry_msgs: 0.25.17 (/opt/ros/humble/share/tf2_geometry_msgs/cmake)
[1.160s] -- Found eigen3_cmake_module: 0.1.1 (/opt/ros/humble/share/eigen3_cmake_module/cmake)
[1.163s] -- Ensuring Eigen3 include directory is part of orocos-kdl CMake target
[1.166s] -- Found image_transport: 3.1.12 (/opt/ros/humble/share/image_transport/cmake)
[1.196s] -- InuDev SDK found at /opt/Inuitive/InuDev
[1.196s] -- Found InuDev libraries: /opt/Inuitive/InuDev/lib/libInuStreams.so;/opt/Inuitive/InuDev/lib/libInuCommonUtilities.so
[1.200s] [0mLibrary Linking..........[0m
[1.201s] -- Target Install..........
[1.202s] -- Found ament_lint_auto: 0.12.14 (/opt/ros/humble/share/ament_lint_auto/cmake)
[1.383s] -- Added test 'copyright' to check source files copyright and LICENSE
[1.386s] -- Added test 'cppcheck' to perform static code analysis on C / C++ code
[1.386s] -- Configured cppcheck include dirs: /home/everybot/bt_ws/homecare_robot_core_2026/src/hw/src/inusensor_ros2_driver/include
[1.386s] -- Configured cppcheck exclude dirs and/or files: 
[1.388s] -- Added test 'cpplint' to check C / C++ code against the Google style
[1.388s] -- Configured cpplint exclude dirs and/or files: 
[1.389s] -- Added test 'flake8' to check Python code syntax and style conventions
[1.390s] -- Added test 'lint_cmake' to check CMake code style
[1.391s] -- Added test 'pep257' to check Python code against some of the docstring style conventions in PEP 257
[1.393s] -- Added test 'uncrustify' to check C / C++ code style
[1.393s] -- Configured uncrustify additional arguments: 
[1.394s] -- Added test 'xmllint' to check XML markup files
[1.396s] -- Configuring done
[1.437s] -- Generating done
[1.448s] -- Build files have been written to: /home/everybot/bt_ws/homecare_robot_core_2026/src/hw/build/inusensor_ros2_driver
[1.485s] Invoked command in '/home/everybot/bt_ws/homecare_robot_core_2026/src/hw/build/inusensor_ros2_driver' returned '0': CMAKE_PREFIX_PATH=${CMAKE_PREFIX_PATH}:/opt/ros/humble /usr/bin/cmake /home/everybot/bt_ws/homecare_robot_core_2026/src/hw/src/inusensor_ros2_driver -DAMENT_CMAKE_SYMLINK_INSTALL=1 -DCMAKE_INSTALL_PREFIX=/home/everybot/bt_ws/homecare_robot_core_2026/src/hw/install/inusensor_ros2_driver
[1.490s] Invoking command in '/home/everybot/bt_ws/homecare_robot_core_2026/src/hw/build/inusensor_ros2_driver': CMAKE_PREFIX_PATH=${CMAKE_PREFIX_PATH}:/opt/ros/humble /usr/bin/cmake --build /home/everybot/bt_ws/homecare_robot_core_2026/src/hw/build/inusensor_ros2_driver -- -j6 -l6
[1.597s] [35m[1mConsolidate compiler generated dependencies of target inusensor_ros2_driver_node[0m
[1.655s] [ 25%] [32m[1mLinking CXX executable inusensor_ros2_driver_node[0m
[2.888s] [100%] Built target inusensor_ros2_driver_node
[2.919s] Invoked command in '/home/everybot/bt_ws/homecare_robot_core_2026/src/hw/build/inusensor_ros2_driver' returned '0': CMAKE_PREFIX_PATH=${CMAKE_PREFIX_PATH}:/opt/ros/humble /usr/bin/cmake --build /home/everybot/bt_ws/homecare_robot_core_2026/src/hw/build/inusensor_ros2_driver -- -j6 -l6
[2.951s] Invoking command in '/home/everybot/bt_ws/homecare_robot_core_2026/src/hw/build/inusensor_ros2_driver': CMAKE_PREFIX_PATH=${CMAKE_PREFIX_PATH}:/opt/ros/humble /usr/bin/cmake --install /home/everybot/bt_ws/homecare_robot_core_2026/src/hw/build/inusensor_ros2_driver
[2.970s] -- Install configuration: ""
[2.971s] -- Execute custom install script
[2.972s] -- Symlinking: /home/everybot/bt_ws/homecare_robot_core_2026/src/hw/install/inusensor_ros2_driver/lib/inusensor_ros2_driver/inusensor_ros2_driver_node
[2.996s] -- Symlinking: /home/everybot/bt_ws/homecare_robot_core_2026/src/hw/install/inusensor_ros2_driver/share/inusensor_ros2_driver/launch/inusensor.launch.py
[3.017s] -- Symlinking: /home/everybot/bt_ws/homecare_robot_core_2026/src/hw/install/inusensor_ros2_driver/share/inusensor_ros2_driver/config/camera_params.yaml
[3.040s] -- Symlinking: /home/everybot/bt_ws/homecare_robot_core_2026/src/hw/install/inusensor_ros2_driver/share/inusensor_ros2_driver/config/sensor_config.yaml
[3.063s] -- Symlinking: /home/everybot/bt_ws/homecare_robot_core_2026/src/hw/install/inusensor_ros2_driver/share/ament_index/resource_index/package_run_dependencies/inusensor_ros2_driver
[3.089s] -- Symlinking: /home/everybot/bt_ws/homecare_robot_core_2026/src/hw/install/inusensor_ros2_driver/share/ament_index/resource_index/parent_prefix_path/inusensor_ros2_driver
[3.110s] -- Symlinking: /home/everybot/bt_ws/homecare_robot_core_2026/src/hw/install/inusensor_ros2_driver/share/inusensor_ros2_driver/environment/ament_prefix_path.sh
[3.130s] -- Symlinking: /home/everybot/bt_ws/homecare_robot_core_2026/src/hw/install/inusensor_ros2_driver/share/inusensor_ros2_driver/environment/ament_prefix_path.dsv
[3.151s] -- Symlinking: /home/everybot/bt_ws/homecare_robot_core_2026/src/hw/install/inusensor_ros2_driver/share/inusensor_ros2_driver/environment/path.sh
[3.173s] -- Symlinking: /home/everybot/bt_ws/homecare_robot_core_2026/src/hw/install/inusensor_ros2_driver/share/inusensor_ros2_driver/environment/path.dsv
[3.196s] -- Symlinking: /home/everybot/bt_ws/homecare_robot_core_2026/src/hw/install/inusensor_ros2_driver/share/inusensor_ros2_driver/local_setup.bash
[3.216s] -- Symlinking: /home/everybot/bt_ws/homecare_robot_core_2026/src/hw/install/inusensor_ros2_driver/share/inusensor_ros2_driver/local_setup.sh
[3.238s] -- Symlinking: /home/everybot/bt_ws/homecare_robot_core_2026/src/hw/install/inusensor_ros2_driver/share/inusensor_ros2_driver/local_setup.zsh
[3.261s] -- Symlinking: /home/everybot/bt_ws/homecare_robot_core_2026/src/hw/install/inusensor_ros2_driver/share/inusensor_ros2_driver/local_setup.dsv
[3.285s] -- Symlinking: /home/everybot/bt_ws/homecare_robot_core_2026/src/hw/install/inusensor_ros2_driver/share/inusensor_ros2_driver/package.dsv
[3.313s] -- Symlinking: /home/everybot/bt_ws/homecare_robot_core_2026/src/hw/install/inusensor_ros2_driver/share/ament_index/resource_index/packages/inusensor_ros2_driver
[3.334s] -- Symlinking: /home/everybot/bt_ws/homecare_robot_core_2026/src/hw/install/inusensor_ros2_driver/share/inusensor_ros2_driver/cmake/inusensor_ros2_driverConfig.cmake
[3.355s] -- Symlinking: /home/everybot/bt_ws/homecare_robot_core_2026/src/hw/install/inusensor_ros2_driver/share/inusensor_ros2_driver/cmake/inusensor_ros2_driverConfig-version.cmake
[3.376s] -- Symlinking: /home/everybot/bt_ws/homecare_robot_core_2026/src/hw/install/inusensor_ros2_driver/share/inusensor_ros2_driver/package.xml
[3.403s] Invoked command in '/home/everybot/bt_ws/homecare_robot_core_2026/src/hw/build/inusensor_ros2_driver' returned '0': CMAKE_PREFIX_PATH=${CMAKE_PREFIX_PATH}:/opt/ros/humble /usr/bin/cmake --install /home/everybot/bt_ws/homecare_robot_core_2026/src/hw/build/inusensor_ros2_driver
