[0.275s] DEBUG:colcon:Command line arguments: ['/usr/bin/colcon', 'build', '--symlink-install']
[0.275s] DEBUG:colcon:Parsed command line arguments: Namespace(log_base=None, log_level=None, verb_name='build', build_base='build', install_base='install', merge_install=False, symlink_install=True, test_result_base=None, continue_on_error=False, executor='parallel', parallel_workers=6, event_handlers=None, ignore_user_meta=False, metas=['./colcon.meta'], base_paths=['.'], packages_ignore=None, packages_ignore_regex=None, paths=None, packages_up_to=None, packages_up_to_regex=None, packages_above=None, packages_above_and_dependencies=None, packages_above_depth=None, packages_select_by_dep=None, packages_skip_by_dep=None, packages_skip_up_to=None, packages_select_build_failed=False, packages_skip_build_finished=False, packages_select_test_failures=False, packages_skip_test_passed=False, packages_select=None, packages_skip=None, packages_select_regex=None, packages_skip_regex=None, packages_start=None, packages_end=None, allow_overriding=[], cmake_args=None, cmake_target=None, cmake_target_skip_unavailable=False, cmake_clean_cache=False, cmake_clean_first=False, cmake_force_configure=False, ament_cmake_args=None, catkin_cmake_args=None, catkin_skip_building_tests=False, mixin_files=None, mixin=None, verb_parser=<colcon_mixin.mixin.mixin_argument.MixinArgumentDecorator object at 0xffff8c3df250>, verb_extension=<colcon_core.verb.build.BuildVerb object at 0xffff8c3deda0>, main=<bound method BuildVerb.main of <colcon_core.verb.build.BuildVerb object at 0xffff8c3deda0>>, mixin_verb=('build',))
[0.375s] Level 1:colcon.colcon_core.package_discovery:discover_packages(colcon_meta) check parameters
[0.376s] Level 1:colcon.colcon_core.package_discovery:discover_packages(recursive) check parameters
[0.376s] Level 1:colcon.colcon_core.package_discovery:discover_packages(ignore) check parameters
[0.376s] Level 1:colcon.colcon_core.package_discovery:discover_packages(path) check parameters
[0.376s] Level 1:colcon.colcon_core.package_discovery:discover_packages(colcon_meta) discover
[0.376s] Level 1:colcon.colcon_core.package_discovery:discover_packages(recursive) discover
[0.376s] INFO:colcon.colcon_core.package_discovery:Crawling recursively for packages in '/home/everybot/bt_ws/homecare_robot_core_2026/src/hw'
[0.377s] Level 1:colcon.colcon_core.package_identification:_identify(.) by extensions ['ignore', 'ignore_ament_install']
[0.377s] Level 1:colcon.colcon_core.package_identification:_identify(.) by extension 'ignore'
[0.377s] Level 1:colcon.colcon_core.package_identification:_identify(.) by extension 'ignore_ament_install'
[0.377s] Level 1:colcon.colcon_core.package_identification:_identify(.) by extensions ['colcon_pkg']
[0.377s] Level 1:colcon.colcon_core.package_identification:_identify(.) by extension 'colcon_pkg'
[0.377s] Level 1:colcon.colcon_core.package_identification:_identify(.) by extensions ['colcon_meta']
[0.378s] Level 1:colcon.colcon_core.package_identification:_identify(.) by extension 'colcon_meta'
[0.378s] Level 1:colcon.colcon_core.package_identification:_identify(.) by extensions ['ros']
[0.378s] Level 1:colcon.colcon_core.package_identification:_identify(.) by extension 'ros'
[0.414s] Level 1:colcon.colcon_core.package_identification:_identify(.) by extensions ['cmake', 'python']
[0.414s] Level 1:colcon.colcon_core.package_identification:_identify(.) by extension 'cmake'
[0.414s] Level 1:colcon.colcon_core.package_identification:_identify(.) by extension 'python'
[0.415s] Level 1:colcon.colcon_core.package_identification:_identify(.) by extensions ['python_setup_py']
[0.415s] Level 1:colcon.colcon_core.package_identification:_identify(.) by extension 'python_setup_py'
[0.415s] Level 1:colcon.colcon_core.package_identification:_identify(build) by extensions ['ignore', 'ignore_ament_install']
[0.415s] Level 1:colcon.colcon_core.package_identification:_identify(build) by extension 'ignore'
[0.415s] Level 1:colcon.colcon_core.package_identification:_identify(build) ignored
[0.416s] Level 1:colcon.colcon_core.package_identification:_identify(hw_manager) by extensions ['ignore', 'ignore_ament_install']
[0.416s] Level 1:colcon.colcon_core.package_identification:_identify(hw_manager) by extension 'ignore'
[0.416s] Level 1:colcon.colcon_core.package_identification:_identify(hw_manager) by extension 'ignore_ament_install'
[0.416s] Level 1:colcon.colcon_core.package_identification:_identify(hw_manager) by extensions ['colcon_pkg']
[0.416s] Level 1:colcon.colcon_core.package_identification:_identify(hw_manager) by extension 'colcon_pkg'
[0.416s] Level 1:colcon.colcon_core.package_identification:_identify(hw_manager) by extensions ['colcon_meta']
[0.416s] Level 1:colcon.colcon_core.package_identification:_identify(hw_manager) by extension 'colcon_meta'
[0.417s] Level 1:colcon.colcon_core.package_identification:_identify(hw_manager) by extensions ['ros']
[0.417s] Level 1:colcon.colcon_core.package_identification:_identify(hw_manager) by extension 'ros'
[0.417s] Level 1:colcon.colcon_core.package_identification:_identify(hw_manager) by extensions ['cmake', 'python']
[0.417s] Level 1:colcon.colcon_core.package_identification:_identify(hw_manager) by extension 'cmake'
[0.417s] Level 1:colcon.colcon_core.package_identification:_identify(hw_manager) by extension 'python'
[0.417s] Level 1:colcon.colcon_core.package_identification:_identify(hw_manager) by extensions ['python_setup_py']
[0.417s] Level 1:colcon.colcon_core.package_identification:_identify(hw_manager) by extension 'python_setup_py'
[0.417s] Level 1:colcon.colcon_core.package_identification:_identify(install) by extensions ['ignore', 'ignore_ament_install']
[0.418s] Level 1:colcon.colcon_core.package_identification:_identify(install) by extension 'ignore'
[0.418s] Level 1:colcon.colcon_core.package_identification:_identify(install) ignored
[0.418s] Level 1:colcon.colcon_core.package_identification:_identify(log) by extensions ['ignore', 'ignore_ament_install']
[0.418s] Level 1:colcon.colcon_core.package_identification:_identify(log) by extension 'ignore'
[0.418s] Level 1:colcon.colcon_core.package_identification:_identify(log) ignored
[0.418s] Level 1:colcon.colcon_core.package_identification:_identify(src) by extensions ['ignore', 'ignore_ament_install']
[0.419s] Level 1:colcon.colcon_core.package_identification:_identify(src) by extension 'ignore'
[0.419s] Level 1:colcon.colcon_core.package_identification:_identify(src) by extension 'ignore_ament_install'
[0.419s] Level 1:colcon.colcon_core.package_identification:_identify(src) by extensions ['colcon_pkg']
[0.419s] Level 1:colcon.colcon_core.package_identification:_identify(src) by extension 'colcon_pkg'
[0.419s] Level 1:colcon.colcon_core.package_identification:_identify(src) by extensions ['colcon_meta']
[0.419s] Level 1:colcon.colcon_core.package_identification:_identify(src) by extension 'colcon_meta'
[0.419s] Level 1:colcon.colcon_core.package_identification:_identify(src) by extensions ['ros']
[0.419s] Level 1:colcon.colcon_core.package_identification:_identify(src) by extension 'ros'
[0.420s] Level 1:colcon.colcon_core.package_identification:_identify(src) by extensions ['cmake', 'python']
[0.420s] Level 1:colcon.colcon_core.package_identification:_identify(src) by extension 'cmake'
[0.420s] Level 1:colcon.colcon_core.package_identification:_identify(src) by extension 'python'
[0.420s] Level 1:colcon.colcon_core.package_identification:_identify(src) by extensions ['python_setup_py']
[0.420s] Level 1:colcon.colcon_core.package_identification:_identify(src) by extension 'python_setup_py'
[0.420s] Level 1:colcon.colcon_core.package_identification:_identify(src/inusensor_ros2_driver) by extensions ['ignore', 'ignore_ament_install']
[0.420s] Level 1:colcon.colcon_core.package_identification:_identify(src/inusensor_ros2_driver) by extension 'ignore'
[0.420s] Level 1:colcon.colcon_core.package_identification:_identify(src/inusensor_ros2_driver) by extension 'ignore_ament_install'
[0.420s] Level 1:colcon.colcon_core.package_identification:_identify(src/inusensor_ros2_driver) by extensions ['colcon_pkg']
[0.421s] Level 1:colcon.colcon_core.package_identification:_identify(src/inusensor_ros2_driver) by extension 'colcon_pkg'
[0.421s] Level 1:colcon.colcon_core.package_identification:_identify(src/inusensor_ros2_driver) by extensions ['colcon_meta']
[0.421s] Level 1:colcon.colcon_core.package_identification:_identify(src/inusensor_ros2_driver) by extension 'colcon_meta'
[0.421s] Level 1:colcon.colcon_core.package_identification:_identify(src/inusensor_ros2_driver) by extensions ['ros']
[0.421s] Level 1:colcon.colcon_core.package_identification:_identify(src/inusensor_ros2_driver) by extension 'ros'
[0.428s] DEBUG:colcon.colcon_core.package_identification:Package 'src/inusensor_ros2_driver' with type 'ros.ament_cmake' and name 'inusensor_ros2_driver'
[0.429s] Level 1:colcon.colcon_core.package_discovery:discover_packages(recursive) using defaults
[0.429s] Level 1:colcon.colcon_core.package_discovery:discover_packages(ignore) discover
[0.429s] Level 1:colcon.colcon_core.package_discovery:discover_packages(ignore) using defaults
[0.429s] Level 1:colcon.colcon_core.package_discovery:discover_packages(path) discover
[0.429s] Level 1:colcon.colcon_core.package_discovery:discover_packages(path) using defaults
[0.478s] Level 1:colcon.colcon_core.package_discovery:discover_packages(prefix_path) check parameters
[0.478s] Level 1:colcon.colcon_core.package_discovery:discover_packages(prefix_path) discover
[0.483s] DEBUG:colcon.colcon_installed_package_information.package_discovery:Found 1 installed packages in /home/everybot/Everybot/homecare_robot_core_2026/src/hw/install
[0.485s] DEBUG:colcon.colcon_installed_package_information.package_discovery:Found 277 installed packages in /opt/ros/humble
[0.488s] Level 1:colcon.colcon_core.package_discovery:discover_packages(prefix_path) using defaults
[0.574s] Level 5:colcon.colcon_core.verb:set package 'inusensor_ros2_driver' build argument 'cmake_args' from command line to 'None'
[0.574s] Level 5:colcon.colcon_core.verb:set package 'inusensor_ros2_driver' build argument 'cmake_target' from command line to 'None'
[0.575s] Level 5:colcon.colcon_core.verb:set package 'inusensor_ros2_driver' build argument 'cmake_target_skip_unavailable' from command line to 'False'
[0.575s] Level 5:colcon.colcon_core.verb:set package 'inusensor_ros2_driver' build argument 'cmake_clean_cache' from command line to 'False'
[0.575s] Level 5:colcon.colcon_core.verb:set package 'inusensor_ros2_driver' build argument 'cmake_clean_first' from command line to 'False'
[0.575s] Level 5:colcon.colcon_core.verb:set package 'inusensor_ros2_driver' build argument 'cmake_force_configure' from command line to 'False'
[0.575s] Level 5:colcon.colcon_core.verb:set package 'inusensor_ros2_driver' build argument 'ament_cmake_args' from command line to 'None'
[0.575s] Level 5:colcon.colcon_core.verb:set package 'inusensor_ros2_driver' build argument 'catkin_cmake_args' from command line to 'None'
[0.575s] Level 5:colcon.colcon_core.verb:set package 'inusensor_ros2_driver' build argument 'catkin_skip_building_tests' from command line to 'False'
[0.575s] DEBUG:colcon.colcon_core.verb:Building package 'inusensor_ros2_driver' with the following arguments: {'ament_cmake_args': None, 'build_base': '/home/everybot/bt_ws/homecare_robot_core_2026/src/hw/build/inusensor_ros2_driver', 'catkin_cmake_args': None, 'catkin_skip_building_tests': False, 'cmake_args': None, 'cmake_clean_cache': False, 'cmake_clean_first': False, 'cmake_force_configure': False, 'cmake_target': None, 'cmake_target_skip_unavailable': False, 'install_base': '/home/everybot/bt_ws/homecare_robot_core_2026/src/hw/install/inusensor_ros2_driver', 'merge_install': False, 'path': '/home/everybot/bt_ws/homecare_robot_core_2026/src/hw/src/inusensor_ros2_driver', 'symlink_install': True, 'test_result_base': None}
[0.575s] INFO:colcon.colcon_core.executor:Executing jobs using 'parallel' executor
[0.578s] DEBUG:colcon.colcon_parallel_executor.executor.parallel:run_until_complete
[0.579s] INFO:colcon.colcon_ros.task.ament_cmake.build:Building ROS package in '/home/everybot/bt_ws/homecare_robot_core_2026/src/hw/src/inusensor_ros2_driver' with build type 'ament_cmake'
[0.579s] INFO:colcon.colcon_cmake.task.cmake.build:Building CMake package in '/home/everybot/bt_ws/homecare_robot_core_2026/src/hw/src/inusensor_ros2_driver'
[0.584s] INFO:colcon.colcon_core.plugin_system:Skipping extension 'colcon_core.shell.bat': Not used on non-Windows systems
[0.584s] INFO:colcon.colcon_core.shell:Skip shell extension 'powershell' for command environment: Not usable outside of PowerShell
[0.585s] DEBUG:colcon.colcon_core.shell:Skip shell extension 'dsv' for command environment
[0.602s] DEBUG:colcon.colcon_core.event_handler.log_command:Invoking command in '/home/everybot/bt_ws/homecare_robot_core_2026/src/hw/build/inusensor_ros2_driver': CMAKE_PREFIX_PATH=${CMAKE_PREFIX_PATH}:/opt/ros/humble /usr/bin/cmake --build /home/everybot/bt_ws/homecare_robot_core_2026/src/hw/build/inusensor_ros2_driver -- -j6 -l6
[17.407s] DEBUG:colcon.colcon_core.event_handler.log_command:Invoked command in '/home/everybot/bt_ws/homecare_robot_core_2026/src/hw/build/inusensor_ros2_driver' returned '2': CMAKE_PREFIX_PATH=${CMAKE_PREFIX_PATH}:/opt/ros/humble /usr/bin/cmake --build /home/everybot/bt_ws/homecare_robot_core_2026/src/hw/build/inusensor_ros2_driver -- -j6 -l6
[17.410s] Level 1:colcon.colcon_core.environment:create_environment_scripts_only(inusensor_ros2_driver)
[17.419s] Level 1:colcon.colcon_core.environment:checking '/home/everybot/bt_ws/homecare_robot_core_2026/src/hw/install/inusensor_ros2_driver' for CMake module files
[17.421s] Level 1:colcon.colcon_core.environment:checking '/home/everybot/bt_ws/homecare_robot_core_2026/src/hw/install/inusensor_ros2_driver' for CMake config files
[17.424s] Level 1:colcon.colcon_core.shell:create_environment_hook('inusensor_ros2_driver', 'cmake_prefix_path')
[17.425s] INFO:colcon.colcon_core.shell:Creating environment hook '/home/everybot/bt_ws/homecare_robot_core_2026/src/hw/install/inusensor_ros2_driver/share/inusensor_ros2_driver/hook/cmake_prefix_path.ps1'
[17.430s] INFO:colcon.colcon_core.shell:Creating environment descriptor '/home/everybot/bt_ws/homecare_robot_core_2026/src/hw/install/inusensor_ros2_driver/share/inusensor_ros2_driver/hook/cmake_prefix_path.dsv'
[17.432s] INFO:colcon.colcon_core.shell:Creating environment hook '/home/everybot/bt_ws/homecare_robot_core_2026/src/hw/install/inusensor_ros2_driver/share/inusensor_ros2_driver/hook/cmake_prefix_path.sh'
[17.436s] Level 1:colcon.colcon_core.environment:checking '/home/everybot/bt_ws/homecare_robot_core_2026/src/hw/install/inusensor_ros2_driver/lib'
[17.437s] Level 1:colcon.colcon_core.environment:checking '/home/everybot/bt_ws/homecare_robot_core_2026/src/hw/install/inusensor_ros2_driver/bin'
[17.437s] Level 1:colcon.colcon_core.environment:checking '/home/everybot/bt_ws/homecare_robot_core_2026/src/hw/install/inusensor_ros2_driver/lib/pkgconfig/inusensor_ros2_driver.pc'
[17.438s] Level 1:colcon.colcon_core.environment:checking '/home/everybot/bt_ws/homecare_robot_core_2026/src/hw/install/inusensor_ros2_driver/lib/python3.10/site-packages'
[17.440s] Level 1:colcon.colcon_core.environment:checking '/home/everybot/bt_ws/homecare_robot_core_2026/src/hw/install/inusensor_ros2_driver/bin'
[17.442s] INFO:colcon.colcon_core.shell:Creating package script '/home/everybot/bt_ws/homecare_robot_core_2026/src/hw/install/inusensor_ros2_driver/share/inusensor_ros2_driver/package.ps1'
[17.446s] INFO:colcon.colcon_core.shell:Creating package descriptor '/home/everybot/bt_ws/homecare_robot_core_2026/src/hw/install/inusensor_ros2_driver/share/inusensor_ros2_driver/package.dsv'
[17.448s] INFO:colcon.colcon_core.shell:Creating package script '/home/everybot/bt_ws/homecare_robot_core_2026/src/hw/install/inusensor_ros2_driver/share/inusensor_ros2_driver/package.sh'
[17.451s] INFO:colcon.colcon_core.shell:Creating package script '/home/everybot/bt_ws/homecare_robot_core_2026/src/hw/install/inusensor_ros2_driver/share/inusensor_ros2_driver/package.bash'
[17.455s] INFO:colcon.colcon_core.shell:Creating package script '/home/everybot/bt_ws/homecare_robot_core_2026/src/hw/install/inusensor_ros2_driver/share/inusensor_ros2_driver/package.zsh'
[17.458s] Level 1:colcon.colcon_core.environment:create_file_with_runtime_dependencies(/home/everybot/bt_ws/homecare_robot_core_2026/src/hw/install/inusensor_ros2_driver/share/colcon-core/packages/inusensor_ros2_driver)
[17.460s] DEBUG:colcon.colcon_parallel_executor.executor.parallel:closing loop
[17.462s] DEBUG:colcon.colcon_parallel_executor.executor.parallel:loop closed
[17.462s] DEBUG:colcon.colcon_parallel_executor.executor.parallel:run_until_complete finished with '2'
[17.462s] DEBUG:colcon.colcon_core.event_reactor:joining thread
[17.489s] INFO:colcon.colcon_core.plugin_system:Skipping extension 'colcon_notification.desktop_notification.terminal_notifier': Not used on non-Darwin systems
[17.490s] INFO:colcon.colcon_core.plugin_system:Skipping extension 'colcon_notification.desktop_notification.win32': Not used on non-Windows systems
[17.490s] INFO:colcon.colcon_notification.desktop_notification:Sending desktop notification using 'notify2'
[17.541s] DEBUG:colcon.colcon_core.event_reactor:joined thread
[17.544s] INFO:colcon.colcon_core.shell:Creating prefix script '/home/everybot/bt_ws/homecare_robot_core_2026/src/hw/install/local_setup.ps1'
[17.551s] INFO:colcon.colcon_core.shell:Creating prefix util module '/home/everybot/bt_ws/homecare_robot_core_2026/src/hw/install/_local_setup_util_ps1.py'
[17.557s] INFO:colcon.colcon_core.shell:Creating prefix chain script '/home/everybot/bt_ws/homecare_robot_core_2026/src/hw/install/setup.ps1'
[17.561s] INFO:colcon.colcon_core.shell:Creating prefix script '/home/everybot/bt_ws/homecare_robot_core_2026/src/hw/install/local_setup.sh'
[17.564s] INFO:colcon.colcon_core.shell:Creating prefix util module '/home/everybot/bt_ws/homecare_robot_core_2026/src/hw/install/_local_setup_util_sh.py'
[17.566s] INFO:colcon.colcon_core.shell:Creating prefix chain script '/home/everybot/bt_ws/homecare_robot_core_2026/src/hw/install/setup.sh'
[17.570s] INFO:colcon.colcon_core.shell:Creating prefix script '/home/everybot/bt_ws/homecare_robot_core_2026/src/hw/install/local_setup.bash'
[17.572s] INFO:colcon.colcon_core.shell:Creating prefix chain script '/home/everybot/bt_ws/homecare_robot_core_2026/src/hw/install/setup.bash'
[17.577s] INFO:colcon.colcon_core.shell:Creating prefix script '/home/everybot/bt_ws/homecare_robot_core_2026/src/hw/install/local_setup.zsh'
[17.579s] INFO:colcon.colcon_core.shell:Creating prefix chain script '/home/everybot/bt_ws/homecare_robot_core_2026/src/hw/install/setup.zsh'
