[0.944s] DEBUG:colcon:Command line arguments: ['/usr/bin/colcon', 'build', '--symlink-install']
[0.945s] DEBUG:colcon:Parsed command line arguments: Namespace(log_base=None, log_level=None, verb_name='build', build_base='build', install_base='install', merge_install=False, symlink_install=True, test_result_base=None, continue_on_error=False, executor='parallel', parallel_workers=6, event_handlers=None, ignore_user_meta=False, metas=['./colcon.meta'], base_paths=['.'], packages_ignore=None, packages_ignore_regex=None, paths=None, packages_up_to=None, packages_up_to_regex=None, packages_above=None, packages_above_and_dependencies=None, packages_above_depth=None, packages_select_by_dep=None, packages_skip_by_dep=None, packages_skip_up_to=None, packages_select_build_failed=False, packages_skip_build_finished=False, packages_select_test_failures=False, packages_skip_test_passed=False, packages_select=None, packages_skip=None, packages_select_regex=None, packages_skip_regex=None, packages_start=None, packages_end=None, allow_overriding=[], cmake_args=None, cmake_target=None, cmake_target_skip_unavailable=False, cmake_clean_cache=False, cmake_clean_first=False, cmake_force_configure=False, ament_cmake_args=None, catkin_cmake_args=None, catkin_skip_building_tests=False, mixin_files=None, mixin=None, verb_parser=<colcon_mixin.mixin.mixin_argument.MixinArgumentDecorator object at 0xffff952df520>, verb_extension=<colcon_core.verb.build.BuildVerb object at 0xffff952df070>, main=<bound method BuildVerb.main of <colcon_core.verb.build.BuildVerb object at 0xffff952df070>>, mixin_verb=('build',))
[1.241s] Level 1:colcon.colcon_core.package_discovery:discover_packages(colcon_meta) check parameters
[1.242s] Level 1:colcon.colcon_core.package_discovery:discover_packages(recursive) check parameters
[1.242s] Level 1:colcon.colcon_core.package_discovery:discover_packages(ignore) check parameters
[1.242s] Level 1:colcon.colcon_core.package_discovery:discover_packages(path) check parameters
[1.242s] Level 1:colcon.colcon_core.package_discovery:discover_packages(colcon_meta) discover
[1.242s] Level 1:colcon.colcon_core.package_discovery:discover_packages(recursive) discover
[1.243s] INFO:colcon.colcon_core.package_discovery:Crawling recursively for packages in '/home/everybot/bt_ws/homecare_robot_core_2026/src/hw'
[1.243s] Level 1:colcon.colcon_core.package_identification:_identify(.) by extensions ['ignore', 'ignore_ament_install']
[1.243s] Level 1:colcon.colcon_core.package_identification:_identify(.) by extension 'ignore'
[1.243s] Level 1:colcon.colcon_core.package_identification:_identify(.) by extension 'ignore_ament_install'
[1.244s] Level 1:colcon.colcon_core.package_identification:_identify(.) by extensions ['colcon_pkg']
[1.244s] Level 1:colcon.colcon_core.package_identification:_identify(.) by extension 'colcon_pkg'
[1.244s] Level 1:colcon.colcon_core.package_identification:_identify(.) by extensions ['colcon_meta']
[1.244s] Level 1:colcon.colcon_core.package_identification:_identify(.) by extension 'colcon_meta'
[1.244s] Level 1:colcon.colcon_core.package_identification:_identify(.) by extensions ['ros']
[1.244s] Level 1:colcon.colcon_core.package_identification:_identify(.) by extension 'ros'
[1.310s] Level 1:colcon.colcon_core.package_identification:_identify(.) by extensions ['cmake', 'python']
[1.311s] Level 1:colcon.colcon_core.package_identification:_identify(.) by extension 'cmake'
[1.311s] Level 1:colcon.colcon_core.package_identification:_identify(.) by extension 'python'
[1.311s] Level 1:colcon.colcon_core.package_identification:_identify(.) by extensions ['python_setup_py']
[1.311s] Level 1:colcon.colcon_core.package_identification:_identify(.) by extension 'python_setup_py'
[1.312s] Level 1:colcon.colcon_core.package_identification:_identify(build) by extensions ['ignore', 'ignore_ament_install']
[1.312s] Level 1:colcon.colcon_core.package_identification:_identify(build) by extension 'ignore'
[1.312s] Level 1:colcon.colcon_core.package_identification:_identify(build) ignored
[1.314s] Level 1:colcon.colcon_core.package_identification:_identify(fastdds_config) by extensions ['ignore', 'ignore_ament_install']
[1.314s] Level 1:colcon.colcon_core.package_identification:_identify(fastdds_config) by extension 'ignore'
[1.314s] Level 1:colcon.colcon_core.package_identification:_identify(fastdds_config) by extension 'ignore_ament_install'
[1.314s] Level 1:colcon.colcon_core.package_identification:_identify(fastdds_config) by extensions ['colcon_pkg']
[1.314s] Level 1:colcon.colcon_core.package_identification:_identify(fastdds_config) by extension 'colcon_pkg'
[1.315s] Level 1:colcon.colcon_core.package_identification:_identify(fastdds_config) by extensions ['colcon_meta']
[1.315s] Level 1:colcon.colcon_core.package_identification:_identify(fastdds_config) by extension 'colcon_meta'
[1.315s] Level 1:colcon.colcon_core.package_identification:_identify(fastdds_config) by extensions ['ros']
[1.315s] Level 1:colcon.colcon_core.package_identification:_identify(fastdds_config) by extension 'ros'
[1.315s] Level 1:colcon.colcon_core.package_identification:_identify(fastdds_config) by extensions ['cmake', 'python']
[1.315s] Level 1:colcon.colcon_core.package_identification:_identify(fastdds_config) by extension 'cmake'
[1.315s] Level 1:colcon.colcon_core.package_identification:_identify(fastdds_config) by extension 'python'
[1.315s] Level 1:colcon.colcon_core.package_identification:_identify(fastdds_config) by extensions ['python_setup_py']
[1.315s] Level 1:colcon.colcon_core.package_identification:_identify(fastdds_config) by extension 'python_setup_py'
[1.316s] Level 1:colcon.colcon_core.package_identification:_identify(hw_manager) by extensions ['ignore', 'ignore_ament_install']
[1.316s] Level 1:colcon.colcon_core.package_identification:_identify(hw_manager) by extension 'ignore'
[1.316s] Level 1:colcon.colcon_core.package_identification:_identify(hw_manager) by extension 'ignore_ament_install'
[1.316s] Level 1:colcon.colcon_core.package_identification:_identify(hw_manager) by extensions ['colcon_pkg']
[1.316s] Level 1:colcon.colcon_core.package_identification:_identify(hw_manager) by extension 'colcon_pkg'
[1.316s] Level 1:colcon.colcon_core.package_identification:_identify(hw_manager) by extensions ['colcon_meta']
[1.316s] Level 1:colcon.colcon_core.package_identification:_identify(hw_manager) by extension 'colcon_meta'
[1.316s] Level 1:colcon.colcon_core.package_identification:_identify(hw_manager) by extensions ['ros']
[1.317s] Level 1:colcon.colcon_core.package_identification:_identify(hw_manager) by extension 'ros'
[1.317s] Level 1:colcon.colcon_core.package_identification:_identify(hw_manager) by extensions ['cmake', 'python']
[1.317s] Level 1:colcon.colcon_core.package_identification:_identify(hw_manager) by extension 'cmake'
[1.317s] Level 1:colcon.colcon_core.package_identification:_identify(hw_manager) by extension 'python'
[1.317s] Level 1:colcon.colcon_core.package_identification:_identify(hw_manager) by extensions ['python_setup_py']
[1.317s] Level 1:colcon.colcon_core.package_identification:_identify(hw_manager) by extension 'python_setup_py'
[1.317s] Level 1:colcon.colcon_core.package_identification:_identify(install) by extensions ['ignore', 'ignore_ament_install']
[1.318s] Level 1:colcon.colcon_core.package_identification:_identify(install) by extension 'ignore'
[1.318s] Level 1:colcon.colcon_core.package_identification:_identify(install) ignored
[1.318s] Level 1:colcon.colcon_core.package_identification:_identify(log) by extensions ['ignore', 'ignore_ament_install']
[1.319s] Level 1:colcon.colcon_core.package_identification:_identify(log) by extension 'ignore'
[1.319s] Level 1:colcon.colcon_core.package_identification:_identify(log) ignored
[1.319s] Level 1:colcon.colcon_core.package_identification:_identify(src) by extensions ['ignore', 'ignore_ament_install']
[1.319s] Level 1:colcon.colcon_core.package_identification:_identify(src) by extension 'ignore'
[1.319s] Level 1:colcon.colcon_core.package_identification:_identify(src) by extension 'ignore_ament_install'
[1.319s] Level 1:colcon.colcon_core.package_identification:_identify(src) by extensions ['colcon_pkg']
[1.319s] Level 1:colcon.colcon_core.package_identification:_identify(src) by extension 'colcon_pkg'
[1.320s] Level 1:colcon.colcon_core.package_identification:_identify(src) by extensions ['colcon_meta']
[1.320s] Level 1:colcon.colcon_core.package_identification:_identify(src) by extension 'colcon_meta'
[1.320s] Level 1:colcon.colcon_core.package_identification:_identify(src) by extensions ['ros']
[1.320s] Level 1:colcon.colcon_core.package_identification:_identify(src) by extension 'ros'
[1.320s] Level 1:colcon.colcon_core.package_identification:_identify(src) by extensions ['cmake', 'python']
[1.320s] Level 1:colcon.colcon_core.package_identification:_identify(src) by extension 'cmake'
[1.320s] Level 1:colcon.colcon_core.package_identification:_identify(src) by extension 'python'
[1.320s] Level 1:colcon.colcon_core.package_identification:_identify(src) by extensions ['python_setup_py']
[1.320s] Level 1:colcon.colcon_core.package_identification:_identify(src) by extension 'python_setup_py'
[1.321s] Level 1:colcon.colcon_core.package_identification:_identify(src/inusensor_ros2_driver) by extensions ['ignore', 'ignore_ament_install']
[1.321s] Level 1:colcon.colcon_core.package_identification:_identify(src/inusensor_ros2_driver) by extension 'ignore'
[1.321s] Level 1:colcon.colcon_core.package_identification:_identify(src/inusensor_ros2_driver) by extension 'ignore_ament_install'
[1.321s] Level 1:colcon.colcon_core.package_identification:_identify(src/inusensor_ros2_driver) by extensions ['colcon_pkg']
[1.321s] Level 1:colcon.colcon_core.package_identification:_identify(src/inusensor_ros2_driver) by extension 'colcon_pkg'
[1.321s] Level 1:colcon.colcon_core.package_identification:_identify(src/inusensor_ros2_driver) by extensions ['colcon_meta']
[1.321s] Level 1:colcon.colcon_core.package_identification:_identify(src/inusensor_ros2_driver) by extension 'colcon_meta'
[1.321s] Level 1:colcon.colcon_core.package_identification:_identify(src/inusensor_ros2_driver) by extensions ['ros']
[1.322s] Level 1:colcon.colcon_core.package_identification:_identify(src/inusensor_ros2_driver) by extension 'ros'
[1.339s] DEBUG:colcon.colcon_core.package_identification:Package 'src/inusensor_ros2_driver' with type 'ros.ament_cmake' and name 'inusensor_ros2_driver'
[1.342s] Level 1:colcon.colcon_core.package_discovery:discover_packages(recursive) using defaults
[1.342s] Level 1:colcon.colcon_core.package_discovery:discover_packages(ignore) discover
[1.342s] Level 1:colcon.colcon_core.package_discovery:discover_packages(ignore) using defaults
[1.342s] Level 1:colcon.colcon_core.package_discovery:discover_packages(path) discover
[1.342s] Level 1:colcon.colcon_core.package_discovery:discover_packages(path) using defaults
[1.449s] Level 1:colcon.colcon_core.package_discovery:discover_packages(prefix_path) check parameters
[1.449s] Level 1:colcon.colcon_core.package_discovery:discover_packages(prefix_path) discover
[1.464s] DEBUG:colcon.colcon_installed_package_information.package_discovery:Found 1 installed packages in /home/everybot/Everybot/homecare_robot_core_2026/src/hw/install
[1.467s] DEBUG:colcon.colcon_installed_package_information.package_discovery:Found 280 installed packages in /opt/ros/humble
[1.470s] Level 1:colcon.colcon_core.package_discovery:discover_packages(prefix_path) using defaults
[1.584s] Level 5:colcon.colcon_core.verb:set package 'inusensor_ros2_driver' build argument 'cmake_args' from command line to 'None'
[1.585s] Level 5:colcon.colcon_core.verb:set package 'inusensor_ros2_driver' build argument 'cmake_target' from command line to 'None'
[1.585s] Level 5:colcon.colcon_core.verb:set package 'inusensor_ros2_driver' build argument 'cmake_target_skip_unavailable' from command line to 'False'
[1.585s] Level 5:colcon.colcon_core.verb:set package 'inusensor_ros2_driver' build argument 'cmake_clean_cache' from command line to 'False'
[1.585s] Level 5:colcon.colcon_core.verb:set package 'inusensor_ros2_driver' build argument 'cmake_clean_first' from command line to 'False'
[1.585s] Level 5:colcon.colcon_core.verb:set package 'inusensor_ros2_driver' build argument 'cmake_force_configure' from command line to 'False'
[1.585s] Level 5:colcon.colcon_core.verb:set package 'inusensor_ros2_driver' build argument 'ament_cmake_args' from command line to 'None'
[1.585s] Level 5:colcon.colcon_core.verb:set package 'inusensor_ros2_driver' build argument 'catkin_cmake_args' from command line to 'None'
[1.586s] Level 5:colcon.colcon_core.verb:set package 'inusensor_ros2_driver' build argument 'catkin_skip_building_tests' from command line to 'False'
[1.586s] DEBUG:colcon.colcon_core.verb:Building package 'inusensor_ros2_driver' with the following arguments: {'ament_cmake_args': None, 'build_base': '/home/everybot/bt_ws/homecare_robot_core_2026/src/hw/build/inusensor_ros2_driver', 'catkin_cmake_args': None, 'catkin_skip_building_tests': False, 'cmake_args': None, 'cmake_clean_cache': False, 'cmake_clean_first': False, 'cmake_force_configure': False, 'cmake_target': None, 'cmake_target_skip_unavailable': False, 'install_base': '/home/everybot/bt_ws/homecare_robot_core_2026/src/hw/install/inusensor_ros2_driver', 'merge_install': False, 'path': '/home/everybot/bt_ws/homecare_robot_core_2026/src/hw/src/inusensor_ros2_driver', 'symlink_install': True, 'test_result_base': None}
[1.586s] INFO:colcon.colcon_core.executor:Executing jobs using 'parallel' executor
[1.590s] DEBUG:colcon.colcon_parallel_executor.executor.parallel:run_until_complete
[1.591s] INFO:colcon.colcon_ros.task.ament_cmake.build:Building ROS package in '/home/everybot/bt_ws/homecare_robot_core_2026/src/hw/src/inusensor_ros2_driver' with build type 'ament_cmake'
[1.592s] INFO:colcon.colcon_cmake.task.cmake.build:Building CMake package in '/home/everybot/bt_ws/homecare_robot_core_2026/src/hw/src/inusensor_ros2_driver'
[1.607s] INFO:colcon.colcon_core.plugin_system:Skipping extension 'colcon_core.shell.bat': Not used on non-Windows systems
[1.608s] INFO:colcon.colcon_core.shell:Skip shell extension 'powershell' for command environment: Not usable outside of PowerShell
[1.608s] DEBUG:colcon.colcon_core.shell:Skip shell extension 'dsv' for command environment
[1.644s] DEBUG:colcon.colcon_core.event_handler.log_command:Invoking command in '/home/everybot/bt_ws/homecare_robot_core_2026/src/hw/build/inusensor_ros2_driver': CMAKE_PREFIX_PATH=${CMAKE_PREFIX_PATH}:/opt/ros/humble /usr/bin/cmake --build /home/everybot/bt_ws/homecare_robot_core_2026/src/hw/build/inusensor_ros2_driver -- -j6 -l6
[46.303s] DEBUG:colcon.colcon_core.event_handler.log_command:Invoked command in '/home/everybot/bt_ws/homecare_robot_core_2026/src/hw/build/inusensor_ros2_driver' returned '0': CMAKE_PREFIX_PATH=${CMAKE_PREFIX_PATH}:/opt/ros/humble /usr/bin/cmake --build /home/everybot/bt_ws/homecare_robot_core_2026/src/hw/build/inusensor_ros2_driver -- -j6 -l6
[46.344s] DEBUG:colcon.colcon_core.event_handler.log_command:Invoking command in '/home/everybot/bt_ws/homecare_robot_core_2026/src/hw/build/inusensor_ros2_driver': CMAKE_PREFIX_PATH=${CMAKE_PREFIX_PATH}:/opt/ros/humble /usr/bin/cmake --install /home/everybot/bt_ws/homecare_robot_core_2026/src/hw/build/inusensor_ros2_driver
[46.430s] Level 1:colcon.colcon_core.environment:create_environment_scripts_only(inusensor_ros2_driver)
[46.433s] DEBUG:colcon.colcon_core.event_handler.log_command:Invoked command in '/home/everybot/bt_ws/homecare_robot_core_2026/src/hw/build/inusensor_ros2_driver' returned '0': CMAKE_PREFIX_PATH=${CMAKE_PREFIX_PATH}:/opt/ros/humble /usr/bin/cmake --install /home/everybot/bt_ws/homecare_robot_core_2026/src/hw/build/inusensor_ros2_driver
[46.468s] Level 1:colcon.colcon_core.environment:checking '/home/everybot/bt_ws/homecare_robot_core_2026/src/hw/install/inusensor_ros2_driver' for CMake module files
[46.472s] Level 1:colcon.colcon_core.environment:checking '/home/everybot/bt_ws/homecare_robot_core_2026/src/hw/install/inusensor_ros2_driver' for CMake config files
[46.475s] Level 1:colcon.colcon_core.shell:create_environment_hook('inusensor_ros2_driver', 'cmake_prefix_path')
[46.476s] INFO:colcon.colcon_core.shell:Creating environment hook '/home/everybot/bt_ws/homecare_robot_core_2026/src/hw/install/inusensor_ros2_driver/share/inusensor_ros2_driver/hook/cmake_prefix_path.ps1'
[46.481s] INFO:colcon.colcon_core.shell:Creating environment descriptor '/home/everybot/bt_ws/homecare_robot_core_2026/src/hw/install/inusensor_ros2_driver/share/inusensor_ros2_driver/hook/cmake_prefix_path.dsv'
[46.483s] INFO:colcon.colcon_core.shell:Creating environment hook '/home/everybot/bt_ws/homecare_robot_core_2026/src/hw/install/inusensor_ros2_driver/share/inusensor_ros2_driver/hook/cmake_prefix_path.sh'
[46.488s] Level 1:colcon.colcon_core.environment:checking '/home/everybot/bt_ws/homecare_robot_core_2026/src/hw/install/inusensor_ros2_driver/lib'
[46.489s] Level 1:colcon.colcon_core.environment:checking '/home/everybot/bt_ws/homecare_robot_core_2026/src/hw/install/inusensor_ros2_driver/bin'
[46.489s] Level 1:colcon.colcon_core.environment:checking '/home/everybot/bt_ws/homecare_robot_core_2026/src/hw/install/inusensor_ros2_driver/lib/pkgconfig/inusensor_ros2_driver.pc'
[46.490s] Level 1:colcon.colcon_core.environment:checking '/home/everybot/bt_ws/homecare_robot_core_2026/src/hw/install/inusensor_ros2_driver/lib/python3.10/site-packages'
[46.492s] Level 1:colcon.colcon_core.environment:checking '/home/everybot/bt_ws/homecare_robot_core_2026/src/hw/install/inusensor_ros2_driver/bin'
[46.493s] INFO:colcon.colcon_core.shell:Creating package script '/home/everybot/bt_ws/homecare_robot_core_2026/src/hw/install/inusensor_ros2_driver/share/inusensor_ros2_driver/package.ps1'
[46.497s] INFO:colcon.colcon_core.shell:Creating package descriptor '/home/everybot/bt_ws/homecare_robot_core_2026/src/hw/install/inusensor_ros2_driver/share/inusensor_ros2_driver/package.dsv'
[46.500s] INFO:colcon.colcon_core.shell:Creating package script '/home/everybot/bt_ws/homecare_robot_core_2026/src/hw/install/inusensor_ros2_driver/share/inusensor_ros2_driver/package.sh'
[46.504s] INFO:colcon.colcon_core.shell:Creating package script '/home/everybot/bt_ws/homecare_robot_core_2026/src/hw/install/inusensor_ros2_driver/share/inusensor_ros2_driver/package.bash'
[46.508s] INFO:colcon.colcon_core.shell:Creating package script '/home/everybot/bt_ws/homecare_robot_core_2026/src/hw/install/inusensor_ros2_driver/share/inusensor_ros2_driver/package.zsh'
[46.512s] Level 1:colcon.colcon_core.environment:create_file_with_runtime_dependencies(/home/everybot/bt_ws/homecare_robot_core_2026/src/hw/install/inusensor_ros2_driver/share/colcon-core/packages/inusensor_ros2_driver)
[46.515s] Level 1:colcon.colcon_core.environment:create_environment_scripts_only(inusensor_ros2_driver)
[46.516s] Level 1:colcon.colcon_core.environment:checking '/home/everybot/bt_ws/homecare_robot_core_2026/src/hw/install/inusensor_ros2_driver' for CMake module files
[46.518s] Level 1:colcon.colcon_core.environment:checking '/home/everybot/bt_ws/homecare_robot_core_2026/src/hw/install/inusensor_ros2_driver' for CMake config files
[46.519s] Level 1:colcon.colcon_core.shell:create_environment_hook('inusensor_ros2_driver', 'cmake_prefix_path')
[46.520s] INFO:colcon.colcon_core.shell:Creating environment hook '/home/everybot/bt_ws/homecare_robot_core_2026/src/hw/install/inusensor_ros2_driver/share/inusensor_ros2_driver/hook/cmake_prefix_path.ps1'
[46.522s] INFO:colcon.colcon_core.shell:Creating environment descriptor '/home/everybot/bt_ws/homecare_robot_core_2026/src/hw/install/inusensor_ros2_driver/share/inusensor_ros2_driver/hook/cmake_prefix_path.dsv'
[46.524s] INFO:colcon.colcon_core.shell:Creating environment hook '/home/everybot/bt_ws/homecare_robot_core_2026/src/hw/install/inusensor_ros2_driver/share/inusensor_ros2_driver/hook/cmake_prefix_path.sh'
[46.526s] Level 1:colcon.colcon_core.environment:checking '/home/everybot/bt_ws/homecare_robot_core_2026/src/hw/install/inusensor_ros2_driver/lib'
[46.526s] Level 1:colcon.colcon_core.environment:checking '/home/everybot/bt_ws/homecare_robot_core_2026/src/hw/install/inusensor_ros2_driver/bin'
[46.526s] Level 1:colcon.colcon_core.environment:checking '/home/everybot/bt_ws/homecare_robot_core_2026/src/hw/install/inusensor_ros2_driver/lib/pkgconfig/inusensor_ros2_driver.pc'
[46.527s] Level 1:colcon.colcon_core.environment:checking '/home/everybot/bt_ws/homecare_robot_core_2026/src/hw/install/inusensor_ros2_driver/lib/python3.10/site-packages'
[46.528s] Level 1:colcon.colcon_core.environment:checking '/home/everybot/bt_ws/homecare_robot_core_2026/src/hw/install/inusensor_ros2_driver/bin'
[46.529s] INFO:colcon.colcon_core.shell:Creating package script '/home/everybot/bt_ws/homecare_robot_core_2026/src/hw/install/inusensor_ros2_driver/share/inusensor_ros2_driver/package.ps1'
[46.531s] INFO:colcon.colcon_core.shell:Creating package descriptor '/home/everybot/bt_ws/homecare_robot_core_2026/src/hw/install/inusensor_ros2_driver/share/inusensor_ros2_driver/package.dsv'
[46.532s] INFO:colcon.colcon_core.shell:Creating package script '/home/everybot/bt_ws/homecare_robot_core_2026/src/hw/install/inusensor_ros2_driver/share/inusensor_ros2_driver/package.sh'
[46.533s] INFO:colcon.colcon_core.shell:Creating package script '/home/everybot/bt_ws/homecare_robot_core_2026/src/hw/install/inusensor_ros2_driver/share/inusensor_ros2_driver/package.bash'
[46.535s] INFO:colcon.colcon_core.shell:Creating package script '/home/everybot/bt_ws/homecare_robot_core_2026/src/hw/install/inusensor_ros2_driver/share/inusensor_ros2_driver/package.zsh'
[46.536s] Level 1:colcon.colcon_core.environment:create_file_with_runtime_dependencies(/home/everybot/bt_ws/homecare_robot_core_2026/src/hw/install/inusensor_ros2_driver/share/colcon-core/packages/inusensor_ros2_driver)
[46.537s] DEBUG:colcon.colcon_parallel_executor.executor.parallel:closing loop
[46.542s] DEBUG:colcon.colcon_parallel_executor.executor.parallel:loop closed
[46.542s] DEBUG:colcon.colcon_parallel_executor.executor.parallel:run_until_complete finished with '0'
[46.542s] DEBUG:colcon.colcon_core.event_reactor:joining thread
[46.591s] INFO:colcon.colcon_core.plugin_system:Skipping extension 'colcon_notification.desktop_notification.terminal_notifier': Not used on non-Darwin systems
[46.591s] INFO:colcon.colcon_core.plugin_system:Skipping extension 'colcon_notification.desktop_notification.win32': Not used on non-Windows systems
[46.592s] INFO:colcon.colcon_notification.desktop_notification:Sending desktop notification using 'notify2'
[46.806s] DEBUG:colcon.colcon_core.event_reactor:joined thread
[46.808s] INFO:colcon.colcon_core.shell:Creating prefix script '/home/everybot/bt_ws/homecare_robot_core_2026/src/hw/install/local_setup.ps1'
[46.813s] INFO:colcon.colcon_core.shell:Creating prefix util module '/home/everybot/bt_ws/homecare_robot_core_2026/src/hw/install/_local_setup_util_ps1.py'
[46.818s] INFO:colcon.colcon_core.shell:Creating prefix chain script '/home/everybot/bt_ws/homecare_robot_core_2026/src/hw/install/setup.ps1'
[46.824s] INFO:colcon.colcon_core.shell:Creating prefix script '/home/everybot/bt_ws/homecare_robot_core_2026/src/hw/install/local_setup.sh'
[46.827s] INFO:colcon.colcon_core.shell:Creating prefix util module '/home/everybot/bt_ws/homecare_robot_core_2026/src/hw/install/_local_setup_util_sh.py'
[46.828s] INFO:colcon.colcon_core.shell:Creating prefix chain script '/home/everybot/bt_ws/homecare_robot_core_2026/src/hw/install/setup.sh'
[46.834s] INFO:colcon.colcon_core.shell:Creating prefix script '/home/everybot/bt_ws/homecare_robot_core_2026/src/hw/install/local_setup.bash'
[46.837s] INFO:colcon.colcon_core.shell:Creating prefix chain script '/home/everybot/bt_ws/homecare_robot_core_2026/src/hw/install/setup.bash'
[46.842s] INFO:colcon.colcon_core.shell:Creating prefix script '/home/everybot/bt_ws/homecare_robot_core_2026/src/hw/install/local_setup.zsh'
[46.844s] INFO:colcon.colcon_core.shell:Creating prefix chain script '/home/everybot/bt_ws/homecare_robot_core_2026/src/hw/install/setup.zsh'
