-- Found ament_cmake: 1.3.12 (/opt/ros/humble/share/ament_cmake/cmake)
-- Override CMake install command with custom implementation using symlinks instead of copying resources
-- Found rclcpp: 16.0.16 (/opt/ros/humble/share/rclcpp/cmake)
-- Found rosidl_generator_c: 3.1.7 (/opt/ros/humble/share/rosidl_generator_c/cmake)
-- Found rosidl_adapter: 3.1.7 (/opt/ros/humble/share/rosidl_adapter/cmake)
-- Found rosidl_generator_cpp: 3.1.7 (/opt/ros/humble/share/rosidl_generator_cpp/cmake)
-- Using all available rosidl_typesupport_c: rosidl_typesupport_fastrtps_c;rosidl_typesupport_introspection_c
-- Using all available rosidl_typesupport_cpp: rosidl_typesupport_fastrtps_cpp;rosidl_typesupport_introspection_cpp
-- Found rmw_implementation_cmake: 6.1.2 (/opt/ros/humble/share/rmw_implementation_cmake/cmake)
-- Found rmw_fastrtps_cpp: 6.2.9 (/opt/ros/humble/share/rmw_fastrtps_cpp/cmake)
-- Using RMW implementation 'rmw_fastrtps_cpp' as default
-- Found sensor_msgs: 4.9.0 (/opt/ros/humble/share/sensor_msgs/cmake)
-- Found camera_info_manager: 3.1.12 (/opt/ros/humble/share/camera_info_manager/cmake)
-- Found tf2: 0.25.17 (/opt/ros/humble/share/tf2/cmake)
-- Found tf2_ros: 0.25.17 (/opt/ros/humble/share/tf2_ros/cmake)
-- Found tf2_geometry_msgs: 0.25.17 (/opt/ros/humble/share/tf2_geometry_msgs/cmake)
-- Found eigen3_cmake_module: 0.1.1 (/opt/ros/humble/share/eigen3_cmake_module/cmake)
-- Ensuring Eigen3 include directory is part of orocos-kdl CMake target
-- Found image_transport: 3.1.12 (/opt/ros/humble/share/image_transport/cmake)
-- InuDev SDK found at /opt/Inuitive/InuDev
-- Found InuDev libraries: /opt/Inuitive/InuDev/lib/libInuStreams.so;/opt/Inuitive/InuDev/lib/libInuCommonUtilities.so
[0mLibrary Linking..........[0m
-- Target Install..........
-- Found ament_lint_auto: 0.12.14 (/opt/ros/humble/share/ament_lint_auto/cmake)
-- Added test 'copyright' to check source files copyright and LICENSE
-- Added test 'cppcheck' to perform static code analysis on C / C++ code
-- Configured cppcheck include dirs: /home/everybot/bt_ws/homecare_robot_core_2026/src/hw/src/inusensor_ros2_driver/include
-- Configured cppcheck exclude dirs and/or files: 
-- Added test 'cpplint' to check C / C++ code against the Google style
-- Configured cpplint exclude dirs and/or files: 
-- Added test 'flake8' to check Python code syntax and style conventions
-- Added test 'lint_cmake' to check CMake code style
-- Added test 'pep257' to check Python code against some of the docstring style conventions in PEP 257
-- Added test 'uncrustify' to check C / C++ code style
-- Configured uncrustify additional arguments: 
-- Added test 'xmllint' to check XML markup files
-- Configuring done
-- Generating done
-- Build files have been written to: /home/everybot/bt_ws/homecare_robot_core_2026/src/hw/build/inusensor_ros2_driver
[35m[1mConsolidate compiler generated dependencies of target inusensor_ros2_driver_node[0m
[ 50%] [32mBuilding CXX object CMakeFiles/inusensor_ros2_driver_node.dir/src/inusensor_manager.cpp.o[0m
[ 50%] [32mBuilding CXX object CMakeFiles/inusensor_ros2_driver_node.dir/src/main.cpp.o[0m
[ 75%] [32mBuilding CXX object CMakeFiles/inusensor_ros2_driver_node.dir/src/inusensor_node.cpp.o[0m
In file included from [01m[K/opt/Inuitive/InuDev/include/BaseStream.h:13[m[K,
                 from [01m[K/opt/Inuitive/InuDev/include/BaseOutputStream.h:13[m[K,
                 from [01m[K/opt/Inuitive/InuDev/include/InuSensor.h:15[m[K,
                 from [01m[K/home/everybot/bt_ws/homecare_robot_core_2026/src/hw/src/inusensor_ros2_driver/include/inusensor_ros2_driver/inusensor_manager.hpp:4[m[K,
                 from [01m[K/home/everybot/bt_ws/homecare_robot_core_2026/src/hw/src/inusensor_ros2_driver/src/inusensor_manager.cpp:1[m[K:
[01m[K/opt/Inuitive/InuDev/include/BaseFrame.h:[m[K In constructor ‘[01m[KInuDev::CBaseFrame::CBaseFrame(uint64_t, unsigned int, unsigned int, bool, std::string)[m[K’:
[01m[K/opt/Inuitive/InuDev/include/BaseFrame.h:145:25:[m[K [01;35m[Kwarning: [m[Kunused parameter ‘[01m[KiUserID[m[K’ [[01;35m[K-Wunused-parameter[m[K]
  145 |             [01;35m[Kstd::string iUserID = std::string()[m[K) :
      |             [01;35m[K~~~~~~~~~~~~^~~~~~~~~~~~~~~~~~~~~~~[m[K
In file included from [01m[K/opt/Inuitive/InuDev/include/HwInformation.h:13[m[K,
                 from [01m[K/opt/Inuitive/InuDev/include/InuSensor.h:18[m[K,
                 from [01m[K/home/everybot/bt_ws/homecare_robot_core_2026/src/hw/src/inusensor_ros2_driver/include/inusensor_ros2_driver/inusensor_manager.hpp:4[m[K,
                 from [01m[K/home/everybot/bt_ws/homecare_robot_core_2026/src/hw/src/inusensor_ros2_driver/src/inusensor_manager.cpp:1[m[K:
[01m[K/opt/Inuitive/InuDev/include/GeneralFrame.h:[m[K At global scope:
[01m[K/opt/Inuitive/InuDev/include/GeneralFrame.h:56:24:[m[K [01;35m[Kwarning: [m[Ktype qualifiers ignored on function return type [[01;35m[K-Wignored-qualifiers[m[K]
   56 |         INUSTREAMS_API [01;35m[KInuDev[m[K::byte* const GetData() const { return mData; }
      |                        [01;35m[K^~~~~~[m[K
In file included from [01m[K/opt/Inuitive/InuDev/include/DepthStream.h:14[m[K,
                 from [01m[K/home/everybot/bt_ws/homecare_robot_core_2026/src/hw/src/inusensor_ros2_driver/include/inusensor_ros2_driver/inusensor_manager.hpp:6[m[K,
                 from [01m[K/home/everybot/bt_ws/homecare_robot_core_2026/src/hw/src/inusensor_ros2_driver/src/inusensor_manager.cpp:1[m[K:
[01m[K/opt/Inuitive/InuDev/include/ImageFrame.h:159:9:[m[K [01;35m[Kwarning: [m[Ktype qualifiers ignored on function return type [[01;35m[K-Wignored-qualifiers[m[K]
  159 |         [01;35m[Kconst[m[K uint64_t GetReadoutTime() const { return mReadoutTime; }
      |         [01;35m[K^~~~~[m[K
In file included from [01m[K/opt/Inuitive/InuDev/include/BaseStream.h:13[m[K,
                 from [01m[K/opt/Inuitive/InuDev/include/BaseOutputStream.h:13[m[K,
                 from [01m[K/opt/Inuitive/InuDev/include/InuSensor.h:15[m[K,
                 from [01m[K/home/everybot/bt_ws/homecare_robot_core_2026/src/hw/src/inusensor_ros2_driver/include/inusensor_ros2_driver/inusensor_manager.hpp:4[m[K,
                 from [01m[K/home/everybot/bt_ws/homecare_robot_core_2026/src/hw/src/inusensor_ros2_driver/include/inusensor_ros2_driver/inusensor_node.hpp:18[m[K,
                 from [01m[K/home/everybot/bt_ws/homecare_robot_core_2026/src/hw/src/inusensor_ros2_driver/src/inusensor_node.cpp:1[m[K:
[01m[K/opt/Inuitive/InuDev/include/BaseFrame.h:[m[K In constructor ‘[01m[KInuDev::CBaseFrame::CBaseFrame(uint64_t, unsigned int, unsigned int, bool, std::string)[m[K’:
[01m[K/opt/Inuitive/InuDev/include/BaseFrame.h:145:25:[m[K [01;35m[Kwarning: [m[Kunused parameter ‘[01m[KiUserID[m[K’ [[01;35m[K-Wunused-parameter[m[K]
  145 |             [01;35m[Kstd::string iUserID = std::string()[m[K) :
      |             [01;35m[K~~~~~~~~~~~~^~~~~~~~~~~~~~~~~~~~~~~[m[K
In file included from [01m[K/opt/Inuitive/InuDev/include/BaseStream.h:13[m[K,
                 from [01m[K/opt/Inuitive/InuDev/include/BaseOutputStream.h:13[m[K,
                 from [01m[K/opt/Inuitive/InuDev/include/InuSensor.h:15[m[K,
                 from [01m[K/home/everybot/bt_ws/homecare_robot_core_2026/src/hw/src/inusensor_ros2_driver/include/inusensor_ros2_driver/inusensor_manager.hpp:4[m[K,
                 from [01m[K/home/everybot/bt_ws/homecare_robot_core_2026/src/hw/src/inusensor_ros2_driver/include/inusensor_ros2_driver/inusensor_node.hpp:18[m[K,
                 from [01m[K/home/everybot/bt_ws/homecare_robot_core_2026/src/hw/src/inusensor_ros2_driver/src/main.cpp:2[m[K:
[01m[K/opt/Inuitive/InuDev/include/BaseFrame.h:[m[K In constructor ‘[01m[KInuDev::CBaseFrame::CBaseFrame(uint64_t, unsigned int, unsigned int, bool, std::string)[m[K’:
[01m[K/opt/Inuitive/InuDev/include/BaseFrame.h:145:25:[m[K [01;35m[Kwarning: [m[Kunused parameter ‘[01m[KiUserID[m[K’ [[01;35m[K-Wunused-parameter[m[K]
  145 |             [01;35m[Kstd::string iUserID = std::string()[m[K) :
      |             [01;35m[K~~~~~~~~~~~~^~~~~~~~~~~~~~~~~~~~~~~[m[K
In file included from [01m[K/opt/Inuitive/InuDev/include/HwInformation.h:13[m[K,
                 from [01m[K/opt/Inuitive/InuDev/include/InuSensor.h:18[m[K,
                 from [01m[K/home/everybot/bt_ws/homecare_robot_core_2026/src/hw/src/inusensor_ros2_driver/include/inusensor_ros2_driver/inusensor_manager.hpp:4[m[K,
                 from [01m[K/home/everybot/bt_ws/homecare_robot_core_2026/src/hw/src/inusensor_ros2_driver/include/inusensor_ros2_driver/inusensor_node.hpp:18[m[K,
                 from [01m[K/home/everybot/bt_ws/homecare_robot_core_2026/src/hw/src/inusensor_ros2_driver/src/inusensor_node.cpp:1[m[K:
[01m[K/opt/Inuitive/InuDev/include/GeneralFrame.h:[m[K At global scope:
[01m[K/opt/Inuitive/InuDev/include/GeneralFrame.h:56:24:[m[K [01;35m[Kwarning: [m[Ktype qualifiers ignored on function return type [[01;35m[K-Wignored-qualifiers[m[K]
   56 |         INUSTREAMS_API [01;35m[KInuDev[m[K::byte* const GetData() const { return mData; }
      |                        [01;35m[K^~~~~~[m[K
In file included from [01m[K/opt/Inuitive/InuDev/include/HwInformation.h:13[m[K,
                 from [01m[K/opt/Inuitive/InuDev/include/InuSensor.h:18[m[K,
                 from [01m[K/home/everybot/bt_ws/homecare_robot_core_2026/src/hw/src/inusensor_ros2_driver/include/inusensor_ros2_driver/inusensor_manager.hpp:4[m[K,
                 from [01m[K/home/everybot/bt_ws/homecare_robot_core_2026/src/hw/src/inusensor_ros2_driver/include/inusensor_ros2_driver/inusensor_node.hpp:18[m[K,
                 from [01m[K/home/everybot/bt_ws/homecare_robot_core_2026/src/hw/src/inusensor_ros2_driver/src/main.cpp:2[m[K:
[01m[K/opt/Inuitive/InuDev/include/GeneralFrame.h:[m[K At global scope:
[01m[K/opt/Inuitive/InuDev/include/GeneralFrame.h:56:24:[m[K [01;35m[Kwarning: [m[Ktype qualifiers ignored on function return type [[01;35m[K-Wignored-qualifiers[m[K]
   56 |         INUSTREAMS_API [01;35m[KInuDev[m[K::byte* const GetData() const { return mData; }
      |                        [01;35m[K^~~~~~[m[K
In file included from [01m[K/opt/Inuitive/InuDev/include/DepthStream.h:14[m[K,
                 from [01m[K/home/everybot/bt_ws/homecare_robot_core_2026/src/hw/src/inusensor_ros2_driver/include/inusensor_ros2_driver/inusensor_manager.hpp:6[m[K,
                 from [01m[K/home/everybot/bt_ws/homecare_robot_core_2026/src/hw/src/inusensor_ros2_driver/include/inusensor_ros2_driver/inusensor_node.hpp:18[m[K,
                 from [01m[K/home/everybot/bt_ws/homecare_robot_core_2026/src/hw/src/inusensor_ros2_driver/src/inusensor_node.cpp:1[m[K:
[01m[K/opt/Inuitive/InuDev/include/ImageFrame.h:159:9:[m[K [01;35m[Kwarning: [m[Ktype qualifiers ignored on function return type [[01;35m[K-Wignored-qualifiers[m[K]
  159 |         [01;35m[Kconst[m[K uint64_t GetReadoutTime() const { return mReadoutTime; }
      |         [01;35m[K^~~~~[m[K
In file included from [01m[K/opt/Inuitive/InuDev/include/DepthStream.h:14[m[K,
                 from [01m[K/home/everybot/bt_ws/homecare_robot_core_2026/src/hw/src/inusensor_ros2_driver/include/inusensor_ros2_driver/inusensor_manager.hpp:6[m[K,
                 from [01m[K/home/everybot/bt_ws/homecare_robot_core_2026/src/hw/src/inusensor_ros2_driver/include/inusensor_ros2_driver/inusensor_node.hpp:18[m[K,
                 from [01m[K/home/everybot/bt_ws/homecare_robot_core_2026/src/hw/src/inusensor_ros2_driver/src/main.cpp:2[m[K:
[01m[K/opt/Inuitive/InuDev/include/ImageFrame.h:159:9:[m[K [01;35m[Kwarning: [m[Ktype qualifiers ignored on function return type [[01;35m[K-Wignored-qualifiers[m[K]
  159 |         [01;35m[Kconst[m[K uint64_t GetReadoutTime() const { return mReadoutTime; }
      |         [01;35m[K^~~~~[m[K
In file included from [01m[K/opt/ros/humble/include/rclcpp/rclcpp/logging.hpp:24[m[K,
                 from [01m[K/opt/ros/humble/include/rclcpp/rclcpp/client.hpp:40[m[K,
                 from [01m[K/opt/ros/humble/include/rclcpp/rclcpp/callback_group.hpp:24[m[K,
                 from [01m[K/opt/ros/humble/include/rclcpp/rclcpp/any_executable.hpp:20[m[K,
                 from [01m[K/opt/ros/humble/include/rclcpp/rclcpp/memory_strategy.hpp:25[m[K,
                 from [01m[K/opt/ros/humble/include/rclcpp/rclcpp/memory_strategies.hpp:18[m[K,
                 from [01m[K/opt/ros/humble/include/rclcpp/rclcpp/executor_options.hpp:20[m[K,
                 from [01m[K/opt/ros/humble/include/rclcpp/rclcpp/executor.hpp:37[m[K,
                 from [01m[K/opt/ros/humble/include/rclcpp/rclcpp/executors/multi_threaded_executor.hpp:25[m[K,
                 from [01m[K/opt/ros/humble/include/rclcpp/rclcpp/executors.hpp:21[m[K,
                 from [01m[K/opt/ros/humble/include/rclcpp/rclcpp/rclcpp.hpp:155[m[K,
                 from [01m[K/home/everybot/bt_ws/homecare_robot_core_2026/src/hw/src/inusensor_ros2_driver/include/inusensor_ros2_driver/inusensor_node.hpp:4[m[K,
                 from [01m[K/home/everybot/bt_ws/homecare_robot_core_2026/src/hw/src/inusensor_ros2_driver/src/inusensor_node.cpp:1[m[K:
[01m[K/home/everybot/bt_ws/homecare_robot_core_2026/src/hw/src/inusensor_ros2_driver/src/inusensor_node.cpp:[m[K In member function ‘[01m[Kvoid inusensor_ros2_driver::InuSensorNode::onDepthFrameReceived(std::shared_ptr<InuDev::CDepthStream>, std::shared_ptr<const InuDev::CImageFrame>, InuDev::CInuError)[m[K’:
[01m[K/home/everybot/bt_ws/homecare_robot_core_2026/src/hw/src/inusensor_ros2_driver/src/inusensor_node.cpp:838:30:[m[K [01;35m[Kwarning: [m[Kformat ‘[01m[K%lu[m[K’ expects argument of type ‘[01m[Klong unsigned int[m[K’, but argument 5 has type ‘[01m[Kunsigned int[m[K’ [[01;35m[K-Wformat=[m[K]
  838 |                              [01;35m[K"Invalid depth frame %lu received from SDK"[m[K, [32m[Kframe->FrameIndex[m[K);
      |                              [01;35m[K^~~~~~~~~~~~~~~~~~~~~~~~~~~~~~~~~~~~~~~~~~~[m[K  [32m[K~~~~~~~~~~~~~~~~~[m[K
      |                                                                                  [32m[K|[m[K
      |                                                                                  [32m[Kunsigned int[m[K
[01m[K/home/everybot/bt_ws/homecare_robot_core_2026/src/hw/src/inusensor_ros2_driver/src/inusensor_node.cpp:838:53:[m[K [01;36m[Knote: [m[Kformat string is defined here
  838 |                              "Invalid depth frame [01;36m[K%lu[m[K received from SDK", frame->FrameIndex);
      |                                                   [01;36m[K~~^[m[K
      |                                                     [01;36m[K|[m[K
      |                                                     [01;36m[Klong unsigned int[m[K
      |                                                   [32m[K%u[m[K
[01m[K/home/everybot/bt_ws/homecare_robot_core_2026/src/hw/src/inusensor_ros2_driver/src/inusensor_node.cpp:819:80:[m[K [01;35m[Kwarning: [m[Kunused parameter ‘[01m[Kstream[m[K’ [[01;35m[K-Wunused-parameter[m[K]
  819 | void InuSensorNode::onDepthFrameReceived([01;35m[Kstd::shared_ptr<InuDev::CDepthStream> stream[m[K,
      |                                          [01;35m[K~~~~~~~~~~~~~~~~~~~~~~~~~~~~~~~~~~~~~~^~~~~~[m[K
In file included from [01m[K/opt/ros/humble/include/rclcpp/rclcpp/logging.hpp:24[m[K,
                 from [01m[K/opt/ros/humble/include/rclcpp/rclcpp/client.hpp:40[m[K,
                 from [01m[K/opt/ros/humble/include/rclcpp/rclcpp/callback_group.hpp:24[m[K,
                 from [01m[K/opt/ros/humble/include/rclcpp/rclcpp/any_executable.hpp:20[m[K,
                 from [01m[K/opt/ros/humble/include/rclcpp/rclcpp/memory_strategy.hpp:25[m[K,
                 from [01m[K/opt/ros/humble/include/rclcpp/rclcpp/memory_strategies.hpp:18[m[K,
                 from [01m[K/opt/ros/humble/include/rclcpp/rclcpp/executor_options.hpp:20[m[K,
                 from [01m[K/opt/ros/humble/include/rclcpp/rclcpp/executor.hpp:37[m[K,
                 from [01m[K/opt/ros/humble/include/rclcpp/rclcpp/executors/multi_threaded_executor.hpp:25[m[K,
                 from [01m[K/opt/ros/humble/include/rclcpp/rclcpp/executors.hpp:21[m[K,
                 from [01m[K/opt/ros/humble/include/rclcpp/rclcpp/rclcpp.hpp:155[m[K,
                 from [01m[K/home/everybot/bt_ws/homecare_robot_core_2026/src/hw/src/inusensor_ros2_driver/include/inusensor_ros2_driver/inusensor_node.hpp:4[m[K,
                 from [01m[K/home/everybot/bt_ws/homecare_robot_core_2026/src/hw/src/inusensor_ros2_driver/src/inusensor_node.cpp:1[m[K:
[01m[K/home/everybot/bt_ws/homecare_robot_core_2026/src/hw/src/inusensor_ros2_driver/src/inusensor_node.cpp:[m[K In member function ‘[01m[Kvoid inusensor_ros2_driver::InuSensorNode::onRGBFrameReceived(std::shared_ptr<InuDev::CImageStream>, std::shared_ptr<const InuDev::CImageFrame>, InuDev::CInuError)[m[K’:
[01m[K/home/everybot/bt_ws/homecare_robot_core_2026/src/hw/src/inusensor_ros2_driver/src/inusensor_node.cpp:893:30:[m[K [01;35m[Kwarning: [m[Kformat ‘[01m[K%lu[m[K’ expects argument of type ‘[01m[Klong unsigned int[m[K’, but argument 5 has type ‘[01m[Kunsigned int[m[K’ [[01;35m[K-Wformat=[m[K]
  893 |                              [01;35m[K"Invalid RGB frame %lu received from SDK"[m[K, [32m[Kframe->FrameIndex[m[K);
      |                              [01;35m[K^~~~~~~~~~~~~~~~~~~~~~~~~~~~~~~~~~~~~~~~~[m[K  [32m[K~~~~~~~~~~~~~~~~~[m[K
      |                                                                                [32m[K|[m[K
      |                                                                                [32m[Kunsigned int[m[K
[01m[K/home/everybot/bt_ws/homecare_robot_core_2026/src/hw/src/inusensor_ros2_driver/src/inusensor_node.cpp:893:51:[m[K [01;36m[Knote: [m[Kformat string is defined here
  893 |                              "Invalid RGB frame [01;36m[K%lu[m[K received from SDK", frame->FrameIndex);
      |                                                 [01;36m[K~~^[m[K
      |                                                   [01;36m[K|[m[K
      |                                                   [01;36m[Klong unsigned int[m[K
      |                                                 [32m[K%u[m[K
[01m[K/home/everybot/bt_ws/homecare_robot_core_2026/src/hw/src/inusensor_ros2_driver/src/inusensor_node.cpp:874:78:[m[K [01;35m[Kwarning: [m[Kunused parameter ‘[01m[Kstream[m[K’ [[01;35m[K-Wunused-parameter[m[K]
  874 | void InuSensorNode::onRGBFrameReceived([01;35m[Kstd::shared_ptr<InuDev::CImageStream> stream[m[K,
      |                                        [01;35m[K~~~~~~~~~~~~~~~~~~~~~~~~~~~~~~~~~~~~~~^~~~~~[m[K
In file included from [01m[K/opt/ros/humble/include/rclcpp/rclcpp/logging.hpp:24[m[K,
                 from [01m[K/opt/ros/humble/include/rclcpp/rclcpp/client.hpp:40[m[K,
                 from [01m[K/opt/ros/humble/include/rclcpp/rclcpp/callback_group.hpp:24[m[K,
                 from [01m[K/opt/ros/humble/include/rclcpp/rclcpp/any_executable.hpp:20[m[K,
                 from [01m[K/opt/ros/humble/include/rclcpp/rclcpp/memory_strategy.hpp:25[m[K,
                 from [01m[K/opt/ros/humble/include/rclcpp/rclcpp/memory_strategies.hpp:18[m[K,
                 from [01m[K/opt/ros/humble/include/rclcpp/rclcpp/executor_options.hpp:20[m[K,
                 from [01m[K/opt/ros/humble/include/rclcpp/rclcpp/executor.hpp:37[m[K,
                 from [01m[K/opt/ros/humble/include/rclcpp/rclcpp/executors/multi_threaded_executor.hpp:25[m[K,
                 from [01m[K/opt/ros/humble/include/rclcpp/rclcpp/executors.hpp:21[m[K,
                 from [01m[K/opt/ros/humble/include/rclcpp/rclcpp/rclcpp.hpp:155[m[K,
                 from [01m[K/home/everybot/bt_ws/homecare_robot_core_2026/src/hw/src/inusensor_ros2_driver/include/inusensor_ros2_driver/inusensor_node.hpp:4[m[K,
                 from [01m[K/home/everybot/bt_ws/homecare_robot_core_2026/src/hw/src/inusensor_ros2_driver/src/inusensor_node.cpp:1[m[K:
[01m[K/home/everybot/bt_ws/homecare_robot_core_2026/src/hw/src/inusensor_ros2_driver/src/inusensor_node.cpp:[m[K In member function ‘[01m[Kvoid inusensor_ros2_driver::InuSensorNode::onIMUAccFrame(std::shared_ptr<InuDev::CImuStream>, std::shared_ptr<const InuDev::CImuFrame>, InuDev::CInuError)[m[K’:
[01m[K/home/everybot/bt_ws/homecare_robot_core_2026/src/hw/src/inusensor_ros2_driver/src/inusensor_node.cpp:1260:30:[m[K [01;35m[Kwarning: [m[Kformat ‘[01m[K%lu[m[K’ expects argument of type ‘[01m[Klong unsigned int[m[K’, but argument 5 has type ‘[01m[Kunsigned int[m[K’ [[01;35m[K-Wformat=[m[K]
 1260 |                              [01;35m[K"Invalid IMU ACC frame %lu"[m[K, [32m[Kframe->FrameIndex[m[K);
      |                              [01;35m[K^~~~~~~~~~~~~~~~~~~~~~~~~~~[m[K  [32m[K~~~~~~~~~~~~~~~~~[m[K
      |                                                                  [32m[K|[m[K
      |                                                                  [32m[Kunsigned int[m[K
[01m[K/home/everybot/bt_ws/homecare_robot_core_2026/src/hw/src/inusensor_ros2_driver/src/inusensor_node.cpp:1260:55:[m[K [01;36m[Knote: [m[Kformat string is defined here
 1260 |                              "Invalid IMU ACC frame [01;36m[K%lu[m[K", frame->FrameIndex);
      |                                                     [01;36m[K~~^[m[K
      |                                                       [01;36m[K|[m[K
      |                                                       [01;36m[Klong unsigned int[m[K
      |                                                     [32m[K%u[m[K
[01m[K/home/everybot/bt_ws/homecare_robot_core_2026/src/hw/src/inusensor_ros2_driver/src/inusensor_node.cpp:1247:71:[m[K [01;35m[Kwarning: [m[Kunused parameter ‘[01m[Kstream[m[K’ [[01;35m[K-Wunused-parameter[m[K]
 1247 | void InuSensorNode::onIMUAccFrame([01;35m[Kstd::shared_ptr<InuDev::CImuStream> stream[m[K,
      |                                   [01;35m[K~~~~~~~~~~~~~~~~~~~~~~~~~~~~~~~~~~~~^~~~~~[m[K
In file included from [01m[K/opt/ros/humble/include/rclcpp/rclcpp/logging.hpp:24[m[K,
                 from [01m[K/opt/ros/humble/include/rclcpp/rclcpp/client.hpp:40[m[K,
                 from [01m[K/opt/ros/humble/include/rclcpp/rclcpp/callback_group.hpp:24[m[K,
                 from [01m[K/opt/ros/humble/include/rclcpp/rclcpp/any_executable.hpp:20[m[K,
                 from [01m[K/opt/ros/humble/include/rclcpp/rclcpp/memory_strategy.hpp:25[m[K,
                 from [01m[K/opt/ros/humble/include/rclcpp/rclcpp/memory_strategies.hpp:18[m[K,
                 from [01m[K/opt/ros/humble/include/rclcpp/rclcpp/executor_options.hpp:20[m[K,
                 from [01m[K/opt/ros/humble/include/rclcpp/rclcpp/executor.hpp:37[m[K,
                 from [01m[K/opt/ros/humble/include/rclcpp/rclcpp/executors/multi_threaded_executor.hpp:25[m[K,
                 from [01m[K/opt/ros/humble/include/rclcpp/rclcpp/executors.hpp:21[m[K,
                 from [01m[K/opt/ros/humble/include/rclcpp/rclcpp/rclcpp.hpp:155[m[K,
                 from [01m[K/home/everybot/bt_ws/homecare_robot_core_2026/src/hw/src/inusensor_ros2_driver/include/inusensor_ros2_driver/inusensor_node.hpp:4[m[K,
                 from [01m[K/home/everybot/bt_ws/homecare_robot_core_2026/src/hw/src/inusensor_ros2_driver/src/inusensor_node.cpp:1[m[K:
[01m[K/home/everybot/bt_ws/homecare_robot_core_2026/src/hw/src/inusensor_ros2_driver/src/inusensor_node.cpp:[m[K In member function ‘[01m[Kvoid inusensor_ros2_driver::InuSensorNode::onIMUGyroFrame(std::shared_ptr<InuDev::CImuStream>, std::shared_ptr<const InuDev::CImuFrame>, InuDev::CInuError)[m[K’:
[01m[K/home/everybot/bt_ws/homecare_robot_core_2026/src/hw/src/inusensor_ros2_driver/src/inusensor_node.cpp:1315:30:[m[K [01;35m[Kwarning: [m[Kformat ‘[01m[K%lu[m[K’ expects argument of type ‘[01m[Klong unsigned int[m[K’, but argument 5 has type ‘[01m[Kunsigned int[m[K’ [[01;35m[K-Wformat=[m[K]
 1315 |                              [01;35m[K"Invalid IMU GYRO frame %lu"[m[K, [32m[Kframe->FrameIndex[m[K);
      |                              [01;35m[K^~~~~~~~~~~~~~~~~~~~~~~~~~~~[m[K  [32m[K~~~~~~~~~~~~~~~~~[m[K
      |                                                                   [32m[K|[m[K
      |                                                                   [32m[Kunsigned int[m[K
[01m[K/home/everybot/bt_ws/homecare_robot_core_2026/src/hw/src/inusensor_ros2_driver/src/inusensor_node.cpp:1315:56:[m[K [01;36m[Knote: [m[Kformat string is defined here
 1315 |                              "Invalid IMU GYRO frame [01;36m[K%lu[m[K", frame->FrameIndex);
      |                                                      [01;36m[K~~^[m[K
      |                                                        [01;36m[K|[m[K
      |                                                        [01;36m[Klong unsigned int[m[K
      |                                                      [32m[K%u[m[K
[01m[K/home/everybot/bt_ws/homecare_robot_core_2026/src/hw/src/inusensor_ros2_driver/src/inusensor_node.cpp:1302:72:[m[K [01;35m[Kwarning: [m[Kunused parameter ‘[01m[Kstream[m[K’ [[01;35m[K-Wunused-parameter[m[K]
 1302 | void InuSensorNode::onIMUGyroFrame([01;35m[Kstd::shared_ptr<InuDev::CImuStream> stream[m[K,
      |                                    [01;35m[K~~~~~~~~~~~~~~~~~~~~~~~~~~~~~~~~~~~~^~~~~~[m[K
[100%] [32m[1mLinking CXX executable inusensor_ros2_driver_node[0m
[100%] Built target inusensor_ros2_driver_node
-- Install configuration: ""
-- Execute custom install script
-- Up-to-date symlink: /home/everybot/bt_ws/homecare_robot_core_2026/src/hw/install/inusensor_ros2_driver/lib/inusensor_ros2_driver/inusensor_ros2_driver_node
-- Up-to-date symlink: /home/everybot/bt_ws/homecare_robot_core_2026/src/hw/install/inusensor_ros2_driver/share/inusensor_ros2_driver/launch/inusensor.launch.py
-- Up-to-date symlink: /home/everybot/bt_ws/homecare_robot_core_2026/src/hw/install/inusensor_ros2_driver/share/inusensor_ros2_driver/config/camera_params.yaml
-- Up-to-date symlink: /home/everybot/bt_ws/homecare_robot_core_2026/src/hw/install/inusensor_ros2_driver/share/inusensor_ros2_driver/config/sensor_config.yaml
-- Up-to-date symlink: /home/everybot/bt_ws/homecare_robot_core_2026/src/hw/install/inusensor_ros2_driver/share/inusensor_ros2_driver/urdf/m4_51s.urdf.xacro
-- Up-to-date symlink: /home/everybot/bt_ws/homecare_robot_core_2026/src/hw/install/inusensor_ros2_driver/share/ament_index/resource_index/package_run_dependencies/inusensor_ros2_driver
-- Up-to-date symlink: /home/everybot/bt_ws/homecare_robot_core_2026/src/hw/install/inusensor_ros2_driver/share/ament_index/resource_index/parent_prefix_path/inusensor_ros2_driver
-- Up-to-date symlink: /home/everybot/bt_ws/homecare_robot_core_2026/src/hw/install/inusensor_ros2_driver/share/inusensor_ros2_driver/environment/ament_prefix_path.sh
-- Up-to-date symlink: /home/everybot/bt_ws/homecare_robot_core_2026/src/hw/install/inusensor_ros2_driver/share/inusensor_ros2_driver/environment/ament_prefix_path.dsv
-- Up-to-date symlink: /home/everybot/bt_ws/homecare_robot_core_2026/src/hw/install/inusensor_ros2_driver/share/inusensor_ros2_driver/environment/path.sh
-- Up-to-date symlink: /home/everybot/bt_ws/homecare_robot_core_2026/src/hw/install/inusensor_ros2_driver/share/inusensor_ros2_driver/environment/path.dsv
-- Up-to-date symlink: /home/everybot/bt_ws/homecare_robot_core_2026/src/hw/install/inusensor_ros2_driver/share/inusensor_ros2_driver/local_setup.bash
-- Up-to-date symlink: /home/everybot/bt_ws/homecare_robot_core_2026/src/hw/install/inusensor_ros2_driver/share/inusensor_ros2_driver/local_setup.sh
-- Up-to-date symlink: /home/everybot/bt_ws/homecare_robot_core_2026/src/hw/install/inusensor_ros2_driver/share/inusensor_ros2_driver/local_setup.zsh
-- Up-to-date symlink: /home/everybot/bt_ws/homecare_robot_core_2026/src/hw/install/inusensor_ros2_driver/share/inusensor_ros2_driver/local_setup.dsv
-- Symlinking: /home/everybot/bt_ws/homecare_robot_core_2026/src/hw/install/inusensor_ros2_driver/share/inusensor_ros2_driver/package.dsv
-- Up-to-date symlink: /home/everybot/bt_ws/homecare_robot_core_2026/src/hw/install/inusensor_ros2_driver/share/ament_index/resource_index/packages/inusensor_ros2_driver
-- Up-to-date symlink: /home/everybot/bt_ws/homecare_robot_core_2026/src/hw/install/inusensor_ros2_driver/share/inusensor_ros2_driver/cmake/inusensor_ros2_driverConfig.cmake
-- Up-to-date symlink: /home/everybot/bt_ws/homecare_robot_core_2026/src/hw/install/inusensor_ros2_driver/share/inusensor_ros2_driver/cmake/inusensor_ros2_driverConfig-version.cmake
-- Up-to-date symlink: /home/everybot/bt_ws/homecare_robot_core_2026/src/hw/install/inusensor_ros2_driver/share/inusensor_ros2_driver/package.xml
